CRITICAL - 2021-01-17 00:00:22 --> DOMDocument::save(http://localhost/SistemaVentas/public/myjs/usuarios.xml): failed to open stream: HTTP wrapper does not support writeable connections
#0 [internal function]: CodeIgniter\Debug\Exceptions->errorHandler(2, 'DOMDocument::sa...', 'D:\\xampp\\htdocs...', 32, Array)
#1 D:\xampp\htdocs\SistemaVentas\app\Views\facturacion\create_xml.php(32): DOMDocument->save('http://localhos...')
#2 D:\xampp\htdocs\SistemaVentas\system\View\View.php(246): include('D:\\xampp\\htdocs...')
#3 D:\xampp\htdocs\SistemaVentas\system\Common.php(1119): CodeIgniter\View\View->render('facturacion/cre...', Array, true)
#4 D:\xampp\htdocs\SistemaVentas\app\Controllers\FacturadorController.php(32): view('facturacion/cre...', Array)
#5 D:\xampp\htdocs\SistemaVentas\system\CodeIgniter.php(918): App\Controllers\FacturadorController->enviarsunat()
#6 D:\xampp\htdocs\SistemaVentas\system\CodeIgniter.php(404): CodeIgniter\CodeIgniter->runController(Object(App\Controllers\FacturadorController))
#7 D:\xampp\htdocs\SistemaVentas\system\CodeIgniter.php(312): CodeIgniter\CodeIgniter->handleRequest(NULL, Object(Config\Cache), false)
#8 D:\xampp\htdocs\SistemaVentas\index.php(45): CodeIgniter\CodeIgniter->run()
#9 {main}
CRITICAL - 2021-01-17 00:18:31 --> DOMDocument::save(http://localhost/SistemaVentas/Archivos/xml/usuarios.xml): failed to open stream: HTTP wrapper does not support writeable connections
#0 [internal function]: CodeIgniter\Debug\Exceptions->errorHandler(2, 'DOMDocument::sa...', 'D:\\xampp\\htdocs...', 32, Array)
#1 D:\xampp\htdocs\SistemaVentas\app\Views\facturacion\create_xml.php(32): DOMDocument->save('http://localhos...')
#2 D:\xampp\htdocs\SistemaVentas\system\View\View.php(246): include('D:\\xampp\\htdocs...')
#3 D:\xampp\htdocs\SistemaVentas\system\Common.php(1119): CodeIgniter\View\View->render('facturacion/cre...', Array, true)
#4 D:\xampp\htdocs\SistemaVentas\app\Controllers\FacturadorController.php(32): view('facturacion/cre...', Array)
#5 D:\xampp\htdocs\SistemaVentas\system\CodeIgniter.php(918): App\Controllers\FacturadorController->enviarsunat()
#6 D:\xampp\htdocs\SistemaVentas\system\CodeIgniter.php(404): CodeIgniter\CodeIgniter->runController(Object(App\Controllers\FacturadorController))
#7 D:\xampp\htdocs\SistemaVentas\system\CodeIgniter.php(312): CodeIgniter\CodeIgniter->handleRequest(NULL, Object(Config\Cache), false)
#8 D:\xampp\htdocs\SistemaVentas\index.php(45): CodeIgniter\CodeIgniter->run()
#9 {main}
CRITICAL - 2021-01-17 00:18:43 --> DOMDocument::save(http://localhost/SistemaVentas/Archivos/xml/usuarios.xml): failed to open stream: HTTP wrapper does not support writeable connections
#0 [internal function]: CodeIgniter\Debug\Exceptions->errorHandler(2, 'DOMDocument::sa...', 'D:\\xampp\\htdocs...', 32, Array)
#1 D:\xampp\htdocs\SistemaVentas\app\Views\facturacion\create_xml.php(32): DOMDocument->save('http://localhos...')
#2 D:\xampp\htdocs\SistemaVentas\system\View\View.php(246): include('D:\\xampp\\htdocs...')
#3 D:\xampp\htdocs\SistemaVentas\system\Common.php(1119): CodeIgniter\View\View->render('facturacion/cre...', Array, true)
#4 D:\xampp\htdocs\SistemaVentas\app\Controllers\FacturadorController.php(32): view('facturacion/cre...', Array)
#5 D:\xampp\htdocs\SistemaVentas\system\CodeIgniter.php(918): App\Controllers\FacturadorController->enviarsunat()
#6 D:\xampp\htdocs\SistemaVentas\system\CodeIgniter.php(404): CodeIgniter\CodeIgniter->runController(Object(App\Controllers\FacturadorController))
#7 D:\xampp\htdocs\SistemaVentas\system\CodeIgniter.php(312): CodeIgniter\CodeIgniter->handleRequest(NULL, Object(Config\Cache), false)
#8 D:\xampp\htdocs\SistemaVentas\index.php(45): CodeIgniter\CodeIgniter->run()
#9 {main}
CRITICAL - 2021-01-17 00:20:37 --> DOMDocument::save(http://localhost/SistemaVentas/Archivos/xml/usuarios.xml): failed to open stream: HTTP wrapper does not support writeable connections
#0 [internal function]: CodeIgniter\Debug\Exceptions->errorHandler(2, 'DOMDocument::sa...', 'D:\\xampp\\htdocs...', 32, Array)
#1 D:\xampp\htdocs\SistemaVentas\app\Views\facturacion\create_xml.php(32): DOMDocument->save('http://localhos...')
#2 D:\xampp\htdocs\SistemaVentas\system\View\View.php(246): include('D:\\xampp\\htdocs...')
#3 D:\xampp\htdocs\SistemaVentas\system\Common.php(1119): CodeIgniter\View\View->render('facturacion/cre...', Array, true)
#4 D:\xampp\htdocs\SistemaVentas\app\Controllers\FacturadorController.php(32): view('facturacion/cre...', Array)
#5 D:\xampp\htdocs\SistemaVentas\system\CodeIgniter.php(918): App\Controllers\FacturadorController->enviarsunat()
#6 D:\xampp\htdocs\SistemaVentas\system\CodeIgniter.php(404): CodeIgniter\CodeIgniter->runController(Object(App\Controllers\FacturadorController))
#7 D:\xampp\htdocs\SistemaVentas\system\CodeIgniter.php(312): CodeIgniter\CodeIgniter->handleRequest(NULL, Object(Config\Cache), false)
#8 D:\xampp\htdocs\SistemaVentas\index.php(45): CodeIgniter\CodeIgniter->run()
#9 {main}
CRITICAL - 2021-01-17 00:21:18 --> DOMDocument::save(http://localhost/SistemaVentas/Archivos/xml/usuarios.xml): failed to open stream: HTTP wrapper does not support writeable connections
#0 [internal function]: CodeIgniter\Debug\Exceptions->errorHandler(2, 'DOMDocument::sa...', 'D:\\xampp\\htdocs...', 32, Array)
#1 D:\xampp\htdocs\SistemaVentas\app\Views\facturacion\create_xml.php(32): DOMDocument->save('http://localhos...')
#2 D:\xampp\htdocs\SistemaVentas\system\View\View.php(246): include('D:\\xampp\\htdocs...')
#3 D:\xampp\htdocs\SistemaVentas\system\Common.php(1119): CodeIgniter\View\View->render('facturacion/cre...', Array, true)
#4 D:\xampp\htdocs\SistemaVentas\app\Controllers\FacturadorController.php(32): view('facturacion/cre...', Array)
#5 D:\xampp\htdocs\SistemaVentas\system\CodeIgniter.php(918): App\Controllers\FacturadorController->enviarsunat()
#6 D:\xampp\htdocs\SistemaVentas\system\CodeIgniter.php(404): CodeIgniter\CodeIgniter->runController(Object(App\Controllers\FacturadorController))
#7 D:\xampp\htdocs\SistemaVentas\system\CodeIgniter.php(312): CodeIgniter\CodeIgniter->handleRequest(NULL, Object(Config\Cache), false)
#8 D:\xampp\htdocs\SistemaVentas\index.php(45): CodeIgniter\CodeIgniter->run()
#9 {main}
CRITICAL - 2021-01-17 00:21:27 --> DOMDocument::save(http://localhost/SistemaVentas/Archivos/xml/usuarios.xml): failed to open stream: HTTP wrapper does not support writeable connections
#0 [internal function]: CodeIgniter\Debug\Exceptions->errorHandler(2, 'DOMDocument::sa...', 'D:\\xampp\\htdocs...', 32, Array)
#1 D:\xampp\htdocs\SistemaVentas\app\Views\facturacion\create_xml.php(32): DOMDocument->save('http://localhos...')
#2 D:\xampp\htdocs\SistemaVentas\system\View\View.php(246): include('D:\\xampp\\htdocs...')
#3 D:\xampp\htdocs\SistemaVentas\system\Common.php(1119): CodeIgniter\View\View->render('facturacion/cre...', Array, true)
#4 D:\xampp\htdocs\SistemaVentas\app\Controllers\FacturadorController.php(32): view('facturacion/cre...', Array)
#5 D:\xampp\htdocs\SistemaVentas\system\CodeIgniter.php(918): App\Controllers\FacturadorController->enviarsunat()
#6 D:\xampp\htdocs\SistemaVentas\system\CodeIgniter.php(404): CodeIgniter\CodeIgniter->runController(Object(App\Controllers\FacturadorController))
#7 D:\xampp\htdocs\SistemaVentas\system\CodeIgniter.php(312): CodeIgniter\CodeIgniter->handleRequest(NULL, Object(Config\Cache), false)
#8 D:\xampp\htdocs\SistemaVentas\index.php(45): CodeIgniter\CodeIgniter->run()
#9 {main}
CRITICAL - 2021-01-17 00:27:44 --> DOMDocument::save(http://localhost/SistemaVentas/Archivos/xml/usuarios.xml): failed to open stream: HTTP wrapper does not support writeable connections
#0 [internal function]: CodeIgniter\Debug\Exceptions->errorHandler(2, 'DOMDocument::sa...', 'D:\\xampp\\htdocs...', 32, Array)
#1 D:\xampp\htdocs\SistemaVentas\app\Views\facturacion\create_xml.php(32): DOMDocument->save('http://localhos...')
#2 D:\xampp\htdocs\SistemaVentas\system\View\View.php(246): include('D:\\xampp\\htdocs...')
#3 D:\xampp\htdocs\SistemaVentas\system\Common.php(1119): CodeIgniter\View\View->render('facturacion/cre...', Array, true)
#4 D:\xampp\htdocs\SistemaVentas\app\Controllers\FacturadorController.php(32): view('facturacion/cre...', Array)
#5 D:\xampp\htdocs\SistemaVentas\system\CodeIgniter.php(918): App\Controllers\FacturadorController->enviarsunat()
#6 D:\xampp\htdocs\SistemaVentas\system\CodeIgniter.php(404): CodeIgniter\CodeIgniter->runController(Object(App\Controllers\FacturadorController))
#7 D:\xampp\htdocs\SistemaVentas\system\CodeIgniter.php(312): CodeIgniter\CodeIgniter->handleRequest(NULL, Object(Config\Cache), false)
#8 D:\xampp\htdocs\SistemaVentas\index.php(45): CodeIgniter\CodeIgniter->run()
#9 {main}
CRITICAL - 2021-01-17 00:27:46 --> DOMDocument::save(http://localhost/SistemaVentas/Archivos/xml/usuarios.xml): failed to open stream: HTTP wrapper does not support writeable connections
#0 [internal function]: CodeIgniter\Debug\Exceptions->errorHandler(2, 'DOMDocument::sa...', 'D:\\xampp\\htdocs...', 32, Array)
#1 D:\xampp\htdocs\SistemaVentas\app\Views\facturacion\create_xml.php(32): DOMDocument->save('http://localhos...')
#2 D:\xampp\htdocs\SistemaVentas\system\View\View.php(246): include('D:\\xampp\\htdocs...')
#3 D:\xampp\htdocs\SistemaVentas\system\Common.php(1119): CodeIgniter\View\View->render('facturacion/cre...', Array, true)
#4 D:\xampp\htdocs\SistemaVentas\app\Controllers\FacturadorController.php(32): view('facturacion/cre...', Array)
#5 D:\xampp\htdocs\SistemaVentas\system\CodeIgniter.php(918): App\Controllers\FacturadorController->enviarsunat()
#6 D:\xampp\htdocs\SistemaVentas\system\CodeIgniter.php(404): CodeIgniter\CodeIgniter->runController(Object(App\Controllers\FacturadorController))
#7 D:\xampp\htdocs\SistemaVentas\system\CodeIgniter.php(312): CodeIgniter\CodeIgniter->handleRequest(NULL, Object(Config\Cache), false)
#8 D:\xampp\htdocs\SistemaVentas\index.php(45): CodeIgniter\CodeIgniter->run()
#9 {main}
CRITICAL - 2021-01-17 00:27:53 --> DOMDocument::save(http://localhost/SistemaVentas/Archivos/xml/usuarios.xml): failed to open stream: HTTP wrapper does not support writeable connections
#0 [internal function]: CodeIgniter\Debug\Exceptions->errorHandler(2, 'DOMDocument::sa...', 'D:\\xampp\\htdocs...', 32, Array)
#1 D:\xampp\htdocs\SistemaVentas\app\Views\facturacion\create_xml.php(32): DOMDocument->save('http://localhos...')
#2 D:\xampp\htdocs\SistemaVentas\system\View\View.php(246): include('D:\\xampp\\htdocs...')
#3 D:\xampp\htdocs\SistemaVentas\system\Common.php(1119): CodeIgniter\View\View->render('facturacion/cre...', Array, true)
#4 D:\xampp\htdocs\SistemaVentas\app\Controllers\FacturadorController.php(32): view('facturacion/cre...', Array)
#5 D:\xampp\htdocs\SistemaVentas\system\CodeIgniter.php(918): App\Controllers\FacturadorController->enviarsunat()
#6 D:\xampp\htdocs\SistemaVentas\system\CodeIgniter.php(404): CodeIgniter\CodeIgniter->runController(Object(App\Controllers\FacturadorController))
#7 D:\xampp\htdocs\SistemaVentas\system\CodeIgniter.php(312): CodeIgniter\CodeIgniter->handleRequest(NULL, Object(Config\Cache), false)
#8 D:\xampp\htdocs\SistemaVentas\index.php(45): CodeIgniter\CodeIgniter->run()
#9 {main}
CRITICAL - 2021-01-17 00:28:10 --> DOMDocument::save(http://localhost/SistemaVentas/Archivos/xml/usuarios.xml): failed to open stream: HTTP wrapper does not support writeable connections
#0 [internal function]: CodeIgniter\Debug\Exceptions->errorHandler(2, 'DOMDocument::sa...', 'D:\\xampp\\htdocs...', 32, Array)
#1 D:\xampp\htdocs\SistemaVentas\app\Views\facturacion\create_xml.php(32): DOMDocument->save('http://localhos...')
#2 D:\xampp\htdocs\SistemaVentas\system\View\View.php(246): include('D:\\xampp\\htdocs...')
#3 D:\xampp\htdocs\SistemaVentas\system\Common.php(1119): CodeIgniter\View\View->render('facturacion/cre...', Array, true)
#4 D:\xampp\htdocs\SistemaVentas\app\Controllers\FacturadorController.php(32): view('facturacion/cre...', Array)
#5 D:\xampp\htdocs\SistemaVentas\system\CodeIgniter.php(918): App\Controllers\FacturadorController->enviarsunat()
#6 D:\xampp\htdocs\SistemaVentas\system\CodeIgniter.php(404): CodeIgniter\CodeIgniter->runController(Object(App\Controllers\FacturadorController))
#7 D:\xampp\htdocs\SistemaVentas\system\CodeIgniter.php(312): CodeIgniter\CodeIgniter->handleRequest(NULL, Object(Config\Cache), false)
#8 D:\xampp\htdocs\SistemaVentas\index.php(45): CodeIgniter\CodeIgniter->run()
#9 {main}
CRITICAL - 2021-01-17 00:33:03 --> chmod(): Can not call chmod() for a non-standard stream
#0 [internal function]: CodeIgniter\Debug\Exceptions->errorHandler(2, 'chmod(): Can no...', 'D:\\xampp\\htdocs...', 31, Array)
#1 D:\xampp\htdocs\SistemaVentas\app\Views\facturacion\create_xml.php(31): chmod('http://localhos...', 511)
#2 D:\xampp\htdocs\SistemaVentas\system\View\View.php(246): include('D:\\xampp\\htdocs...')
#3 D:\xampp\htdocs\SistemaVentas\system\Common.php(1119): CodeIgniter\View\View->render('facturacion/cre...', Array, true)
#4 D:\xampp\htdocs\SistemaVentas\app\Controllers\FacturadorController.php(32): view('facturacion/cre...', Array)
#5 D:\xampp\htdocs\SistemaVentas\system\CodeIgniter.php(918): App\Controllers\FacturadorController->enviarsunat()
#6 D:\xampp\htdocs\SistemaVentas\system\CodeIgniter.php(404): CodeIgniter\CodeIgniter->runController(Object(App\Controllers\FacturadorController))
#7 D:\xampp\htdocs\SistemaVentas\system\CodeIgniter.php(312): CodeIgniter\CodeIgniter->handleRequest(NULL, Object(Config\Cache), false)
#8 D:\xampp\htdocs\SistemaVentas\index.php(45): CodeIgniter\CodeIgniter->run()
#9 {main}
CRITICAL - 2021-01-17 00:33:04 --> chmod(): Can not call chmod() for a non-standard stream
#0 [internal function]: CodeIgniter\Debug\Exceptions->errorHandler(2, 'chmod(): Can no...', 'D:\\xampp\\htdocs...', 31, Array)
#1 D:\xampp\htdocs\SistemaVentas\app\Views\facturacion\create_xml.php(31): chmod('http://localhos...', 511)
#2 D:\xampp\htdocs\SistemaVentas\system\View\View.php(246): include('D:\\xampp\\htdocs...')
#3 D:\xampp\htdocs\SistemaVentas\system\Common.php(1119): CodeIgniter\View\View->render('facturacion/cre...', Array, true)
#4 D:\xampp\htdocs\SistemaVentas\app\Controllers\FacturadorController.php(32): view('facturacion/cre...', Array)
#5 D:\xampp\htdocs\SistemaVentas\system\CodeIgniter.php(918): App\Controllers\FacturadorController->enviarsunat()
#6 D:\xampp\htdocs\SistemaVentas\system\CodeIgniter.php(404): CodeIgniter\CodeIgniter->runController(Object(App\Controllers\FacturadorController))
#7 D:\xampp\htdocs\SistemaVentas\system\CodeIgniter.php(312): CodeIgniter\CodeIgniter->handleRequest(NULL, Object(Config\Cache), false)
#8 D:\xampp\htdocs\SistemaVentas\index.php(45): CodeIgniter\CodeIgniter->run()
#9 {main}
CRITICAL - 2021-01-17 00:33:53 --> chmod(): Can not call chmod() for a non-standard stream
#0 [internal function]: CodeIgniter\Debug\Exceptions->errorHandler(2, 'chmod(): Can no...', 'D:\\xampp\\htdocs...', 31, Array)
#1 D:\xampp\htdocs\SistemaVentas\app\Views\facturacion\create_xml.php(31): chmod('http://localhos...', 511)
#2 D:\xampp\htdocs\SistemaVentas\system\View\View.php(246): include('D:\\xampp\\htdocs...')
#3 D:\xampp\htdocs\SistemaVentas\system\Common.php(1119): CodeIgniter\View\View->render('facturacion/cre...', Array, true)
#4 D:\xampp\htdocs\SistemaVentas\app\Controllers\FacturadorController.php(32): view('facturacion/cre...', Array)
#5 D:\xampp\htdocs\SistemaVentas\system\CodeIgniter.php(918): App\Controllers\FacturadorController->enviarsunat()
#6 D:\xampp\htdocs\SistemaVentas\system\CodeIgniter.php(404): CodeIgniter\CodeIgniter->runController(Object(App\Controllers\FacturadorController))
#7 D:\xampp\htdocs\SistemaVentas\system\CodeIgniter.php(312): CodeIgniter\CodeIgniter->handleRequest(NULL, Object(Config\Cache), false)
#8 D:\xampp\htdocs\SistemaVentas\index.php(45): CodeIgniter\CodeIgniter->run()
#9 {main}
CRITICAL - 2021-01-17 00:34:08 --> chmod(): No such file or directory
#0 [internal function]: CodeIgniter\Debug\Exceptions->errorHandler(2, 'chmod(): No suc...', 'D:\\xampp\\htdocs...', 31, Array)
#1 D:\xampp\htdocs\SistemaVentas\app\Views\facturacion\create_xml.php(31): chmod('/Archivos/xml', 511)
#2 D:\xampp\htdocs\SistemaVentas\system\View\View.php(246): include('D:\\xampp\\htdocs...')
#3 D:\xampp\htdocs\SistemaVentas\system\Common.php(1119): CodeIgniter\View\View->render('facturacion/cre...', Array, true)
#4 D:\xampp\htdocs\SistemaVentas\app\Controllers\FacturadorController.php(32): view('facturacion/cre...', Array)
#5 D:\xampp\htdocs\SistemaVentas\system\CodeIgniter.php(918): App\Controllers\FacturadorController->enviarsunat()
#6 D:\xampp\htdocs\SistemaVentas\system\CodeIgniter.php(404): CodeIgniter\CodeIgniter->runController(Object(App\Controllers\FacturadorController))
#7 D:\xampp\htdocs\SistemaVentas\system\CodeIgniter.php(312): CodeIgniter\CodeIgniter->handleRequest(NULL, Object(Config\Cache), false)
#8 D:\xampp\htdocs\SistemaVentas\index.php(45): CodeIgniter\CodeIgniter->run()
#9 {main}
CRITICAL - 2021-01-17 00:34:23 --> chmod(): No such file or directory
#0 [internal function]: CodeIgniter\Debug\Exceptions->errorHandler(2, 'chmod(): No suc...', 'D:\\xampp\\htdocs...', 31, Array)
#1 D:\xampp\htdocs\SistemaVentas\app\Views\facturacion\create_xml.php(31): chmod('../Archivos/xml', 511)
#2 D:\xampp\htdocs\SistemaVentas\system\View\View.php(246): include('D:\\xampp\\htdocs...')
#3 D:\xampp\htdocs\SistemaVentas\system\Common.php(1119): CodeIgniter\View\View->render('facturacion/cre...', Array, true)
#4 D:\xampp\htdocs\SistemaVentas\app\Controllers\FacturadorController.php(32): view('facturacion/cre...', Array)
#5 D:\xampp\htdocs\SistemaVentas\system\CodeIgniter.php(918): App\Controllers\FacturadorController->enviarsunat()
#6 D:\xampp\htdocs\SistemaVentas\system\CodeIgniter.php(404): CodeIgniter\CodeIgniter->runController(Object(App\Controllers\FacturadorController))
#7 D:\xampp\htdocs\SistemaVentas\system\CodeIgniter.php(312): CodeIgniter\CodeIgniter->handleRequest(NULL, Object(Config\Cache), false)
#8 D:\xampp\htdocs\SistemaVentas\index.php(45): CodeIgniter\CodeIgniter->run()
#9 {main}
CRITICAL - 2021-01-17 00:35:14 --> chmod(): Can not call chmod() for a non-standard stream
#0 [internal function]: CodeIgniter\Debug\Exceptions->errorHandler(2, 'chmod(): Can no...', 'D:\\xampp\\htdocs...', 32, Array)
#1 D:\xampp\htdocs\SistemaVentas\app\Views\facturacion\create_xml.php(32): chmod('http://localhos...', 511)
#2 D:\xampp\htdocs\SistemaVentas\system\View\View.php(246): include('D:\\xampp\\htdocs...')
#3 D:\xampp\htdocs\SistemaVentas\system\Common.php(1119): CodeIgniter\View\View->render('facturacion/cre...', Array, true)
#4 D:\xampp\htdocs\SistemaVentas\app\Controllers\FacturadorController.php(32): view('facturacion/cre...', Array)
#5 D:\xampp\htdocs\SistemaVentas\system\CodeIgniter.php(918): App\Controllers\FacturadorController->enviarsunat()
#6 D:\xampp\htdocs\SistemaVentas\system\CodeIgniter.php(404): CodeIgniter\CodeIgniter->runController(Object(App\Controllers\FacturadorController))
#7 D:\xampp\htdocs\SistemaVentas\system\CodeIgniter.php(312): CodeIgniter\CodeIgniter->handleRequest(NULL, Object(Config\Cache), false)
#8 D:\xampp\htdocs\SistemaVentas\index.php(45): CodeIgniter\CodeIgniter->run()
#9 {main}
CRITICAL - 2021-01-17 00:35:53 --> chmod(): No such file or directory
#0 [internal function]: CodeIgniter\Debug\Exceptions->errorHandler(2, 'chmod(): No suc...', 'D:\\xampp\\htdocs...', 31, Array)
#1 D:\xampp\htdocs\SistemaVentas\app\Views\facturacion\create_xml.php(31): chmod('../../Archivos/...', 511)
#2 D:\xampp\htdocs\SistemaVentas\system\View\View.php(246): include('D:\\xampp\\htdocs...')
#3 D:\xampp\htdocs\SistemaVentas\system\Common.php(1119): CodeIgniter\View\View->render('facturacion/cre...', Array, true)
#4 D:\xampp\htdocs\SistemaVentas\app\Controllers\FacturadorController.php(32): view('facturacion/cre...', Array)
#5 D:\xampp\htdocs\SistemaVentas\system\CodeIgniter.php(918): App\Controllers\FacturadorController->enviarsunat()
#6 D:\xampp\htdocs\SistemaVentas\system\CodeIgniter.php(404): CodeIgniter\CodeIgniter->runController(Object(App\Controllers\FacturadorController))
#7 D:\xampp\htdocs\SistemaVentas\system\CodeIgniter.php(312): CodeIgniter\CodeIgniter->handleRequest(NULL, Object(Config\Cache), false)
#8 D:\xampp\htdocs\SistemaVentas\index.php(45): CodeIgniter\CodeIgniter->run()
#9 {main}
CRITICAL - 2021-01-17 00:36:15 --> chmod(): No such file or directory
#0 [internal function]: CodeIgniter\Debug\Exceptions->errorHandler(2, 'chmod(): No suc...', 'D:\\xampp\\htdocs...', 31, Array)
#1 D:\xampp\htdocs\SistemaVentas\app\Views\facturacion\create_xml.php(31): chmod('../../../Archiv...', 511)
#2 D:\xampp\htdocs\SistemaVentas\system\View\View.php(246): include('D:\\xampp\\htdocs...')
#3 D:\xampp\htdocs\SistemaVentas\system\Common.php(1119): CodeIgniter\View\View->render('facturacion/cre...', Array, true)
#4 D:\xampp\htdocs\SistemaVentas\app\Controllers\FacturadorController.php(32): view('facturacion/cre...', Array)
#5 D:\xampp\htdocs\SistemaVentas\system\CodeIgniter.php(918): App\Controllers\FacturadorController->enviarsunat()
#6 D:\xampp\htdocs\SistemaVentas\system\CodeIgniter.php(404): CodeIgniter\CodeIgniter->runController(Object(App\Controllers\FacturadorController))
#7 D:\xampp\htdocs\SistemaVentas\system\CodeIgniter.php(312): CodeIgniter\CodeIgniter->handleRequest(NULL, Object(Config\Cache), false)
#8 D:\xampp\htdocs\SistemaVentas\index.php(45): CodeIgniter\CodeIgniter->run()
#9 {main}
CRITICAL - 2021-01-17 00:39:12 --> chmod(): No such file or directory
#0 [internal function]: CodeIgniter\Debug\Exceptions->errorHandler(2, 'chmod(): No suc...', 'D:\\xampp\\htdocs...', 31, Array)
#1 D:\xampp\htdocs\SistemaVentas\app\Views\facturacion\create_xml.php(31): chmod('../Archivos/xml...', 511)
#2 D:\xampp\htdocs\SistemaVentas\system\View\View.php(246): include('D:\\xampp\\htdocs...')
#3 D:\xampp\htdocs\SistemaVentas\system\Common.php(1119): CodeIgniter\View\View->render('facturacion/cre...', Array, true)
#4 D:\xampp\htdocs\SistemaVentas\app\Controllers\FacturadorController.php(32): view('facturacion/cre...', Array)
#5 D:\xampp\htdocs\SistemaVentas\system\CodeIgniter.php(918): App\Controllers\FacturadorController->enviarsunat()
#6 D:\xampp\htdocs\SistemaVentas\system\CodeIgniter.php(404): CodeIgniter\CodeIgniter->runController(Object(App\Controllers\FacturadorController))
#7 D:\xampp\htdocs\SistemaVentas\system\CodeIgniter.php(312): CodeIgniter\CodeIgniter->handleRequest(NULL, Object(Config\Cache), false)
#8 D:\xampp\htdocs\SistemaVentas\index.php(45): CodeIgniter\CodeIgniter->run()
#9 {main}
CRITICAL - 2021-01-17 00:39:56 --> chmod(): Can not call chmod() for a non-standard stream
#0 [internal function]: CodeIgniter\Debug\Exceptions->errorHandler(2, 'chmod(): Can no...', 'D:\\xampp\\htdocs...', 31, Array)
#1 D:\xampp\htdocs\SistemaVentas\app\Views\facturacion\create_xml.php(31): chmod('http://localhos...', 511)
#2 D:\xampp\htdocs\SistemaVentas\system\View\View.php(246): include('D:\\xampp\\htdocs...')
#3 D:\xampp\htdocs\SistemaVentas\system\Common.php(1119): CodeIgniter\View\View->render('facturacion/cre...', Array, true)
#4 D:\xampp\htdocs\SistemaVentas\app\Controllers\FacturadorController.php(32): view('facturacion/cre...', Array)
#5 D:\xampp\htdocs\SistemaVentas\system\CodeIgniter.php(918): App\Controllers\FacturadorController->enviarsunat()
#6 D:\xampp\htdocs\SistemaVentas\system\CodeIgniter.php(404): CodeIgniter\CodeIgniter->runController(Object(App\Controllers\FacturadorController))
#7 D:\xampp\htdocs\SistemaVentas\system\CodeIgniter.php(312): CodeIgniter\CodeIgniter->handleRequest(NULL, Object(Config\Cache), false)
#8 D:\xampp\htdocs\SistemaVentas\index.php(45): CodeIgniter\CodeIgniter->run()
#9 {main}
CRITICAL - 2021-01-17 00:41:41 --> chmod(): No such file or directory
#0 [internal function]: CodeIgniter\Debug\Exceptions->errorHandler(2, 'chmod(): No suc...', 'D:\\xampp\\htdocs...', 31, Array)
#1 D:\xampp\htdocs\SistemaVentas\app\Views\facturacion\create_xml.php(31): chmod('D:/xampp/htdocs...', 511)
#2 D:\xampp\htdocs\SistemaVentas\system\View\View.php(246): include('D:\\xampp\\htdocs...')
#3 D:\xampp\htdocs\SistemaVentas\system\Common.php(1119): CodeIgniter\View\View->render('facturacion/cre...', Array, true)
#4 D:\xampp\htdocs\SistemaVentas\app\Controllers\FacturadorController.php(32): view('facturacion/cre...', Array)
#5 D:\xampp\htdocs\SistemaVentas\system\CodeIgniter.php(918): App\Controllers\FacturadorController->enviarsunat()
#6 D:\xampp\htdocs\SistemaVentas\system\CodeIgniter.php(404): CodeIgniter\CodeIgniter->runController(Object(App\Controllers\FacturadorController))
#7 D:\xampp\htdocs\SistemaVentas\system\CodeIgniter.php(312): CodeIgniter\CodeIgniter->handleRequest(NULL, Object(Config\Cache), false)
#8 D:\xampp\htdocs\SistemaVentas\index.php(45): CodeIgniter\CodeIgniter->run()
#9 {main}
CRITICAL - 2021-01-17 00:42:26 --> DOMDocument::save(http://localhost/SistemaVentas/Archivos/xml/usuarios.xml): failed to open stream: HTTP wrapper does not support writeable connections
#0 [internal function]: CodeIgniter\Debug\Exceptions->errorHandler(2, 'DOMDocument::sa...', 'D:\\xampp\\htdocs...', 32, Array)
#1 D:\xampp\htdocs\SistemaVentas\app\Views\facturacion\create_xml.php(32): DOMDocument->save('http://localhos...')
#2 D:\xampp\htdocs\SistemaVentas\system\View\View.php(246): include('D:\\xampp\\htdocs...')
#3 D:\xampp\htdocs\SistemaVentas\system\Common.php(1119): CodeIgniter\View\View->render('facturacion/cre...', Array, true)
#4 D:\xampp\htdocs\SistemaVentas\app\Controllers\FacturadorController.php(32): view('facturacion/cre...', Array)
#5 D:\xampp\htdocs\SistemaVentas\system\CodeIgniter.php(918): App\Controllers\FacturadorController->enviarsunat()
#6 D:\xampp\htdocs\SistemaVentas\system\CodeIgniter.php(404): CodeIgniter\CodeIgniter->runController(Object(App\Controllers\FacturadorController))
#7 D:\xampp\htdocs\SistemaVentas\system\CodeIgniter.php(312): CodeIgniter\CodeIgniter->handleRequest(NULL, Object(Config\Cache), false)
#8 D:\xampp\htdocs\SistemaVentas\index.php(45): CodeIgniter\CodeIgniter->run()
#9 {main}
CRITICAL - 2021-01-17 00:43:03 --> DOMDocument::save(http://localhost/SistemaVentas/Archivos/xml/usuarios.xml): failed to open stream: HTTP wrapper does not support writeable connections
#0 [internal function]: CodeIgniter\Debug\Exceptions->errorHandler(2, 'DOMDocument::sa...', 'D:\\xampp\\htdocs...', 32, Array)
#1 D:\xampp\htdocs\SistemaVentas\app\Views\facturacion\create_xml.php(32): DOMDocument->save('http://localhos...')
#2 D:\xampp\htdocs\SistemaVentas\system\View\View.php(246): include('D:\\xampp\\htdocs...')
#3 D:\xampp\htdocs\SistemaVentas\system\Common.php(1119): CodeIgniter\View\View->render('facturacion/cre...', Array, true)
#4 D:\xampp\htdocs\SistemaVentas\app\Controllers\FacturadorController.php(32): view('facturacion/cre...', Array)
#5 D:\xampp\htdocs\SistemaVentas\system\CodeIgniter.php(918): App\Controllers\FacturadorController->enviarsunat()
#6 D:\xampp\htdocs\SistemaVentas\system\CodeIgniter.php(404): CodeIgniter\CodeIgniter->runController(Object(App\Controllers\FacturadorController))
#7 D:\xampp\htdocs\SistemaVentas\system\CodeIgniter.php(312): CodeIgniter\CodeIgniter->handleRequest(NULL, Object(Config\Cache), false)
#8 D:\xampp\htdocs\SistemaVentas\index.php(45): CodeIgniter\CodeIgniter->run()
#9 {main}
CRITICAL - 2021-01-17 00:48:46 --> DOMDocument::save(http://localhost/SistemaVentas/Archivos/xml/usuarios.xml): failed to open stream: HTTP wrapper does not support writeable connections
#0 [internal function]: CodeIgniter\Debug\Exceptions->errorHandler(2, 'DOMDocument::sa...', 'D:\\xampp\\htdocs...', 32, Array)
#1 D:\xampp\htdocs\SistemaVentas\app\Views\facturacion\create_xml.php(32): DOMDocument->save('http://localhos...')
#2 D:\xampp\htdocs\SistemaVentas\system\View\View.php(246): include('D:\\xampp\\htdocs...')
#3 D:\xampp\htdocs\SistemaVentas\system\Common.php(1119): CodeIgniter\View\View->render('facturacion/cre...', Array, true)
#4 D:\xampp\htdocs\SistemaVentas\app\Controllers\FacturadorController.php(32): view('facturacion/cre...', Array)
#5 D:\xampp\htdocs\SistemaVentas\system\CodeIgniter.php(918): App\Controllers\FacturadorController->enviarsunat()
#6 D:\xampp\htdocs\SistemaVentas\system\CodeIgniter.php(404): CodeIgniter\CodeIgniter->runController(Object(App\Controllers\FacturadorController))
#7 D:\xampp\htdocs\SistemaVentas\system\CodeIgniter.php(312): CodeIgniter\CodeIgniter->handleRequest(NULL, Object(Config\Cache), false)
#8 D:\xampp\htdocs\SistemaVentas\index.php(45): CodeIgniter\CodeIgniter->run()
#9 {main}
CRITICAL - 2021-01-17 00:48:48 --> DOMDocument::save(http://localhost/SistemaVentas/Archivos/xml/usuarios.xml): failed to open stream: HTTP wrapper does not support writeable connections
#0 [internal function]: CodeIgniter\Debug\Exceptions->errorHandler(2, 'DOMDocument::sa...', 'D:\\xampp\\htdocs...', 32, Array)
#1 D:\xampp\htdocs\SistemaVentas\app\Views\facturacion\create_xml.php(32): DOMDocument->save('http://localhos...')
#2 D:\xampp\htdocs\SistemaVentas\system\View\View.php(246): include('D:\\xampp\\htdocs...')
#3 D:\xampp\htdocs\SistemaVentas\system\Common.php(1119): CodeIgniter\View\View->render('facturacion/cre...', Array, true)
#4 D:\xampp\htdocs\SistemaVentas\app\Controllers\FacturadorController.php(32): view('facturacion/cre...', Array)
#5 D:\xampp\htdocs\SistemaVentas\system\CodeIgniter.php(918): App\Controllers\FacturadorController->enviarsunat()
#6 D:\xampp\htdocs\SistemaVentas\system\CodeIgniter.php(404): CodeIgniter\CodeIgniter->runController(Object(App\Controllers\FacturadorController))
#7 D:\xampp\htdocs\SistemaVentas\system\CodeIgniter.php(312): CodeIgniter\CodeIgniter->handleRequest(NULL, Object(Config\Cache), false)
#8 D:\xampp\htdocs\SistemaVentas\index.php(45): CodeIgniter\CodeIgniter->run()
#9 {main}
CRITICAL - 2021-01-17 00:48:50 --> DOMDocument::save(http://localhost/SistemaVentas/Archivos/xml/usuarios.xml): failed to open stream: HTTP wrapper does not support writeable connections
#0 [internal function]: CodeIgniter\Debug\Exceptions->errorHandler(2, 'DOMDocument::sa...', 'D:\\xampp\\htdocs...', 32, Array)
#1 D:\xampp\htdocs\SistemaVentas\app\Views\facturacion\create_xml.php(32): DOMDocument->save('http://localhos...')
#2 D:\xampp\htdocs\SistemaVentas\system\View\View.php(246): include('D:\\xampp\\htdocs...')
#3 D:\xampp\htdocs\SistemaVentas\system\Common.php(1119): CodeIgniter\View\View->render('facturacion/cre...', Array, true)
#4 D:\xampp\htdocs\SistemaVentas\app\Controllers\FacturadorController.php(32): view('facturacion/cre...', Array)
#5 D:\xampp\htdocs\SistemaVentas\system\CodeIgniter.php(918): App\Controllers\FacturadorController->enviarsunat()
#6 D:\xampp\htdocs\SistemaVentas\system\CodeIgniter.php(404): CodeIgniter\CodeIgniter->runController(Object(App\Controllers\FacturadorController))
#7 D:\xampp\htdocs\SistemaVentas\system\CodeIgniter.php(312): CodeIgniter\CodeIgniter->handleRequest(NULL, Object(Config\Cache), false)
#8 D:\xampp\htdocs\SistemaVentas\index.php(45): CodeIgniter\CodeIgniter->run()
#9 {main}
CRITICAL - 2021-01-17 00:50:32 --> DOMDocument::save(http://localhost/SistemaVentas/Archivos/xml/usuarios.xml): failed to open stream: HTTP wrapper does not support writeable connections
#0 [internal function]: CodeIgniter\Debug\Exceptions->errorHandler(2, 'DOMDocument::sa...', 'D:\\xampp\\htdocs...', 32, Array)
#1 D:\xampp\htdocs\SistemaVentas\app\Views\facturacion\create_xml.php(32): DOMDocument->save('http://localhos...')
#2 D:\xampp\htdocs\SistemaVentas\system\View\View.php(246): include('D:\\xampp\\htdocs...')
#3 D:\xampp\htdocs\SistemaVentas\system\Common.php(1119): CodeIgniter\View\View->render('facturacion/cre...', Array, true)
#4 D:\xampp\htdocs\SistemaVentas\app\Controllers\FacturadorController.php(32): view('facturacion/cre...', Array)
#5 D:\xampp\htdocs\SistemaVentas\system\CodeIgniter.php(918): App\Controllers\FacturadorController->enviarsunat()
#6 D:\xampp\htdocs\SistemaVentas\system\CodeIgniter.php(404): CodeIgniter\CodeIgniter->runController(Object(App\Controllers\FacturadorController))
#7 D:\xampp\htdocs\SistemaVentas\system\CodeIgniter.php(312): CodeIgniter\CodeIgniter->handleRequest(NULL, Object(Config\Cache), false)
#8 D:\xampp\htdocs\SistemaVentas\index.php(45): CodeIgniter\CodeIgniter->run()
#9 {main}
CRITICAL - 2021-01-17 00:50:38 --> DOMDocument::save(http://localhost/SistemaVentas/Archivos/xml/usuarios.xml): failed to open stream: HTTP wrapper does not support writeable connections
#0 [internal function]: CodeIgniter\Debug\Exceptions->errorHandler(2, 'DOMDocument::sa...', 'D:\\xampp\\htdocs...', 32, Array)
#1 D:\xampp\htdocs\SistemaVentas\app\Views\facturacion\create_xml.php(32): DOMDocument->save('http://localhos...')
#2 D:\xampp\htdocs\SistemaVentas\system\View\View.php(246): include('D:\\xampp\\htdocs...')
#3 D:\xampp\htdocs\SistemaVentas\system\Common.php(1119): CodeIgniter\View\View->render('facturacion/cre...', Array, true)
#4 D:\xampp\htdocs\SistemaVentas\app\Controllers\FacturadorController.php(32): view('facturacion/cre...', Array)
#5 D:\xampp\htdocs\SistemaVentas\system\CodeIgniter.php(918): App\Controllers\FacturadorController->enviarsunat()
#6 D:\xampp\htdocs\SistemaVentas\system\CodeIgniter.php(404): CodeIgniter\CodeIgniter->runController(Object(App\Controllers\FacturadorController))
#7 D:\xampp\htdocs\SistemaVentas\system\CodeIgniter.php(312): CodeIgniter\CodeIgniter->handleRequest(NULL, Object(Config\Cache), false)
#8 D:\xampp\htdocs\SistemaVentas\index.php(45): CodeIgniter\CodeIgniter->run()
#9 {main}
CRITICAL - 2021-01-17 00:53:43 --> DOMDocument::save(D:/xampp/htdocs/SistemaVentas/Archivos/xml/usuarios.xml): failed to open stream: Permission denied
#0 [internal function]: CodeIgniter\Debug\Exceptions->errorHandler(2, 'DOMDocument::sa...', 'D:\\xampp\\htdocs...', 32, Array)
#1 D:\xampp\htdocs\SistemaVentas\app\Views\facturacion\create_xml.php(32): DOMDocument->save('D:/xampp/htdocs...')
#2 D:\xampp\htdocs\SistemaVentas\system\View\View.php(246): include('D:\\xampp\\htdocs...')
#3 D:\xampp\htdocs\SistemaVentas\system\Common.php(1119): CodeIgniter\View\View->render('facturacion/cre...', Array, true)
#4 D:\xampp\htdocs\SistemaVentas\app\Controllers\FacturadorController.php(32): view('facturacion/cre...', Array)
#5 D:\xampp\htdocs\SistemaVentas\system\CodeIgniter.php(918): App\Controllers\FacturadorController->enviarsunat()
#6 D:\xampp\htdocs\SistemaVentas\system\CodeIgniter.php(404): CodeIgniter\CodeIgniter->runController(Object(App\Controllers\FacturadorController))
#7 D:\xampp\htdocs\SistemaVentas\system\CodeIgniter.php(312): CodeIgniter\CodeIgniter->handleRequest(NULL, Object(Config\Cache), false)
#8 D:\xampp\htdocs\SistemaVentas\index.php(45): CodeIgniter\CodeIgniter->run()
#9 {main}
CRITICAL - 2021-01-17 00:54:52 --> DOMDocument::save(D:/xampp/htdocs/SistemaVentas/Archivos/xml/usuarios.xml): failed to open stream: Permission denied
#0 [internal function]: CodeIgniter\Debug\Exceptions->errorHandler(2, 'DOMDocument::sa...', 'D:\\xampp\\htdocs...', 32, Array)
#1 D:\xampp\htdocs\SistemaVentas\app\Views\facturacion\create_xml.php(32): DOMDocument->save('D:/xampp/htdocs...')
#2 D:\xampp\htdocs\SistemaVentas\system\View\View.php(246): include('D:\\xampp\\htdocs...')
#3 D:\xampp\htdocs\SistemaVentas\system\Common.php(1119): CodeIgniter\View\View->render('facturacion/cre...', Array, true)
#4 D:\xampp\htdocs\SistemaVentas\app\Controllers\FacturadorController.php(32): view('facturacion/cre...', Array)
#5 D:\xampp\htdocs\SistemaVentas\system\CodeIgniter.php(918): App\Controllers\FacturadorController->enviarsunat()
#6 D:\xampp\htdocs\SistemaVentas\system\CodeIgniter.php(404): CodeIgniter\CodeIgniter->runController(Object(App\Controllers\FacturadorController))
#7 D:\xampp\htdocs\SistemaVentas\system\CodeIgniter.php(312): CodeIgniter\CodeIgniter->handleRequest(NULL, Object(Config\Cache), false)
#8 D:\xampp\htdocs\SistemaVentas\index.php(45): CodeIgniter\CodeIgniter->run()
#9 {main}
CRITICAL - 2021-01-17 00:55:14 --> DOMDocument::save(D:/xampp/htdocs/SistemaVentas/Archivos/xml/usuarios.xml): failed to open stream: Permission denied
#0 [internal function]: CodeIgniter\Debug\Exceptions->errorHandler(2, 'DOMDocument::sa...', 'D:\\xampp\\htdocs...', 32, Array)
#1 D:\xampp\htdocs\SistemaVentas\app\Views\facturacion\create_xml.php(32): DOMDocument->save('D:/xampp/htdocs...')
#2 D:\xampp\htdocs\SistemaVentas\system\View\View.php(246): include('D:\\xampp\\htdocs...')
#3 D:\xampp\htdocs\SistemaVentas\system\Common.php(1119): CodeIgniter\View\View->render('facturacion/cre...', Array, true)
#4 D:\xampp\htdocs\SistemaVentas\app\Controllers\FacturadorController.php(32): view('facturacion/cre...', Array)
#5 D:\xampp\htdocs\SistemaVentas\system\CodeIgniter.php(918): App\Controllers\FacturadorController->enviarsunat()
#6 D:\xampp\htdocs\SistemaVentas\system\CodeIgniter.php(404): CodeIgniter\CodeIgniter->runController(Object(App\Controllers\FacturadorController))
#7 D:\xampp\htdocs\SistemaVentas\system\CodeIgniter.php(312): CodeIgniter\CodeIgniter->handleRequest(NULL, Object(Config\Cache), false)
#8 D:\xampp\htdocs\SistemaVentas\index.php(45): CodeIgniter\CodeIgniter->run()
#9 {main}
CRITICAL - 2021-01-17 00:55:16 --> DOMDocument::save(D:/xampp/htdocs/SistemaVentas/Archivos/xml/usuarios.xml): failed to open stream: Permission denied
#0 [internal function]: CodeIgniter\Debug\Exceptions->errorHandler(2, 'DOMDocument::sa...', 'D:\\xampp\\htdocs...', 32, Array)
#1 D:\xampp\htdocs\SistemaVentas\app\Views\facturacion\create_xml.php(32): DOMDocument->save('D:/xampp/htdocs...')
#2 D:\xampp\htdocs\SistemaVentas\system\View\View.php(246): include('D:\\xampp\\htdocs...')
#3 D:\xampp\htdocs\SistemaVentas\system\Common.php(1119): CodeIgniter\View\View->render('facturacion/cre...', Array, true)
#4 D:\xampp\htdocs\SistemaVentas\app\Controllers\FacturadorController.php(32): view('facturacion/cre...', Array)
#5 D:\xampp\htdocs\SistemaVentas\system\CodeIgniter.php(918): App\Controllers\FacturadorController->enviarsunat()
#6 D:\xampp\htdocs\SistemaVentas\system\CodeIgniter.php(404): CodeIgniter\CodeIgniter->runController(Object(App\Controllers\FacturadorController))
#7 D:\xampp\htdocs\SistemaVentas\system\CodeIgniter.php(312): CodeIgniter\CodeIgniter->handleRequest(NULL, Object(Config\Cache), false)
#8 D:\xampp\htdocs\SistemaVentas\index.php(45): CodeIgniter\CodeIgniter->run()
#9 {main}
CRITICAL - 2021-01-17 00:57:19 --> DOMDocument::save(D:/xampp/htdocs/SistemaVentas/Archivos/xml/usuarios.xml): failed to open stream: Permission denied
#0 [internal function]: CodeIgniter\Debug\Exceptions->errorHandler(2, 'DOMDocument::sa...', 'D:\\xampp\\htdocs...', 32, Array)
#1 D:\xampp\htdocs\SistemaVentas\app\Views\facturacion\create_xml.php(32): DOMDocument->save('D:/xampp/htdocs...')
#2 D:\xampp\htdocs\SistemaVentas\system\View\View.php(246): include('D:\\xampp\\htdocs...')
#3 D:\xampp\htdocs\SistemaVentas\system\Common.php(1119): CodeIgniter\View\View->render('facturacion/cre...', Array, true)
#4 D:\xampp\htdocs\SistemaVentas\app\Controllers\FacturadorController.php(32): view('facturacion/cre...', Array)
#5 D:\xampp\htdocs\SistemaVentas\system\CodeIgniter.php(918): App\Controllers\FacturadorController->enviarsunat()
#6 D:\xampp\htdocs\SistemaVentas\system\CodeIgniter.php(404): CodeIgniter\CodeIgniter->runController(Object(App\Controllers\FacturadorController))
#7 D:\xampp\htdocs\SistemaVentas\system\CodeIgniter.php(312): CodeIgniter\CodeIgniter->handleRequest(NULL, Object(Config\Cache), false)
#8 D:\xampp\htdocs\SistemaVentas\index.php(45): CodeIgniter\CodeIgniter->run()
#9 {main}
CRITICAL - 2021-01-17 00:57:28 --> DOMDocument::save(D:/xampp/htdocs/SistemaVentas/Archivos/xml/usuarios.xml): failed to open stream: Permission denied
#0 [internal function]: CodeIgniter\Debug\Exceptions->errorHandler(2, 'DOMDocument::sa...', 'D:\\xampp\\htdocs...', 32, Array)
#1 D:\xampp\htdocs\SistemaVentas\app\Views\facturacion\create_xml.php(32): DOMDocument->save('D:/xampp/htdocs...')
#2 D:\xampp\htdocs\SistemaVentas\system\View\View.php(246): include('D:\\xampp\\htdocs...')
#3 D:\xampp\htdocs\SistemaVentas\system\Common.php(1119): CodeIgniter\View\View->render('facturacion/cre...', Array, true)
#4 D:\xampp\htdocs\SistemaVentas\app\Controllers\FacturadorController.php(32): view('facturacion/cre...', Array)
#5 D:\xampp\htdocs\SistemaVentas\system\CodeIgniter.php(918): App\Controllers\FacturadorController->enviarsunat()
#6 D:\xampp\htdocs\SistemaVentas\system\CodeIgniter.php(404): CodeIgniter\CodeIgniter->runController(Object(App\Controllers\FacturadorController))
#7 D:\xampp\htdocs\SistemaVentas\system\CodeIgniter.php(312): CodeIgniter\CodeIgniter->handleRequest(NULL, Object(Config\Cache), false)
#8 D:\xampp\htdocs\SistemaVentas\index.php(45): CodeIgniter\CodeIgniter->run()
#9 {main}
CRITICAL - 2021-01-17 00:57:54 --> DOMDocument::save(D:/xampp/htdocs/SistemaVentas/Archivos/xml/usuarios.xml): failed to open stream: Permission denied
#0 [internal function]: CodeIgniter\Debug\Exceptions->errorHandler(2, 'DOMDocument::sa...', 'D:\\xampp\\htdocs...', 32, Array)
#1 D:\xampp\htdocs\SistemaVentas\app\Views\facturacion\create_xml.php(32): DOMDocument->save('D:/xampp/htdocs...')
#2 D:\xampp\htdocs\SistemaVentas\system\View\View.php(246): include('D:\\xampp\\htdocs...')
#3 D:\xampp\htdocs\SistemaVentas\system\Common.php(1119): CodeIgniter\View\View->render('facturacion/cre...', Array, true)
#4 D:\xampp\htdocs\SistemaVentas\app\Controllers\FacturadorController.php(32): view('facturacion/cre...', Array)
#5 D:\xampp\htdocs\SistemaVentas\system\CodeIgniter.php(918): App\Controllers\FacturadorController->enviarsunat()
#6 D:\xampp\htdocs\SistemaVentas\system\CodeIgniter.php(404): CodeIgniter\CodeIgniter->runController(Object(App\Controllers\FacturadorController))
#7 D:\xampp\htdocs\SistemaVentas\system\CodeIgniter.php(312): CodeIgniter\CodeIgniter->handleRequest(NULL, Object(Config\Cache), false)
#8 D:\xampp\htdocs\SistemaVentas\index.php(45): CodeIgniter\CodeIgniter->run()
#9 {main}
CRITICAL - 2021-01-17 01:00:11 --> DOMDocument::save(D:/xampp/htdocs/SistemaVentas/Archivos/xml/usuarios.xml): failed to open stream: Permission denied
#0 [internal function]: CodeIgniter\Debug\Exceptions->errorHandler(2, 'DOMDocument::sa...', 'D:\\xampp\\htdocs...', 32, Array)
#1 D:\xampp\htdocs\SistemaVentas\app\Views\facturacion\create_xml.php(32): DOMDocument->save('D:/xampp/htdocs...')
#2 D:\xampp\htdocs\SistemaVentas\system\View\View.php(246): include('D:\\xampp\\htdocs...')
#3 D:\xampp\htdocs\SistemaVentas\system\Common.php(1119): CodeIgniter\View\View->render('facturacion/cre...', Array, true)
#4 D:\xampp\htdocs\SistemaVentas\app\Controllers\FacturadorController.php(32): view('facturacion/cre...', Array)
#5 D:\xampp\htdocs\SistemaVentas\system\CodeIgniter.php(918): App\Controllers\FacturadorController->enviarsunat()
#6 D:\xampp\htdocs\SistemaVentas\system\CodeIgniter.php(404): CodeIgniter\CodeIgniter->runController(Object(App\Controllers\FacturadorController))
#7 D:\xampp\htdocs\SistemaVentas\system\CodeIgniter.php(312): CodeIgniter\CodeIgniter->handleRequest(NULL, Object(Config\Cache), false)
#8 D:\xampp\htdocs\SistemaVentas\index.php(45): CodeIgniter\CodeIgniter->run()
#9 {main}
CRITICAL - 2021-01-17 01:03:40 --> chmod(): Can not call chmod() for a non-standard stream
#0 [internal function]: CodeIgniter\Debug\Exceptions->errorHandler(2, 'chmod(): Can no...', 'D:\\xampp\\htdocs...', 33, Array)
#1 D:\xampp\htdocs\SistemaVentas\app\Views\facturacion\create_xml.php(33): chmod('http://localhos...', 511)
#2 D:\xampp\htdocs\SistemaVentas\system\View\View.php(246): include('D:\\xampp\\htdocs...')
#3 D:\xampp\htdocs\SistemaVentas\system\Common.php(1119): CodeIgniter\View\View->render('facturacion/cre...', Array, true)
#4 D:\xampp\htdocs\SistemaVentas\app\Controllers\FacturadorController.php(32): view('facturacion/cre...', Array)
#5 D:\xampp\htdocs\SistemaVentas\system\CodeIgniter.php(918): App\Controllers\FacturadorController->enviarsunat()
#6 D:\xampp\htdocs\SistemaVentas\system\CodeIgniter.php(404): CodeIgniter\CodeIgniter->runController(Object(App\Controllers\FacturadorController))
#7 D:\xampp\htdocs\SistemaVentas\system\CodeIgniter.php(312): CodeIgniter\CodeIgniter->handleRequest(NULL, Object(Config\Cache), false)
#8 D:\xampp\htdocs\SistemaVentas\index.php(45): CodeIgniter\CodeIgniter->run()
#9 {main}
CRITICAL - 2021-01-17 01:07:22 --> DOMDocument::save(D:/xampp/htdocs/SistemaVentas/Archivos/xml/usuarios.xml): failed to open stream: Permission denied
#0 [internal function]: CodeIgniter\Debug\Exceptions->errorHandler(2, 'DOMDocument::sa...', 'D:\\xampp\\htdocs...', 32, Array)
#1 D:\xampp\htdocs\SistemaVentas\app\Views\facturacion\create_xml.php(32): DOMDocument->save('D:/xampp/htdocs...')
#2 D:\xampp\htdocs\SistemaVentas\system\View\View.php(246): include('D:\\xampp\\htdocs...')
#3 D:\xampp\htdocs\SistemaVentas\system\Common.php(1119): CodeIgniter\View\View->render('facturacion/cre...', Array, true)
#4 D:\xampp\htdocs\SistemaVentas\app\Controllers\FacturadorController.php(32): view('facturacion/cre...', Array)
#5 D:\xampp\htdocs\SistemaVentas\system\CodeIgniter.php(918): App\Controllers\FacturadorController->enviarsunat()
#6 D:\xampp\htdocs\SistemaVentas\system\CodeIgniter.php(404): CodeIgniter\CodeIgniter->runController(Object(App\Controllers\FacturadorController))
#7 D:\xampp\htdocs\SistemaVentas\system\CodeIgniter.php(312): CodeIgniter\CodeIgniter->handleRequest(NULL, Object(Config\Cache), false)
#8 D:\xampp\htdocs\SistemaVentas\index.php(45): CodeIgniter\CodeIgniter->run()
#9 {main}
CRITICAL - 2021-01-17 01:08:49 --> DOMDocument::save(D:/xampp/htdocs/SistemaVentas/Archivos/xml/usuarios.xml): failed to open stream: Permission denied
#0 [internal function]: CodeIgniter\Debug\Exceptions->errorHandler(2, 'DOMDocument::sa...', 'D:\\xampp\\htdocs...', 32, Array)
#1 D:\xampp\htdocs\SistemaVentas\app\Views\facturacion\create_xml.php(32): DOMDocument->save('D:/xampp/htdocs...')
#2 D:\xampp\htdocs\SistemaVentas\system\View\View.php(246): include('D:\\xampp\\htdocs...')
#3 D:\xampp\htdocs\SistemaVentas\system\Common.php(1119): CodeIgniter\View\View->render('facturacion/cre...', Array, true)
#4 D:\xampp\htdocs\SistemaVentas\app\Controllers\FacturadorController.php(32): view('facturacion/cre...', Array)
#5 D:\xampp\htdocs\SistemaVentas\system\CodeIgniter.php(918): App\Controllers\FacturadorController->enviarsunat()
#6 D:\xampp\htdocs\SistemaVentas\system\CodeIgniter.php(404): CodeIgniter\CodeIgniter->runController(Object(App\Controllers\FacturadorController))
#7 D:\xampp\htdocs\SistemaVentas\system\CodeIgniter.php(312): CodeIgniter\CodeIgniter->handleRequest(NULL, Object(Config\Cache), false)
#8 D:\xampp\htdocs\SistemaVentas\index.php(45): CodeIgniter\CodeIgniter->run()
#9 {main}
CRITICAL - 2021-01-17 01:08:51 --> DOMDocument::save(D:/xampp/htdocs/SistemaVentas/Archivos/xml/usuarios.xml): failed to open stream: Permission denied
#0 [internal function]: CodeIgniter\Debug\Exceptions->errorHandler(2, 'DOMDocument::sa...', 'D:\\xampp\\htdocs...', 32, Array)
#1 D:\xampp\htdocs\SistemaVentas\app\Views\facturacion\create_xml.php(32): DOMDocument->save('D:/xampp/htdocs...')
#2 D:\xampp\htdocs\SistemaVentas\system\View\View.php(246): include('D:\\xampp\\htdocs...')
#3 D:\xampp\htdocs\SistemaVentas\system\Common.php(1119): CodeIgniter\View\View->render('facturacion/cre...', Array, true)
#4 D:\xampp\htdocs\SistemaVentas\app\Controllers\FacturadorController.php(32): view('facturacion/cre...', Array)
#5 D:\xampp\htdocs\SistemaVentas\system\CodeIgniter.php(918): App\Controllers\FacturadorController->enviarsunat()
#6 D:\xampp\htdocs\SistemaVentas\system\CodeIgniter.php(404): CodeIgniter\CodeIgniter->runController(Object(App\Controllers\FacturadorController))
#7 D:\xampp\htdocs\SistemaVentas\system\CodeIgniter.php(312): CodeIgniter\CodeIgniter->handleRequest(NULL, Object(Config\Cache), false)
#8 D:\xampp\htdocs\SistemaVentas\index.php(45): CodeIgniter\CodeIgniter->run()
#9 {main}
CRITICAL - 2021-01-17 01:08:53 --> DOMDocument::save(D:/xampp/htdocs/SistemaVentas/Archivos/xml/usuarios.xml): failed to open stream: Permission denied
#0 [internal function]: CodeIgniter\Debug\Exceptions->errorHandler(2, 'DOMDocument::sa...', 'D:\\xampp\\htdocs...', 32, Array)
#1 D:\xampp\htdocs\SistemaVentas\app\Views\facturacion\create_xml.php(32): DOMDocument->save('D:/xampp/htdocs...')
#2 D:\xampp\htdocs\SistemaVentas\system\View\View.php(246): include('D:\\xampp\\htdocs...')
#3 D:\xampp\htdocs\SistemaVentas\system\Common.php(1119): CodeIgniter\View\View->render('facturacion/cre...', Array, true)
#4 D:\xampp\htdocs\SistemaVentas\app\Controllers\FacturadorController.php(32): view('facturacion/cre...', Array)
#5 D:\xampp\htdocs\SistemaVentas\system\CodeIgniter.php(918): App\Controllers\FacturadorController->enviarsunat()
#6 D:\xampp\htdocs\SistemaVentas\system\CodeIgniter.php(404): CodeIgniter\CodeIgniter->runController(Object(App\Controllers\FacturadorController))
#7 D:\xampp\htdocs\SistemaVentas\system\CodeIgniter.php(312): CodeIgniter\CodeIgniter->handleRequest(NULL, Object(Config\Cache), false)
#8 D:\xampp\htdocs\SistemaVentas\index.php(45): CodeIgniter\CodeIgniter->run()
#9 {main}
CRITICAL - 2021-01-17 01:09:25 --> DOMDocument::save(D:/xampp/htdocs/SistemaVentas/Archivos/xml/usuarios.xml): failed to open stream: Permission denied
#0 [internal function]: CodeIgniter\Debug\Exceptions->errorHandler(2, 'DOMDocument::sa...', 'D:\\xampp\\htdocs...', 32, Array)
#1 D:\xampp\htdocs\SistemaVentas\app\Views\facturacion\create_xml.php(32): DOMDocument->save('D:/xampp/htdocs...')
#2 D:\xampp\htdocs\SistemaVentas\system\View\View.php(246): include('D:\\xampp\\htdocs...')
#3 D:\xampp\htdocs\SistemaVentas\system\Common.php(1119): CodeIgniter\View\View->render('facturacion/cre...', Array, true)
#4 D:\xampp\htdocs\SistemaVentas\app\Controllers\FacturadorController.php(32): view('facturacion/cre...', Array)
#5 D:\xampp\htdocs\SistemaVentas\system\CodeIgniter.php(918): App\Controllers\FacturadorController->enviarsunat()
#6 D:\xampp\htdocs\SistemaVentas\system\CodeIgniter.php(404): CodeIgniter\CodeIgniter->runController(Object(App\Controllers\FacturadorController))
#7 D:\xampp\htdocs\SistemaVentas\system\CodeIgniter.php(312): CodeIgniter\CodeIgniter->handleRequest(NULL, Object(Config\Cache), false)
#8 D:\xampp\htdocs\SistemaVentas\index.php(45): CodeIgniter\CodeIgniter->run()
#9 {main}
CRITICAL - 2021-01-17 01:09:27 --> DOMDocument::save(D:/xampp/htdocs/SistemaVentas/Archivos/xml/usuarios.xml): failed to open stream: Permission denied
#0 [internal function]: CodeIgniter\Debug\Exceptions->errorHandler(2, 'DOMDocument::sa...', 'D:\\xampp\\htdocs...', 32, Array)
#1 D:\xampp\htdocs\SistemaVentas\app\Views\facturacion\create_xml.php(32): DOMDocument->save('D:/xampp/htdocs...')
#2 D:\xampp\htdocs\SistemaVentas\system\View\View.php(246): include('D:\\xampp\\htdocs...')
#3 D:\xampp\htdocs\SistemaVentas\system\Common.php(1119): CodeIgniter\View\View->render('facturacion/cre...', Array, true)
#4 D:\xampp\htdocs\SistemaVentas\app\Controllers\FacturadorController.php(32): view('facturacion/cre...', Array)
#5 D:\xampp\htdocs\SistemaVentas\system\CodeIgniter.php(918): App\Controllers\FacturadorController->enviarsunat()
#6 D:\xampp\htdocs\SistemaVentas\system\CodeIgniter.php(404): CodeIgniter\CodeIgniter->runController(Object(App\Controllers\FacturadorController))
#7 D:\xampp\htdocs\SistemaVentas\system\CodeIgniter.php(312): CodeIgniter\CodeIgniter->handleRequest(NULL, Object(Config\Cache), false)
#8 D:\xampp\htdocs\SistemaVentas\index.php(45): CodeIgniter\CodeIgniter->run()
#9 {main}
CRITICAL - 2021-01-17 01:13:25 --> Class 'App\Controllers\DOMDocument' not found
#0 D:\xampp\htdocs\SistemaVentas\system\CodeIgniter.php(918): App\Controllers\FacturadorController->enviarsunat()
#1 D:\xampp\htdocs\SistemaVentas\system\CodeIgniter.php(404): CodeIgniter\CodeIgniter->runController(Object(App\Controllers\FacturadorController))
#2 D:\xampp\htdocs\SistemaVentas\system\CodeIgniter.php(312): CodeIgniter\CodeIgniter->handleRequest(NULL, Object(Config\Cache), false)
#3 D:\xampp\htdocs\SistemaVentas\index.php(45): CodeIgniter\CodeIgniter->run()
#4 {main}
CRITICAL - 2021-01-17 01:14:51 --> DOMDocument::save(D:/xampp/htdocs/SistemaVentas/Archivos/xml/usuarios.xml): failed to open stream: Permission denied
#0 [internal function]: CodeIgniter\Debug\Exceptions->errorHandler(2, 'DOMDocument::sa...', 'D:\\xampp\\htdocs...', 60, Array)
#1 D:\xampp\htdocs\SistemaVentas\app\Controllers\FacturadorController.php(60): DOMDocument->save('D:/xampp/htdocs...')
#2 D:\xampp\htdocs\SistemaVentas\system\CodeIgniter.php(918): App\Controllers\FacturadorController->enviarsunat()
#3 D:\xampp\htdocs\SistemaVentas\system\CodeIgniter.php(404): CodeIgniter\CodeIgniter->runController(Object(App\Controllers\FacturadorController))
#4 D:\xampp\htdocs\SistemaVentas\system\CodeIgniter.php(312): CodeIgniter\CodeIgniter->handleRequest(NULL, Object(Config\Cache), false)
#5 D:\xampp\htdocs\SistemaVentas\index.php(45): CodeIgniter\CodeIgniter->run()
#6 {main}
CRITICAL - 2021-01-17 12:09:29 --> DOMDocument::save(D:/xampp/htdocs/SistemaVentas/archivos/xml/usuarios.xml): failed to open stream: No such file or directory
#0 [internal function]: CodeIgniter\Debug\Exceptions->errorHandler(2, 'DOMDocument::sa...', 'D:\\xampp\\htdocs...', 53, Array)
#1 D:\xampp\htdocs\SistemaVentas\app\Controllers\FacturadorController.php(53): DOMDocument->save('D:/xampp/htdocs...')
#2 D:\xampp\htdocs\SistemaVentas\system\CodeIgniter.php(918): App\Controllers\FacturadorController->enviarsunat()
#3 D:\xampp\htdocs\SistemaVentas\system\CodeIgniter.php(404): CodeIgniter\CodeIgniter->runController(Object(App\Controllers\FacturadorController))
#4 D:\xampp\htdocs\SistemaVentas\system\CodeIgniter.php(312): CodeIgniter\CodeIgniter->handleRequest(NULL, Object(Config\Cache), false)
#5 D:\xampp\htdocs\SistemaVentas\index.php(45): CodeIgniter\CodeIgniter->run()
#6 {main}
CRITICAL - 2021-01-17 14:49:59 --> Use of undefined constant falses - assumed 'falses' (this will throw an Error in a future version of PHP)
#0 D:\xampp\htdocs\SistemaVentas\app\Controllers\FacturadorController.php(32): CodeIgniter\Debug\Exceptions->errorHandler(2, 'Use of undefine...', 'D:\\xampp\\htdocs...', 32, Array)
#1 D:\xampp\htdocs\SistemaVentas\system\CodeIgniter.php(918): App\Controllers\FacturadorController->enviarsunat()
#2 D:\xampp\htdocs\SistemaVentas\system\CodeIgniter.php(404): CodeIgniter\CodeIgniter->runController(Object(App\Controllers\FacturadorController))
#3 D:\xampp\htdocs\SistemaVentas\system\CodeIgniter.php(312): CodeIgniter\CodeIgniter->handleRequest(NULL, Object(Config\Cache), false)
#4 D:\xampp\htdocs\SistemaVentas\index.php(45): CodeIgniter\CodeIgniter->run()
#5 {main}
CRITICAL - 2021-01-17 16:41:37 --> Invalid Character Error
#0 D:\xampp\htdocs\SistemaVentas\app\Controllers\FacturadorController.php(34): DOMDocument->createElement('http://www.w3.o...', 'Invoice')
#1 D:\xampp\htdocs\SistemaVentas\system\CodeIgniter.php(918): App\Controllers\FacturadorController->enviarsunat()
#2 D:\xampp\htdocs\SistemaVentas\system\CodeIgniter.php(404): CodeIgniter\CodeIgniter->runController(Object(App\Controllers\FacturadorController))
#3 D:\xampp\htdocs\SistemaVentas\system\CodeIgniter.php(312): CodeIgniter\CodeIgniter->handleRequest(NULL, Object(Config\Cache), false)
#4 D:\xampp\htdocs\SistemaVentas\index.php(45): CodeIgniter\CodeIgniter->run()
#5 {main}
CRITICAL - 2021-01-17 16:41:51 --> Invalid Character Error
#0 D:\xampp\htdocs\SistemaVentas\app\Controllers\FacturadorController.php(34): DOMDocument->createElement('http://www.w3.o...', 'Invoice')
#1 D:\xampp\htdocs\SistemaVentas\system\CodeIgniter.php(918): App\Controllers\FacturadorController->enviarsunat()
#2 D:\xampp\htdocs\SistemaVentas\system\CodeIgniter.php(404): CodeIgniter\CodeIgniter->runController(Object(App\Controllers\FacturadorController))
#3 D:\xampp\htdocs\SistemaVentas\system\CodeIgniter.php(312): CodeIgniter\CodeIgniter->handleRequest(NULL, Object(Config\Cache), false)
#4 D:\xampp\htdocs\SistemaVentas\index.php(45): CodeIgniter\CodeIgniter->run()
#5 {main}
