CRITICAL - 2021-01-08 00:10:59 --> Undefined index: id
#0 D:\xampp\htdocs\SistemaVentas\app\Controllers\VentasController.php(48): CodeIgniter\Debug\Exceptions->errorHandler(8, 'Undefined index...', 'D:\\xampp\\htdocs...', 48, Array)
#1 D:\xampp\htdocs\SistemaVentas\system\CodeIgniter.php(918): App\Controllers\VentasController->procesarVenta()
#2 D:\xampp\htdocs\SistemaVentas\system\CodeIgniter.php(404): CodeIgniter\CodeIgniter->runController(Object(App\Controllers\VentasController))
#3 D:\xampp\htdocs\SistemaVentas\system\CodeIgniter.php(312): CodeIgniter\CodeIgniter->handleRequest(NULL, Object(Config\Cache), false)
#4 D:\xampp\htdocs\SistemaVentas\index.php(45): CodeIgniter\CodeIgniter->run()
#5 {main}
CRITICAL - 2021-01-08 00:11:14 --> Undefined index: id
#0 D:\xampp\htdocs\SistemaVentas\app\Controllers\VentasController.php(48): CodeIgniter\Debug\Exceptions->errorHandler(8, 'Undefined index...', 'D:\\xampp\\htdocs...', 48, Array)
#1 D:\xampp\htdocs\SistemaVentas\system\CodeIgniter.php(918): App\Controllers\VentasController->procesarVenta()
#2 D:\xampp\htdocs\SistemaVentas\system\CodeIgniter.php(404): CodeIgniter\CodeIgniter->runController(Object(App\Controllers\VentasController))
#3 D:\xampp\htdocs\SistemaVentas\system\CodeIgniter.php(312): CodeIgniter\CodeIgniter->handleRequest(NULL, Object(Config\Cache), false)
#4 D:\xampp\htdocs\SistemaVentas\index.php(45): CodeIgniter\CodeIgniter->run()
#5 {main}
CRITICAL - 2021-01-08 12:38:58 --> Undefined index: nombre
#0 D:\xampp\htdocs\SistemaVentas\app\Views\main\header.php(71): CodeIgniter\Debug\Exceptions->errorHandler(8, 'Undefined index...', 'D:\\xampp\\htdocs...', 71, Array)
#1 D:\xampp\htdocs\SistemaVentas\system\View\View.php(246): include('D:\\xampp\\htdocs...')
#2 D:\xampp\htdocs\SistemaVentas\system\Common.php(1119): CodeIgniter\View\View->render('main/header.php', Array, true)
#3 D:\xampp\htdocs\SistemaVentas\app\Controllers\ListadoVentasController.php(31): view('main/header.php')
#4 D:\xampp\htdocs\SistemaVentas\system\CodeIgniter.php(918): App\Controllers\ListadoVentasController->VentasProcesadas()
#5 D:\xampp\htdocs\SistemaVentas\system\CodeIgniter.php(404): CodeIgniter\CodeIgniter->runController(Object(App\Controllers\ListadoVentasController))
#6 D:\xampp\htdocs\SistemaVentas\system\CodeIgniter.php(312): CodeIgniter\CodeIgniter->handleRequest(NULL, Object(Config\Cache), false)
#7 D:\xampp\htdocs\SistemaVentas\index.php(45): CodeIgniter\CodeIgniter->run()
#8 {main}
CRITICAL - 2021-01-08 14:06:30 --> syntax error, unexpected 'endif' (T_ENDIF)
#0 D:\xampp\htdocs\SistemaVentas\system\Common.php(1119): CodeIgniter\View\View->render('ventas/procesad...', Array, true)
#1 D:\xampp\htdocs\SistemaVentas\app\Controllers\ListadoVentasController.php(33): view('ventas/procesad...', Array)
#2 D:\xampp\htdocs\SistemaVentas\system\CodeIgniter.php(918): App\Controllers\ListadoVentasController->VentasProcesadas()
#3 D:\xampp\htdocs\SistemaVentas\system\CodeIgniter.php(404): CodeIgniter\CodeIgniter->runController(Object(App\Controllers\ListadoVentasController))
#4 D:\xampp\htdocs\SistemaVentas\system\CodeIgniter.php(312): CodeIgniter\CodeIgniter->handleRequest(NULL, Object(Config\Cache), false)
#5 D:\xampp\htdocs\SistemaVentas\index.php(45): CodeIgniter\CodeIgniter->run()
#6 {main}
CRITICAL - 2021-01-08 18:06:57 --> Undefined index: nombre
#0 D:\xampp\htdocs\SistemaVentas\app\Views\main\header.php(73): CodeIgniter\Debug\Exceptions->errorHandler(8, 'Undefined index...', 'D:\\xampp\\htdocs...', 73, Array)
#1 D:\xampp\htdocs\SistemaVentas\system\View\View.php(246): include('D:\\xampp\\htdocs...')
#2 D:\xampp\htdocs\SistemaVentas\system\Common.php(1119): CodeIgniter\View\View->render('main/header.php', Array, true)
#3 D:\xampp\htdocs\SistemaVentas\app\Controllers\Compra.php(48): view('main/header.php')
#4 D:\xampp\htdocs\SistemaVentas\system\CodeIgniter.php(918): App\Controllers\Compra->agregarViews()
#5 D:\xampp\htdocs\SistemaVentas\system\CodeIgniter.php(404): CodeIgniter\CodeIgniter->runController(Object(App\Controllers\Compra))
#6 D:\xampp\htdocs\SistemaVentas\system\CodeIgniter.php(312): CodeIgniter\CodeIgniter->handleRequest(NULL, Object(Config\Cache), false)
#7 D:\xampp\htdocs\SistemaVentas\index.php(45): CodeIgniter\CodeIgniter->run()
#8 {main}
CRITICAL - 2021-01-08 18:26:53 --> Operand should contain 1 column(s)
#0 D:\xampp\htdocs\SistemaVentas\system\Database\MySQLi\Connection.php(331): mysqli->query('INSERT INTO `de...')
#1 D:\xampp\htdocs\SistemaVentas\system\Database\BaseConnection.php(741): CodeIgniter\Database\MySQLi\Connection->execute('INSERT INTO `de...')
#2 D:\xampp\htdocs\SistemaVentas\system\Database\BaseConnection.php(669): CodeIgniter\Database\BaseConnection->simpleQuery('INSERT INTO `de...')
#3 D:\xampp\htdocs\SistemaVentas\system\Database\BaseBuilder.php(2249): CodeIgniter\Database\BaseConnection->query('INSERT INTO `de...', Array, false)
#4 D:\xampp\htdocs\SistemaVentas\system\Model.php(755): CodeIgniter\Database\BaseBuilder->insert()
#5 D:\xampp\htdocs\SistemaVentas\app\Controllers\ConfiguracionCaja.php(70): CodeIgniter\Model->insert(Array)
#6 D:\xampp\htdocs\SistemaVentas\app\Controllers\ConfiguracionCaja.php(56): App\Controllers\ConfiguracionCaja->addDetalle_comprobante(Array, Array, Array, Array, 1)
#7 D:\xampp\htdocs\SistemaVentas\system\CodeIgniter.php(918): App\Controllers\ConfiguracionCaja->updateConfig()
#8 D:\xampp\htdocs\SistemaVentas\system\CodeIgniter.php(404): CodeIgniter\CodeIgniter->runController(Object(App\Controllers\ConfiguracionCaja))
#9 D:\xampp\htdocs\SistemaVentas\system\CodeIgniter.php(312): CodeIgniter\CodeIgniter->handleRequest(NULL, Object(Config\Cache), false)
#10 D:\xampp\htdocs\SistemaVentas\index.php(45): CodeIgniter\CodeIgniter->run()
#11 {main}
CRITICAL - 2021-01-08 18:27:03 --> Cannot add or update a child row: a foreign key constraint fails (`ventas_database`.`cajas`, CONSTRAINT `cajas_ibfk_1` FOREIGN KEY (`id_usuario`) REFERENCES `usuario` (`Id`))
#0 D:\xampp\htdocs\SistemaVentas\system\Database\MySQLi\Connection.php(331): mysqli->query('UPDATE `cajas` ...')
#1 D:\xampp\htdocs\SistemaVentas\system\Database\BaseConnection.php(741): CodeIgniter\Database\MySQLi\Connection->execute('UPDATE `cajas` ...')
#2 D:\xampp\htdocs\SistemaVentas\system\Database\BaseConnection.php(669): CodeIgniter\Database\BaseConnection->simpleQuery('UPDATE `cajas` ...')
#3 D:\xampp\htdocs\SistemaVentas\system\Database\BaseBuilder.php(2456): CodeIgniter\Database\BaseConnection->query('UPDATE `cajas` ...', Array, false)
#4 D:\xampp\htdocs\SistemaVentas\system\Model.php(889): CodeIgniter\Database\BaseBuilder->update()
#5 D:\xampp\htdocs\SistemaVentas\app\Controllers\ConfiguracionCaja.php(54): CodeIgniter\Model->update(NULL, Array)
#6 D:\xampp\htdocs\SistemaVentas\system\CodeIgniter.php(918): App\Controllers\ConfiguracionCaja->updateConfig()
#7 D:\xampp\htdocs\SistemaVentas\system\CodeIgniter.php(404): CodeIgniter\CodeIgniter->runController(Object(App\Controllers\ConfiguracionCaja))
#8 D:\xampp\htdocs\SistemaVentas\system\CodeIgniter.php(312): CodeIgniter\CodeIgniter->handleRequest(NULL, Object(Config\Cache), false)
#9 D:\xampp\htdocs\SistemaVentas\index.php(45): CodeIgniter\CodeIgniter->run()
#10 {main}
CRITICAL - 2021-01-08 18:29:04 --> Operand should contain 1 column(s)
#0 D:\xampp\htdocs\SistemaVentas\system\Database\MySQLi\Connection.php(331): mysqli->query('INSERT INTO `de...')
#1 D:\xampp\htdocs\SistemaVentas\system\Database\BaseConnection.php(741): CodeIgniter\Database\MySQLi\Connection->execute('INSERT INTO `de...')
#2 D:\xampp\htdocs\SistemaVentas\system\Database\BaseConnection.php(669): CodeIgniter\Database\BaseConnection->simpleQuery('INSERT INTO `de...')
#3 D:\xampp\htdocs\SistemaVentas\system\Database\BaseBuilder.php(2249): CodeIgniter\Database\BaseConnection->query('INSERT INTO `de...', Array, false)
#4 D:\xampp\htdocs\SistemaVentas\system\Model.php(755): CodeIgniter\Database\BaseBuilder->insert()
#5 D:\xampp\htdocs\SistemaVentas\app\Controllers\ConfiguracionCaja.php(70): CodeIgniter\Model->insert(Array)
#6 D:\xampp\htdocs\SistemaVentas\app\Controllers\ConfiguracionCaja.php(56): App\Controllers\ConfiguracionCaja->addDetalle_comprobante(Array, Array, Array, Array, 1)
#7 D:\xampp\htdocs\SistemaVentas\system\CodeIgniter.php(918): App\Controllers\ConfiguracionCaja->updateConfig()
#8 D:\xampp\htdocs\SistemaVentas\system\CodeIgniter.php(404): CodeIgniter\CodeIgniter->runController(Object(App\Controllers\ConfiguracionCaja))
#9 D:\xampp\htdocs\SistemaVentas\system\CodeIgniter.php(312): CodeIgniter\CodeIgniter->handleRequest(NULL, Object(Config\Cache), false)
#10 D:\xampp\htdocs\SistemaVentas\index.php(45): CodeIgniter\CodeIgniter->run()
#11 {main}
CRITICAL - 2021-01-08 21:37:12 --> Cannot add or update a child row: a foreign key constraint fails (`ventas_database`.`cajas`, CONSTRAINT `cajas_ibfk_1` FOREIGN KEY (`id_usuario`) REFERENCES `usuario` (`Id`))
#0 D:\xampp\htdocs\SistemaVentas\system\Database\MySQLi\Connection.php(331): mysqli->query('UPDATE `cajas` ...')
#1 D:\xampp\htdocs\SistemaVentas\system\Database\BaseConnection.php(741): CodeIgniter\Database\MySQLi\Connection->execute('UPDATE `cajas` ...')
#2 D:\xampp\htdocs\SistemaVentas\system\Database\BaseConnection.php(669): CodeIgniter\Database\BaseConnection->simpleQuery('UPDATE `cajas` ...')
#3 D:\xampp\htdocs\SistemaVentas\system\Database\BaseBuilder.php(2456): CodeIgniter\Database\BaseConnection->query('UPDATE `cajas` ...', Array, false)
#4 D:\xampp\htdocs\SistemaVentas\system\Model.php(889): CodeIgniter\Database\BaseBuilder->update()
#5 D:\xampp\htdocs\SistemaVentas\app\Controllers\ConfiguracionCaja.php(53): CodeIgniter\Model->update(NULL, Array)
#6 D:\xampp\htdocs\SistemaVentas\system\CodeIgniter.php(918): App\Controllers\ConfiguracionCaja->updateConfig()
#7 D:\xampp\htdocs\SistemaVentas\system\CodeIgniter.php(404): CodeIgniter\CodeIgniter->runController(Object(App\Controllers\ConfiguracionCaja))
#8 D:\xampp\htdocs\SistemaVentas\system\CodeIgniter.php(312): CodeIgniter\CodeIgniter->handleRequest(NULL, Object(Config\Cache), false)
#9 D:\xampp\htdocs\SistemaVentas\index.php(45): CodeIgniter\CodeIgniter->run()
#10 {main}
CRITICAL - 2021-01-08 22:08:30 --> Undefined variable: id_cliente
#0 D:\xampp\htdocs\SistemaVentas\app\Views\ventas\facturacion.php(161): CodeIgniter\Debug\Exceptions->errorHandler(8, 'Undefined varia...', 'D:\\xampp\\htdocs...', 161, Array)
#1 D:\xampp\htdocs\SistemaVentas\system\View\View.php(246): include('D:\\xampp\\htdocs...')
#2 D:\xampp\htdocs\SistemaVentas\system\Common.php(1119): CodeIgniter\View\View->render('ventas/facturac...', Array, true)
#3 D:\xampp\htdocs\SistemaVentas\app\Controllers\VentasController.php(25): view('ventas/facturac...', Array)
#4 D:\xampp\htdocs\SistemaVentas\system\CodeIgniter.php(918): App\Controllers\VentasController->index()
#5 D:\xampp\htdocs\SistemaVentas\system\CodeIgniter.php(404): CodeIgniter\CodeIgniter->runController(Object(App\Controllers\VentasController))
#6 D:\xampp\htdocs\SistemaVentas\system\CodeIgniter.php(312): CodeIgniter\CodeIgniter->handleRequest(NULL, Object(Config\Cache), false)
#7 D:\xampp\htdocs\SistemaVentas\index.php(45): CodeIgniter\CodeIgniter->run()
#8 {main}
CRITICAL - 2021-01-08 22:08:54 --> Undefined variable: id_cliente
#0 D:\xampp\htdocs\SistemaVentas\app\Views\ventas\facturacion.php(161): CodeIgniter\Debug\Exceptions->errorHandler(8, 'Undefined varia...', 'D:\\xampp\\htdocs...', 161, Array)
#1 D:\xampp\htdocs\SistemaVentas\system\View\View.php(246): include('D:\\xampp\\htdocs...')
#2 D:\xampp\htdocs\SistemaVentas\system\Common.php(1119): CodeIgniter\View\View->render('ventas/facturac...', Array, true)
#3 D:\xampp\htdocs\SistemaVentas\app\Controllers\VentasController.php(25): view('ventas/facturac...', Array)
#4 D:\xampp\htdocs\SistemaVentas\system\CodeIgniter.php(918): App\Controllers\VentasController->index()
#5 D:\xampp\htdocs\SistemaVentas\system\CodeIgniter.php(404): CodeIgniter\CodeIgniter->runController(Object(App\Controllers\VentasController))
#6 D:\xampp\htdocs\SistemaVentas\system\CodeIgniter.php(312): CodeIgniter\CodeIgniter->handleRequest(NULL, Object(Config\Cache), false)
#7 D:\xampp\htdocs\SistemaVentas\index.php(45): CodeIgniter\CodeIgniter->run()
#8 {main}
CRITICAL - 2021-01-08 22:09:39 --> Undefined variable: idtipo_cliente
#0 D:\xampp\htdocs\SistemaVentas\app\Views\ventas\facturacion.php(168): CodeIgniter\Debug\Exceptions->errorHandler(8, 'Undefined varia...', 'D:\\xampp\\htdocs...', 168, Array)
#1 D:\xampp\htdocs\SistemaVentas\system\View\View.php(246): include('D:\\xampp\\htdocs...')
#2 D:\xampp\htdocs\SistemaVentas\system\Common.php(1119): CodeIgniter\View\View->render('ventas/facturac...', Array, true)
#3 D:\xampp\htdocs\SistemaVentas\app\Controllers\VentasController.php(25): view('ventas/facturac...', Array)
#4 D:\xampp\htdocs\SistemaVentas\system\CodeIgniter.php(918): App\Controllers\VentasController->index()
#5 D:\xampp\htdocs\SistemaVentas\system\CodeIgniter.php(404): CodeIgniter\CodeIgniter->runController(Object(App\Controllers\VentasController))
#6 D:\xampp\htdocs\SistemaVentas\system\CodeIgniter.php(312): CodeIgniter\CodeIgniter->handleRequest(NULL, Object(Config\Cache), false)
#7 D:\xampp\htdocs\SistemaVentas\index.php(45): CodeIgniter\CodeIgniter->run()
#8 {main}
CRITICAL - 2021-01-08 23:18:41 --> syntax error, unexpected end of file
#0 D:\xampp\htdocs\SistemaVentas\system\Common.php(1119): CodeIgniter\View\View->render('ventas/facturac...', Array, true)
#1 D:\xampp\htdocs\SistemaVentas\app\Controllers\VentasController.php(25): view('ventas/facturac...', Array)
#2 D:\xampp\htdocs\SistemaVentas\system\CodeIgniter.php(918): App\Controllers\VentasController->index()
#3 D:\xampp\htdocs\SistemaVentas\system\CodeIgniter.php(404): CodeIgniter\CodeIgniter->runController(Object(App\Controllers\VentasController))
#4 D:\xampp\htdocs\SistemaVentas\system\CodeIgniter.php(312): CodeIgniter\CodeIgniter->handleRequest(NULL, Object(Config\Cache), false)
#5 D:\xampp\htdocs\SistemaVentas\index.php(45): CodeIgniter\CodeIgniter->run()
#6 {main}
CRITICAL - 2021-01-08 23:19:32 --> Undefined variable: idtipo_cliente
#0 D:\xampp\htdocs\SistemaVentas\app\Views\ventas\facturacion.php(168): CodeIgniter\Debug\Exceptions->errorHandler(8, 'Undefined varia...', 'D:\\xampp\\htdocs...', 168, Array)
#1 D:\xampp\htdocs\SistemaVentas\system\View\View.php(246): include('D:\\xampp\\htdocs...')
#2 D:\xampp\htdocs\SistemaVentas\system\Common.php(1119): CodeIgniter\View\View->render('ventas/facturac...', Array, true)
#3 D:\xampp\htdocs\SistemaVentas\app\Controllers\VentasController.php(25): view('ventas/facturac...', Array)
#4 D:\xampp\htdocs\SistemaVentas\system\CodeIgniter.php(918): App\Controllers\VentasController->index()
#5 D:\xampp\htdocs\SistemaVentas\system\CodeIgniter.php(404): CodeIgniter\CodeIgniter->runController(Object(App\Controllers\VentasController))
#6 D:\xampp\htdocs\SistemaVentas\system\CodeIgniter.php(312): CodeIgniter\CodeIgniter->handleRequest(NULL, Object(Config\Cache), false)
#7 D:\xampp\htdocs\SistemaVentas\index.php(45): CodeIgniter\CodeIgniter->run()
#8 {main}
