CRITICAL - 2020-10-11 17:25:29 --> Unable to connect to the database.
#0 C:\xampp\htdocs\ProyectoPaginaVentas\system\Database\BaseConnection.php(646): CodeIgniter\Database\BaseConnection->initialize()
#1 C:\xampp\htdocs\ProyectoPaginaVentas\app\Models\InicioModel.php(23): CodeIgniter\Database\BaseConnection->query('\r\n             ...')
#2 C:\xampp\htdocs\ProyectoPaginaVentas\app\Controllers\Inicio.php(7): App\Models\InicioModel->slider()
#3 C:\xampp\htdocs\ProyectoPaginaVentas\system\CodeIgniter.php(918): App\Controllers\Inicio->index()
#4 C:\xampp\htdocs\ProyectoPaginaVentas\system\CodeIgniter.php(404): CodeIgniter\CodeIgniter->runController(Object(App\Controllers\Inicio))
#5 C:\xampp\htdocs\ProyectoPaginaVentas\system\CodeIgniter.php(312): CodeIgniter\CodeIgniter->handleRequest(NULL, Object(Config\Cache), false)
#6 C:\xampp\htdocs\ProyectoPaginaVentas\index.php(45): CodeIgniter\CodeIgniter->run()
#7 {main}
CRITICAL - 2020-10-11 17:25:29 --> Uncaught ErrorException: Undefined variable: viewFile in C:\xampp\htdocs\ProyectoPaginaVentas\system\Debug\Exceptions.php:308
Stack trace:
#0 C:\xampp\htdocs\ProyectoPaginaVentas\system\Debug\Exceptions.php(308): CodeIgniter\Debug\Exceptions->errorHandler(8, 'Undefined varia...', 'C:\\xampp\\htdocs...', 308, Array)
#1 C:\xampp\htdocs\ProyectoPaginaVentas\system\Debug\Exceptions.php(308): include()
#2 C:\xampp\htdocs\ProyectoPaginaVentas\system\Debug\Exceptions.php(174): CodeIgniter\Debug\Exceptions->render(Object(CodeIgniter\Database\Exceptions\DatabaseException), 500)
#3 [internal function]: CodeIgniter\Debug\Exceptions->exceptionHandler(Object(CodeIgniter\Database\Exceptions\DatabaseException))
#4 {main}
  thrown
#0 [internal function]: CodeIgniter\Debug\Exceptions->shutdownHandler()
#1 {main}
CRITICAL - 2020-10-11 17:26:32 --> Unable to connect to the database.
#0 C:\xampp\htdocs\ProyectoPaginaVentas\system\Database\BaseConnection.php(646): CodeIgniter\Database\BaseConnection->initialize()
#1 C:\xampp\htdocs\ProyectoPaginaVentas\app\Models\InicioModel.php(23): CodeIgniter\Database\BaseConnection->query('\r\n             ...')
#2 C:\xampp\htdocs\ProyectoPaginaVentas\app\Controllers\Inicio.php(7): App\Models\InicioModel->slider()
#3 C:\xampp\htdocs\ProyectoPaginaVentas\system\CodeIgniter.php(918): App\Controllers\Inicio->index()
#4 C:\xampp\htdocs\ProyectoPaginaVentas\system\CodeIgniter.php(404): CodeIgniter\CodeIgniter->runController(Object(App\Controllers\Inicio))
#5 C:\xampp\htdocs\ProyectoPaginaVentas\system\CodeIgniter.php(312): CodeIgniter\CodeIgniter->handleRequest(NULL, Object(Config\Cache), false)
#6 C:\xampp\htdocs\ProyectoPaginaVentas\index.php(45): CodeIgniter\CodeIgniter->run()
#7 {main}
CRITICAL - 2020-10-11 17:26:32 --> Uncaught ErrorException: Undefined variable: viewFile in C:\xampp\htdocs\ProyectoPaginaVentas\system\Debug\Exceptions.php:308
Stack trace:
#0 C:\xampp\htdocs\ProyectoPaginaVentas\system\Debug\Exceptions.php(308): CodeIgniter\Debug\Exceptions->errorHandler(8, 'Undefined varia...', 'C:\\xampp\\htdocs...', 308, Array)
#1 C:\xampp\htdocs\ProyectoPaginaVentas\system\Debug\Exceptions.php(308): include()
#2 C:\xampp\htdocs\ProyectoPaginaVentas\system\Debug\Exceptions.php(174): CodeIgniter\Debug\Exceptions->render(Object(CodeIgniter\Database\Exceptions\DatabaseException), 500)
#3 [internal function]: CodeIgniter\Debug\Exceptions->exceptionHandler(Object(CodeIgniter\Database\Exceptions\DatabaseException))
#4 {main}
  thrown
#0 [internal function]: CodeIgniter\Debug\Exceptions->shutdownHandler()
#1 {main}
