CRITICAL - 2021-01-14 23:48:13 --> Class 'App\Models\PedidosModel' not found
#0 D:\xampp\htdocs\SistemaVentas\system\CodeIgniter.php(918): App\Controllers\ListadoPedidosController->index()
#1 D:\xampp\htdocs\SistemaVentas\system\CodeIgniter.php(404): CodeIgniter\CodeIgniter->runController(Object(App\Controllers\ListadoPedidosController))
#2 D:\xampp\htdocs\SistemaVentas\system\CodeIgniter.php(312): CodeIgniter\CodeIgniter->handleRequest(NULL, Object(Config\Cache), false)
#3 D:\xampp\htdocs\SistemaVentas\index.php(45): CodeIgniter\CodeIgniter->run()
#4 {main}
CRITICAL - 2021-01-14 23:49:04 --> Class 'App\Models\PedidosModel' not found
#0 D:\xampp\htdocs\SistemaVentas\system\CodeIgniter.php(918): App\Controllers\ListadoPedidosController->index()
#1 D:\xampp\htdocs\SistemaVentas\system\CodeIgniter.php(404): CodeIgniter\CodeIgniter->runController(Object(App\Controllers\ListadoPedidosController))
#2 D:\xampp\htdocs\SistemaVentas\system\CodeIgniter.php(312): CodeIgniter\CodeIgniter->handleRequest(NULL, Object(Config\Cache), false)
#3 D:\xampp\htdocs\SistemaVentas\index.php(45): CodeIgniter\CodeIgniter->run()
#4 {main}
CRITICAL - 2021-01-14 23:49:12 --> Class 'App\Models\PedidosModel' not found
#0 D:\xampp\htdocs\SistemaVentas\system\CodeIgniter.php(918): App\Controllers\ListadoPedidosController->index()
#1 D:\xampp\htdocs\SistemaVentas\system\CodeIgniter.php(404): CodeIgniter\CodeIgniter->runController(Object(App\Controllers\ListadoPedidosController))
#2 D:\xampp\htdocs\SistemaVentas\system\CodeIgniter.php(312): CodeIgniter\CodeIgniter->handleRequest(NULL, Object(Config\Cache), false)
#3 D:\xampp\htdocs\SistemaVentas\index.php(45): CodeIgniter\CodeIgniter->run()
#4 {main}
CRITICAL - 2021-01-14 23:49:44 --> Undefined property: stdClass::$id_venta
#0 D:\xampp\htdocs\SistemaVentas\app\Views\pedidos\listado.php(25): CodeIgniter\Debug\Exceptions->errorHandler(8, 'Undefined prope...', 'D:\\xampp\\htdocs...', 25, Array)
#1 D:\xampp\htdocs\SistemaVentas\system\View\View.php(246): include('D:\\xampp\\htdocs...')
#2 D:\xampp\htdocs\SistemaVentas\system\Common.php(1119): CodeIgniter\View\View->render('pedidos/listado...', Array, true)
#3 D:\xampp\htdocs\SistemaVentas\app\Controllers\ListadoPedidosController.php(18): view('pedidos/listado...', Array)
#4 D:\xampp\htdocs\SistemaVentas\system\CodeIgniter.php(918): App\Controllers\ListadoPedidosController->index()
#5 D:\xampp\htdocs\SistemaVentas\system\CodeIgniter.php(404): CodeIgniter\CodeIgniter->runController(Object(App\Controllers\ListadoPedidosController))
#6 D:\xampp\htdocs\SistemaVentas\system\CodeIgniter.php(312): CodeIgniter\CodeIgniter->handleRequest(NULL, Object(Config\Cache), false)
#7 D:\xampp\htdocs\SistemaVentas\index.php(45): CodeIgniter\CodeIgniter->run()
#8 {main}
CRITICAL - 2021-01-14 23:51:49 --> Undefined property: stdClass::$id_venta
#0 D:\xampp\htdocs\SistemaVentas\app\Views\pedidos\listado.php(40): CodeIgniter\Debug\Exceptions->errorHandler(8, 'Undefined prope...', 'D:\\xampp\\htdocs...', 40, Array)
#1 D:\xampp\htdocs\SistemaVentas\system\View\View.php(246): include('D:\\xampp\\htdocs...')
#2 D:\xampp\htdocs\SistemaVentas\system\Common.php(1119): CodeIgniter\View\View->render('pedidos/listado...', Array, true)
#3 D:\xampp\htdocs\SistemaVentas\app\Controllers\ListadoPedidosController.php(18): view('pedidos/listado...', Array)
#4 D:\xampp\htdocs\SistemaVentas\system\CodeIgniter.php(918): App\Controllers\ListadoPedidosController->index()
#5 D:\xampp\htdocs\SistemaVentas\system\CodeIgniter.php(404): CodeIgniter\CodeIgniter->runController(Object(App\Controllers\ListadoPedidosController))
#6 D:\xampp\htdocs\SistemaVentas\system\CodeIgniter.php(312): CodeIgniter\CodeIgniter->handleRequest(NULL, Object(Config\Cache), false)
#7 D:\xampp\htdocs\SistemaVentas\index.php(45): CodeIgniter\CodeIgniter->run()
#8 {main}
