CRITICAL - 2020-09-25 17:20:25 --> Unknown column 'Estado' in 'where clause'
#0 C:\xampp\htdocs\sisbomberos\system\Database\MySQLi\Connection.php(331): mysqli->query('\r\n             ...')
#1 C:\xampp\htdocs\sisbomberos\system\Database\BaseConnection.php(741): CodeIgniter\Database\MySQLi\Connection->execute('\r\n             ...')
#2 C:\xampp\htdocs\sisbomberos\system\Database\BaseConnection.php(669): CodeIgniter\Database\BaseConnection->simpleQuery('\r\n             ...')
#3 C:\xampp\htdocs\sisbomberos\app\Models\GaleriaModel.php(9): CodeIgniter\Database\BaseConnection->query('\r\n             ...')
#4 C:\xampp\htdocs\sisbomberos\app\Controllers\Galeria.php(12): App\Models\GaleriaModel->total_g()
#5 C:\xampp\htdocs\sisbomberos\system\CodeIgniter.php(918): App\Controllers\Galeria->index()
#6 C:\xampp\htdocs\sisbomberos\system\CodeIgniter.php(404): CodeIgniter\CodeIgniter->runController(Object(App\Controllers\Galeria))
#7 C:\xampp\htdocs\sisbomberos\system\CodeIgniter.php(312): CodeIgniter\CodeIgniter->handleRequest(NULL, Object(Config\Cache), false)
#8 C:\xampp\htdocs\sisbomberos\index.php(45): CodeIgniter\CodeIgniter->run()
#9 {main}
CRITICAL - 2020-09-25 17:23:19 --> syntax error, unexpected ';', expecting ')'
#0 C:\xampp\htdocs\sisbomberos\system\Router\Router.php(195): CodeIgniter\Router\Router->autoRoute('Galeria')
#1 C:\xampp\htdocs\sisbomberos\system\CodeIgniter.php(793): CodeIgniter\Router\Router->handle('Galeria')
#2 C:\xampp\htdocs\sisbomberos\system\CodeIgniter.php(364): CodeIgniter\CodeIgniter->tryToRouteIt(Object(CodeIgniter\Router\RouteCollection))
#3 C:\xampp\htdocs\sisbomberos\system\CodeIgniter.php(312): CodeIgniter\CodeIgniter->handleRequest(NULL, Object(Config\Cache), false)
#4 C:\xampp\htdocs\sisbomberos\index.php(45): CodeIgniter\CodeIgniter->run()
#5 {main}
CRITICAL - 2020-09-25 17:43:00 --> syntax error, unexpected ';', expecting ')'
#0 C:\xampp\htdocs\sisbomberos\system\Router\Router.php(195): CodeIgniter\Router\Router->autoRoute('Galeria')
#1 C:\xampp\htdocs\sisbomberos\system\CodeIgniter.php(793): CodeIgniter\Router\Router->handle('Galeria')
#2 C:\xampp\htdocs\sisbomberos\system\CodeIgniter.php(364): CodeIgniter\CodeIgniter->tryToRouteIt(Object(CodeIgniter\Router\RouteCollection))
#3 C:\xampp\htdocs\sisbomberos\system\CodeIgniter.php(312): CodeIgniter\CodeIgniter->handleRequest(NULL, Object(Config\Cache), false)
#4 C:\xampp\htdocs\sisbomberos\index.php(45): CodeIgniter\CodeIgniter->run()
#5 {main}
CRITICAL - 2020-09-25 17:44:24 --> syntax error, unexpected ';', expecting ')'
#0 C:\xampp\htdocs\sisbomberos\system\Router\Router.php(195): CodeIgniter\Router\Router->autoRoute('Galeria')
#1 C:\xampp\htdocs\sisbomberos\system\CodeIgniter.php(793): CodeIgniter\Router\Router->handle('Galeria')
#2 C:\xampp\htdocs\sisbomberos\system\CodeIgniter.php(364): CodeIgniter\CodeIgniter->tryToRouteIt(Object(CodeIgniter\Router\RouteCollection))
#3 C:\xampp\htdocs\sisbomberos\system\CodeIgniter.php(312): CodeIgniter\CodeIgniter->handleRequest(NULL, Object(Config\Cache), false)
#4 C:\xampp\htdocs\sisbomberos\index.php(45): CodeIgniter\CodeIgniter->run()
#5 {main}
CRITICAL - 2020-09-25 17:45:17 --> syntax error, unexpected ';', expecting ')'
#0 C:\xampp\htdocs\sisbomberos\system\Router\Router.php(195): CodeIgniter\Router\Router->autoRoute('Galeria')
#1 C:\xampp\htdocs\sisbomberos\system\CodeIgniter.php(793): CodeIgniter\Router\Router->handle('Galeria')
#2 C:\xampp\htdocs\sisbomberos\system\CodeIgniter.php(364): CodeIgniter\CodeIgniter->tryToRouteIt(Object(CodeIgniter\Router\RouteCollection))
#3 C:\xampp\htdocs\sisbomberos\system\CodeIgniter.php(312): CodeIgniter\CodeIgniter->handleRequest(NULL, Object(Config\Cache), false)
#4 C:\xampp\htdocs\sisbomberos\index.php(45): CodeIgniter\CodeIgniter->run()
#5 {main}
CRITICAL - 2020-09-25 17:45:18 --> syntax error, unexpected ';', expecting ')'
#0 C:\xampp\htdocs\sisbomberos\system\Router\Router.php(195): CodeIgniter\Router\Router->autoRoute('Galeria')
#1 C:\xampp\htdocs\sisbomberos\system\CodeIgniter.php(793): CodeIgniter\Router\Router->handle('Galeria')
#2 C:\xampp\htdocs\sisbomberos\system\CodeIgniter.php(364): CodeIgniter\CodeIgniter->tryToRouteIt(Object(CodeIgniter\Router\RouteCollection))
#3 C:\xampp\htdocs\sisbomberos\system\CodeIgniter.php(312): CodeIgniter\CodeIgniter->handleRequest(NULL, Object(Config\Cache), false)
#4 C:\xampp\htdocs\sisbomberos\index.php(45): CodeIgniter\CodeIgniter->run()
#5 {main}
CRITICAL - 2020-09-25 17:45:41 --> syntax error, unexpected ';', expecting ')'
#0 C:\xampp\htdocs\sisbomberos\system\Router\Router.php(195): CodeIgniter\Router\Router->autoRoute('Galeria')
#1 C:\xampp\htdocs\sisbomberos\system\CodeIgniter.php(793): CodeIgniter\Router\Router->handle('Galeria')
#2 C:\xampp\htdocs\sisbomberos\system\CodeIgniter.php(364): CodeIgniter\CodeIgniter->tryToRouteIt(Object(CodeIgniter\Router\RouteCollection))
#3 C:\xampp\htdocs\sisbomberos\system\CodeIgniter.php(312): CodeIgniter\CodeIgniter->handleRequest(NULL, Object(Config\Cache), false)
#4 C:\xampp\htdocs\sisbomberos\index.php(45): CodeIgniter\CodeIgniter->run()
#5 {main}
CRITICAL - 2020-09-25 17:45:42 --> syntax error, unexpected ';', expecting ')'
#0 C:\xampp\htdocs\sisbomberos\system\Router\Router.php(195): CodeIgniter\Router\Router->autoRoute('Galeria')
#1 C:\xampp\htdocs\sisbomberos\system\CodeIgniter.php(793): CodeIgniter\Router\Router->handle('Galeria')
#2 C:\xampp\htdocs\sisbomberos\system\CodeIgniter.php(364): CodeIgniter\CodeIgniter->tryToRouteIt(Object(CodeIgniter\Router\RouteCollection))
#3 C:\xampp\htdocs\sisbomberos\system\CodeIgniter.php(312): CodeIgniter\CodeIgniter->handleRequest(NULL, Object(Config\Cache), false)
#4 C:\xampp\htdocs\sisbomberos\index.php(45): CodeIgniter\CodeIgniter->run()
#5 {main}
CRITICAL - 2020-09-25 17:46:16 --> syntax error, unexpected ';', expecting ')'
#0 C:\xampp\htdocs\sisbomberos\system\Router\Router.php(195): CodeIgniter\Router\Router->autoRoute('Galeria')
#1 C:\xampp\htdocs\sisbomberos\system\CodeIgniter.php(793): CodeIgniter\Router\Router->handle('Galeria')
#2 C:\xampp\htdocs\sisbomberos\system\CodeIgniter.php(364): CodeIgniter\CodeIgniter->tryToRouteIt(Object(CodeIgniter\Router\RouteCollection))
#3 C:\xampp\htdocs\sisbomberos\system\CodeIgniter.php(312): CodeIgniter\CodeIgniter->handleRequest(NULL, Object(Config\Cache), false)
#4 C:\xampp\htdocs\sisbomberos\index.php(45): CodeIgniter\CodeIgniter->run()
#5 {main}
CRITICAL - 2020-09-25 17:58:45 --> Undefined property: stdClass::$Ling
#0 C:\xampp\htdocs\sisbomberos\app\Views\main\nav\galeria.php(19): CodeIgniter\Debug\Exceptions->errorHandler(8, 'Undefined prope...', 'C:\\xampp\\htdocs...', 19, Array)
#1 C:\xampp\htdocs\sisbomberos\system\View\View.php(246): include('C:\\xampp\\htdocs...')
#2 C:\xampp\htdocs\sisbomberos\system\Common.php(1119): CodeIgniter\View\View->render('main/nav/galeri...', Array, true)
#3 C:\xampp\htdocs\sisbomberos\app\Controllers\Galeria.php(12): view('main/nav/galeri...', Array)
#4 C:\xampp\htdocs\sisbomberos\system\CodeIgniter.php(918): App\Controllers\Galeria->index()
#5 C:\xampp\htdocs\sisbomberos\system\CodeIgniter.php(404): CodeIgniter\CodeIgniter->runController(Object(App\Controllers\Galeria))
#6 C:\xampp\htdocs\sisbomberos\system\CodeIgniter.php(312): CodeIgniter\CodeIgniter->handleRequest(NULL, Object(Config\Cache), false)
#7 C:\xampp\htdocs\sisbomberos\index.php(45): CodeIgniter\CodeIgniter->run()
#8 {main}
CRITICAL - 2020-09-25 17:59:01 --> Undefined property: stdClass::$Ling
#0 C:\xampp\htdocs\sisbomberos\app\Views\main\nav\galeria.php(19): CodeIgniter\Debug\Exceptions->errorHandler(8, 'Undefined prope...', 'C:\\xampp\\htdocs...', 19, Array)
#1 C:\xampp\htdocs\sisbomberos\system\View\View.php(246): include('C:\\xampp\\htdocs...')
#2 C:\xampp\htdocs\sisbomberos\system\Common.php(1119): CodeIgniter\View\View->render('main/nav/galeri...', Array, true)
#3 C:\xampp\htdocs\sisbomberos\app\Controllers\Galeria.php(12): view('main/nav/galeri...', Array)
#4 C:\xampp\htdocs\sisbomberos\system\CodeIgniter.php(918): App\Controllers\Galeria->index()
#5 C:\xampp\htdocs\sisbomberos\system\CodeIgniter.php(404): CodeIgniter\CodeIgniter->runController(Object(App\Controllers\Galeria))
#6 C:\xampp\htdocs\sisbomberos\system\CodeIgniter.php(312): CodeIgniter\CodeIgniter->handleRequest(NULL, Object(Config\Cache), false)
#7 C:\xampp\htdocs\sisbomberos\index.php(45): CodeIgniter\CodeIgniter->run()
#8 {main}
CRITICAL - 2020-09-25 19:14:57 --> You have an error in your SQL syntax; check the manual that corresponds to your MariaDB server version for the right syntax to use near 'as null 
                              GROUP BY identificador ORDER BY Id desc' at line 3
#0 C:\xampp\htdocs\sisbomberos\system\Database\MySQLi\Connection.php(331): mysqli->query('\r\n             ...')
#1 C:\xampp\htdocs\sisbomberos\system\Database\BaseConnection.php(741): CodeIgniter\Database\MySQLi\Connection->execute('\r\n             ...')
#2 C:\xampp\htdocs\sisbomberos\system\Database\BaseConnection.php(669): CodeIgniter\Database\BaseConnection->simpleQuery('\r\n             ...')
#3 C:\xampp\htdocs\sisbomberos\app\Models\GaleriaModel.php(9): CodeIgniter\Database\BaseConnection->query('\r\n             ...')
#4 C:\xampp\htdocs\sisbomberos\app\Controllers\Galeria.php(9): App\Models\GaleriaModel->albunes()
#5 C:\xampp\htdocs\sisbomberos\system\CodeIgniter.php(918): App\Controllers\Galeria->index()
#6 C:\xampp\htdocs\sisbomberos\system\CodeIgniter.php(404): CodeIgniter\CodeIgniter->runController(Object(App\Controllers\Galeria))
#7 C:\xampp\htdocs\sisbomberos\system\CodeIgniter.php(312): CodeIgniter\CodeIgniter->handleRequest(NULL, Object(Config\Cache), false)
#8 C:\xampp\htdocs\sisbomberos\index.php(45): CodeIgniter\CodeIgniter->run()
#9 {main}
CRITICAL - 2020-09-25 19:27:05 --> Undefined property: stdClass::$cont
#0 C:\xampp\htdocs\sisbomberos\app\Views\main\nav\galeria.php(26): CodeIgniter\Debug\Exceptions->errorHandler(8, 'Undefined prope...', 'C:\\xampp\\htdocs...', 26, Array)
#1 C:\xampp\htdocs\sisbomberos\system\View\View.php(246): include('C:\\xampp\\htdocs...')
#2 C:\xampp\htdocs\sisbomberos\system\Common.php(1119): CodeIgniter\View\View->render('main/nav/galeri...', Array, true)
#3 C:\xampp\htdocs\sisbomberos\app\Controllers\Galeria.php(12): view('main/nav/galeri...', Array)
#4 C:\xampp\htdocs\sisbomberos\system\CodeIgniter.php(918): App\Controllers\Galeria->index()
#5 C:\xampp\htdocs\sisbomberos\system\CodeIgniter.php(404): CodeIgniter\CodeIgniter->runController(Object(App\Controllers\Galeria))
#6 C:\xampp\htdocs\sisbomberos\system\CodeIgniter.php(312): CodeIgniter\CodeIgniter->handleRequest(NULL, Object(Config\Cache), false)
#7 C:\xampp\htdocs\sisbomberos\index.php(45): CodeIgniter\CodeIgniter->run()
#8 {main}
CRITICAL - 2020-09-25 19:37:47 --> Undefined variable: idnoticia
#0 C:\xampp\htdocs\sisbomberos\app\Controllers\Galeria.php(18): CodeIgniter\Debug\Exceptions->errorHandler(8, 'Undefined varia...', 'C:\\xampp\\htdocs...', 18, Array)
#1 C:\xampp\htdocs\sisbomberos\system\CodeIgniter.php(918): App\Controllers\Galeria->d_galeria()
#2 C:\xampp\htdocs\sisbomberos\system\CodeIgniter.php(404): CodeIgniter\CodeIgniter->runController(Object(App\Controllers\Galeria))
#3 C:\xampp\htdocs\sisbomberos\system\CodeIgniter.php(312): CodeIgniter\CodeIgniter->handleRequest(NULL, Object(Config\Cache), false)
#4 C:\xampp\htdocs\sisbomberos\index.php(45): CodeIgniter\CodeIgniter->run()
#5 {main}
CRITICAL - 2020-09-25 19:42:02 --> Undefined variable: contar_albunes
#0 C:\xampp\htdocs\sisbomberos\app\Views\main\nav\d_galeria.php(24): CodeIgniter\Debug\Exceptions->errorHandler(8, 'Undefined varia...', 'C:\\xampp\\htdocs...', 24, Array)
#1 C:\xampp\htdocs\sisbomberos\system\View\View.php(246): include('C:\\xampp\\htdocs...')
#2 C:\xampp\htdocs\sisbomberos\system\Common.php(1119): CodeIgniter\View\View->render('main/nav/d_gale...', Array, true)
#3 C:\xampp\htdocs\sisbomberos\app\Controllers\Galeria.php(21): view('main/nav/d_gale...', Array)
#4 C:\xampp\htdocs\sisbomberos\system\CodeIgniter.php(918): App\Controllers\Galeria->d_galeria()
#5 C:\xampp\htdocs\sisbomberos\system\CodeIgniter.php(404): CodeIgniter\CodeIgniter->runController(Object(App\Controllers\Galeria))
#6 C:\xampp\htdocs\sisbomberos\system\CodeIgniter.php(312): CodeIgniter\CodeIgniter->handleRequest(NULL, Object(Config\Cache), false)
#7 C:\xampp\htdocs\sisbomberos\index.php(45): CodeIgniter\CodeIgniter->run()
#8 {main}
CRITICAL - 2020-09-25 20:01:11 --> Undefined variable: total_n
#0 C:\xampp\htdocs\sisbomberos\app\Views\main\nav\d_galeria.php(2): CodeIgniter\Debug\Exceptions->errorHandler(8, 'Undefined varia...', 'C:\\xampp\\htdocs...', 2, Array)
#1 C:\xampp\htdocs\sisbomberos\system\View\View.php(246): include('C:\\xampp\\htdocs...')
#2 C:\xampp\htdocs\sisbomberos\system\Common.php(1119): CodeIgniter\View\View->render('main/nav/d_gale...', Array, true)
#3 C:\xampp\htdocs\sisbomberos\app\Controllers\Galeria.php(21): view('main/nav/d_gale...', Array)
#4 C:\xampp\htdocs\sisbomberos\system\CodeIgniter.php(918): App\Controllers\Galeria->d_galeria()
#5 C:\xampp\htdocs\sisbomberos\system\CodeIgniter.php(404): CodeIgniter\CodeIgniter->runController(Object(App\Controllers\Galeria))
#6 C:\xampp\htdocs\sisbomberos\system\CodeIgniter.php(312): CodeIgniter\CodeIgniter->handleRequest(NULL, Object(Config\Cache), false)
#7 C:\xampp\htdocs\sisbomberos\index.php(45): CodeIgniter\CodeIgniter->run()
#8 {main}
CRITICAL - 2020-09-25 20:02:40 --> syntax error, unexpected '$galeria' (T_VARIABLE), expecting function (T_FUNCTION) or const (T_CONST)
#0 C:\xampp\htdocs\sisbomberos\system\Router\Router.php(195): CodeIgniter\Router\Router->autoRoute('Galeria/d_galer...')
#1 C:\xampp\htdocs\sisbomberos\system\CodeIgniter.php(793): CodeIgniter\Router\Router->handle('Galeria/d_galer...')
#2 C:\xampp\htdocs\sisbomberos\system\CodeIgniter.php(364): CodeIgniter\CodeIgniter->tryToRouteIt(Object(CodeIgniter\Router\RouteCollection))
#3 C:\xampp\htdocs\sisbomberos\system\CodeIgniter.php(312): CodeIgniter\CodeIgniter->handleRequest(NULL, Object(Config\Cache), false)
#4 C:\xampp\htdocs\sisbomberos\index.php(45): CodeIgniter\CodeIgniter->run()
#5 {main}
CRITICAL - 2020-09-25 20:02:51 --> syntax error, unexpected '}', expecting end of file
#0 C:\xampp\htdocs\sisbomberos\system\Router\Router.php(195): CodeIgniter\Router\Router->autoRoute('Galeria/d_galer...')
#1 C:\xampp\htdocs\sisbomberos\system\CodeIgniter.php(793): CodeIgniter\Router\Router->handle('Galeria/d_galer...')
#2 C:\xampp\htdocs\sisbomberos\system\CodeIgniter.php(364): CodeIgniter\CodeIgniter->tryToRouteIt(Object(CodeIgniter\Router\RouteCollection))
#3 C:\xampp\htdocs\sisbomberos\system\CodeIgniter.php(312): CodeIgniter\CodeIgniter->handleRequest(NULL, Object(Config\Cache), false)
#4 C:\xampp\htdocs\sisbomberos\index.php(45): CodeIgniter\CodeIgniter->run()
#5 {main}
CRITICAL - 2020-09-25 20:03:49 --> syntax error, unexpected '}', expecting end of file
#0 C:\xampp\htdocs\sisbomberos\system\Router\Router.php(195): CodeIgniter\Router\Router->autoRoute('Galeria/d_galer...')
#1 C:\xampp\htdocs\sisbomberos\system\CodeIgniter.php(793): CodeIgniter\Router\Router->handle('Galeria/d_galer...')
#2 C:\xampp\htdocs\sisbomberos\system\CodeIgniter.php(364): CodeIgniter\CodeIgniter->tryToRouteIt(Object(CodeIgniter\Router\RouteCollection))
#3 C:\xampp\htdocs\sisbomberos\system\CodeIgniter.php(312): CodeIgniter\CodeIgniter->handleRequest(NULL, Object(Config\Cache), false)
#4 C:\xampp\htdocs\sisbomberos\index.php(45): CodeIgniter\CodeIgniter->run()
#5 {main}
CRITICAL - 2020-09-25 20:03:50 --> syntax error, unexpected '}', expecting end of file
#0 C:\xampp\htdocs\sisbomberos\system\Router\Router.php(195): CodeIgniter\Router\Router->autoRoute('Galeria/d_galer...')
#1 C:\xampp\htdocs\sisbomberos\system\CodeIgniter.php(793): CodeIgniter\Router\Router->handle('Galeria/d_galer...')
#2 C:\xampp\htdocs\sisbomberos\system\CodeIgniter.php(364): CodeIgniter\CodeIgniter->tryToRouteIt(Object(CodeIgniter\Router\RouteCollection))
#3 C:\xampp\htdocs\sisbomberos\system\CodeIgniter.php(312): CodeIgniter\CodeIgniter->handleRequest(NULL, Object(Config\Cache), false)
#4 C:\xampp\htdocs\sisbomberos\index.php(45): CodeIgniter\CodeIgniter->run()
#5 {main}
CRITICAL - 2020-09-25 20:03:50 --> syntax error, unexpected '}', expecting end of file
#0 C:\xampp\htdocs\sisbomberos\system\Router\Router.php(195): CodeIgniter\Router\Router->autoRoute('Galeria/d_galer...')
#1 C:\xampp\htdocs\sisbomberos\system\CodeIgniter.php(793): CodeIgniter\Router\Router->handle('Galeria/d_galer...')
#2 C:\xampp\htdocs\sisbomberos\system\CodeIgniter.php(364): CodeIgniter\CodeIgniter->tryToRouteIt(Object(CodeIgniter\Router\RouteCollection))
#3 C:\xampp\htdocs\sisbomberos\system\CodeIgniter.php(312): CodeIgniter\CodeIgniter->handleRequest(NULL, Object(Config\Cache), false)
#4 C:\xampp\htdocs\sisbomberos\index.php(45): CodeIgniter\CodeIgniter->run()
#5 {main}
CRITICAL - 2020-09-25 20:03:51 --> syntax error, unexpected '}', expecting end of file
#0 C:\xampp\htdocs\sisbomberos\system\Router\Router.php(195): CodeIgniter\Router\Router->autoRoute('Galeria/d_galer...')
#1 C:\xampp\htdocs\sisbomberos\system\CodeIgniter.php(793): CodeIgniter\Router\Router->handle('Galeria/d_galer...')
#2 C:\xampp\htdocs\sisbomberos\system\CodeIgniter.php(364): CodeIgniter\CodeIgniter->tryToRouteIt(Object(CodeIgniter\Router\RouteCollection))
#3 C:\xampp\htdocs\sisbomberos\system\CodeIgniter.php(312): CodeIgniter\CodeIgniter->handleRequest(NULL, Object(Config\Cache), false)
#4 C:\xampp\htdocs\sisbomberos\index.php(45): CodeIgniter\CodeIgniter->run()
#5 {main}
CRITICAL - 2020-09-25 20:03:51 --> syntax error, unexpected '}', expecting end of file
#0 C:\xampp\htdocs\sisbomberos\system\Router\Router.php(195): CodeIgniter\Router\Router->autoRoute('Galeria/d_galer...')
#1 C:\xampp\htdocs\sisbomberos\system\CodeIgniter.php(793): CodeIgniter\Router\Router->handle('Galeria/d_galer...')
#2 C:\xampp\htdocs\sisbomberos\system\CodeIgniter.php(364): CodeIgniter\CodeIgniter->tryToRouteIt(Object(CodeIgniter\Router\RouteCollection))
#3 C:\xampp\htdocs\sisbomberos\system\CodeIgniter.php(312): CodeIgniter\CodeIgniter->handleRequest(NULL, Object(Config\Cache), false)
#4 C:\xampp\htdocs\sisbomberos\index.php(45): CodeIgniter\CodeIgniter->run()
#5 {main}
CRITICAL - 2020-09-25 20:03:52 --> syntax error, unexpected '}', expecting end of file
#0 C:\xampp\htdocs\sisbomberos\system\Router\Router.php(195): CodeIgniter\Router\Router->autoRoute('Galeria/d_galer...')
#1 C:\xampp\htdocs\sisbomberos\system\CodeIgniter.php(793): CodeIgniter\Router\Router->handle('Galeria/d_galer...')
#2 C:\xampp\htdocs\sisbomberos\system\CodeIgniter.php(364): CodeIgniter\CodeIgniter->tryToRouteIt(Object(CodeIgniter\Router\RouteCollection))
#3 C:\xampp\htdocs\sisbomberos\system\CodeIgniter.php(312): CodeIgniter\CodeIgniter->handleRequest(NULL, Object(Config\Cache), false)
#4 C:\xampp\htdocs\sisbomberos\index.php(45): CodeIgniter\CodeIgniter->run()
#5 {main}
CRITICAL - 2020-09-25 20:04:09 --> Undefined index: pagina
#0 C:\xampp\htdocs\sisbomberos\app\Controllers\Galeria.php(24): CodeIgniter\Debug\Exceptions->errorHandler(8, 'Undefined index...', 'C:\\xampp\\htdocs...', 24, Array)
#1 C:\xampp\htdocs\sisbomberos\system\CodeIgniter.php(918): App\Controllers\Galeria->d_galeria()
#2 C:\xampp\htdocs\sisbomberos\system\CodeIgniter.php(404): CodeIgniter\CodeIgniter->runController(Object(App\Controllers\Galeria))
#3 C:\xampp\htdocs\sisbomberos\system\CodeIgniter.php(312): CodeIgniter\CodeIgniter->handleRequest(NULL, Object(Config\Cache), false)
#4 C:\xampp\htdocs\sisbomberos\index.php(45): CodeIgniter\CodeIgniter->run()
#5 {main}
CRITICAL - 2020-09-25 20:06:39 --> Undefined variable: pagina
#0 C:\xampp\htdocs\sisbomberos\app\Controllers\Galeria.php(16): CodeIgniter\Debug\Exceptions->errorHandler(8, 'Undefined varia...', 'C:\\xampp\\htdocs...', 16, Array)
#1 C:\xampp\htdocs\sisbomberos\system\CodeIgniter.php(918): App\Controllers\Galeria->d_galeria()
#2 C:\xampp\htdocs\sisbomberos\system\CodeIgniter.php(404): CodeIgniter\CodeIgniter->runController(Object(App\Controllers\Galeria))
#3 C:\xampp\htdocs\sisbomberos\system\CodeIgniter.php(312): CodeIgniter\CodeIgniter->handleRequest(NULL, Object(Config\Cache), false)
#4 C:\xampp\htdocs\sisbomberos\index.php(45): CodeIgniter\CodeIgniter->run()
#5 {main}
CRITICAL - 2020-09-25 20:06:53 --> Undefined index: pagina
#0 C:\xampp\htdocs\sisbomberos\app\Controllers\Galeria.php(16): CodeIgniter\Debug\Exceptions->errorHandler(8, 'Undefined index...', 'C:\\xampp\\htdocs...', 16, Array)
#1 C:\xampp\htdocs\sisbomberos\system\CodeIgniter.php(918): App\Controllers\Galeria->d_galeria()
#2 C:\xampp\htdocs\sisbomberos\system\CodeIgniter.php(404): CodeIgniter\CodeIgniter->runController(Object(App\Controllers\Galeria))
#3 C:\xampp\htdocs\sisbomberos\system\CodeIgniter.php(312): CodeIgniter\CodeIgniter->handleRequest(NULL, Object(Config\Cache), false)
#4 C:\xampp\htdocs\sisbomberos\index.php(45): CodeIgniter\CodeIgniter->run()
#5 {main}
CRITICAL - 2020-09-25 20:06:54 --> Undefined index: pagina
#0 C:\xampp\htdocs\sisbomberos\app\Controllers\Galeria.php(16): CodeIgniter\Debug\Exceptions->errorHandler(8, 'Undefined index...', 'C:\\xampp\\htdocs...', 16, Array)
#1 C:\xampp\htdocs\sisbomberos\system\CodeIgniter.php(918): App\Controllers\Galeria->d_galeria()
#2 C:\xampp\htdocs\sisbomberos\system\CodeIgniter.php(404): CodeIgniter\CodeIgniter->runController(Object(App\Controllers\Galeria))
#3 C:\xampp\htdocs\sisbomberos\system\CodeIgniter.php(312): CodeIgniter\CodeIgniter->handleRequest(NULL, Object(Config\Cache), false)
#4 C:\xampp\htdocs\sisbomberos\index.php(45): CodeIgniter\CodeIgniter->run()
#5 {main}
CRITICAL - 2020-09-25 20:06:55 --> Undefined index: pagina
#0 C:\xampp\htdocs\sisbomberos\app\Controllers\Galeria.php(16): CodeIgniter\Debug\Exceptions->errorHandler(8, 'Undefined index...', 'C:\\xampp\\htdocs...', 16, Array)
#1 C:\xampp\htdocs\sisbomberos\system\CodeIgniter.php(918): App\Controllers\Galeria->d_galeria()
#2 C:\xampp\htdocs\sisbomberos\system\CodeIgniter.php(404): CodeIgniter\CodeIgniter->runController(Object(App\Controllers\Galeria))
#3 C:\xampp\htdocs\sisbomberos\system\CodeIgniter.php(312): CodeIgniter\CodeIgniter->handleRequest(NULL, Object(Config\Cache), false)
#4 C:\xampp\htdocs\sisbomberos\index.php(45): CodeIgniter\CodeIgniter->run()
#5 {main}
CRITICAL - 2020-09-25 20:07:26 --> Undefined index: pagina
#0 C:\xampp\htdocs\sisbomberos\app\Controllers\Galeria.php(24): CodeIgniter\Debug\Exceptions->errorHandler(8, 'Undefined index...', 'C:\\xampp\\htdocs...', 24, Array)
#1 C:\xampp\htdocs\sisbomberos\system\CodeIgniter.php(918): App\Controllers\Galeria->d_galeria()
#2 C:\xampp\htdocs\sisbomberos\system\CodeIgniter.php(404): CodeIgniter\CodeIgniter->runController(Object(App\Controllers\Galeria))
#3 C:\xampp\htdocs\sisbomberos\system\CodeIgniter.php(312): CodeIgniter\CodeIgniter->handleRequest(NULL, Object(Config\Cache), false)
#4 C:\xampp\htdocs\sisbomberos\index.php(45): CodeIgniter\CodeIgniter->run()
#5 {main}
CRITICAL - 2020-09-25 20:07:50 --> Too few arguments to function App\Models\GaleriaModel::galeria(), 1 passed in C:\xampp\htdocs\sisbomberos\app\Controllers\Galeria.php on line 19 and exactly 2 expected
#0 C:\xampp\htdocs\sisbomberos\app\Controllers\Galeria.php(19): App\Models\GaleriaModel->galeria('1601069647')
#1 C:\xampp\htdocs\sisbomberos\system\CodeIgniter.php(918): App\Controllers\Galeria->d_galeria()
#2 C:\xampp\htdocs\sisbomberos\system\CodeIgniter.php(404): CodeIgniter\CodeIgniter->runController(Object(App\Controllers\Galeria))
#3 C:\xampp\htdocs\sisbomberos\system\CodeIgniter.php(312): CodeIgniter\CodeIgniter->handleRequest(NULL, Object(Config\Cache), false)
#4 C:\xampp\htdocs\sisbomberos\index.php(45): CodeIgniter\CodeIgniter->run()
#5 {main}
CRITICAL - 2020-09-25 20:47:25 --> Undefined index: pagina
#0 C:\xampp\htdocs\sisbomberos\app\Controllers\Galeria.php(21): CodeIgniter\Debug\Exceptions->errorHandler(8, 'Undefined index...', 'C:\\xampp\\htdocs...', 21, Array)
#1 C:\xampp\htdocs\sisbomberos\system\CodeIgniter.php(918): App\Controllers\Galeria->d_galeria()
#2 C:\xampp\htdocs\sisbomberos\system\CodeIgniter.php(404): CodeIgniter\CodeIgniter->runController(Object(App\Controllers\Galeria))
#3 C:\xampp\htdocs\sisbomberos\system\CodeIgniter.php(312): CodeIgniter\CodeIgniter->handleRequest(NULL, Object(Config\Cache), false)
#4 C:\xampp\htdocs\sisbomberos\index.php(45): CodeIgniter\CodeIgniter->run()
#5 {main}
CRITICAL - 2020-09-25 20:47:49 --> Invalid argument supplied for foreach()
#0 C:\xampp\htdocs\sisbomberos\app\Views\main\nav\noticias.php(57): CodeIgniter\Debug\Exceptions->errorHandler(2, 'Invalid argumen...', 'C:\\xampp\\htdocs...', 57, Array)
#1 C:\xampp\htdocs\sisbomberos\system\View\View.php(246): include('C:\\xampp\\htdocs...')
#2 C:\xampp\htdocs\sisbomberos\system\Common.php(1119): CodeIgniter\View\View->render('main/nav/notici...', Array, true)
#3 C:\xampp\htdocs\sisbomberos\app\Controllers\Noticias.php(20): view('main/nav/notici...', Array)
#4 C:\xampp\htdocs\sisbomberos\system\CodeIgniter.php(918): App\Controllers\Noticias->index()
#5 C:\xampp\htdocs\sisbomberos\system\CodeIgniter.php(404): CodeIgniter\CodeIgniter->runController(Object(App\Controllers\Noticias))
#6 C:\xampp\htdocs\sisbomberos\system\CodeIgniter.php(312): CodeIgniter\CodeIgniter->handleRequest(NULL, Object(Config\Cache), false)
#7 C:\xampp\htdocs\sisbomberos\index.php(45): CodeIgniter\CodeIgniter->run()
#8 {main}
