CRITICAL - 2020-09-27 10:24:31 --> Creating default object from empty value
#0 C:\xampp\htdocs\sisbomberos\app\Views\main\nav\galeria.php(19): CodeIgniter\Debug\Exceptions->errorHandler(2, 'Creating defaul...', 'C:\\xampp\\htdocs...', 19, Array)
#1 C:\xampp\htdocs\sisbomberos\system\View\View.php(246): include('C:\\xampp\\htdocs...')
#2 C:\xampp\htdocs\sisbomberos\system\Common.php(1119): CodeIgniter\View\View->render('main/nav/galeri...', Array, true)
#3 C:\xampp\htdocs\sisbomberos\app\Controllers\Galeria.php(14): view('main/nav/galeri...', Array)
#4 C:\xampp\htdocs\sisbomberos\system\CodeIgniter.php(918): App\Controllers\Galeria->index()
#5 C:\xampp\htdocs\sisbomberos\system\CodeIgniter.php(404): CodeIgniter\CodeIgniter->runController(Object(App\Controllers\Galeria))
#6 C:\xampp\htdocs\sisbomberos\system\CodeIgniter.php(312): CodeIgniter\CodeIgniter->handleRequest(NULL, Object(Config\Cache), false)
#7 C:\xampp\htdocs\sisbomberos\index.php(45): CodeIgniter\CodeIgniter->run()
#8 {main}
CRITICAL - 2020-09-27 10:27:21 --> Undefined variable: encrypter
#0 C:\xampp\htdocs\sisbomberos\app\Views\main\nav\galeria.php(21): CodeIgniter\Debug\Exceptions->errorHandler(8, 'Undefined varia...', 'C:\\xampp\\htdocs...', 21, Array)
#1 C:\xampp\htdocs\sisbomberos\system\View\View.php(246): include('C:\\xampp\\htdocs...')
#2 C:\xampp\htdocs\sisbomberos\system\Common.php(1119): CodeIgniter\View\View->render('main/nav/galeri...', Array, true)
#3 C:\xampp\htdocs\sisbomberos\app\Controllers\Galeria.php(17): view('main/nav/galeri...', Array)
#4 C:\xampp\htdocs\sisbomberos\system\CodeIgniter.php(918): App\Controllers\Galeria->index()
#5 C:\xampp\htdocs\sisbomberos\system\CodeIgniter.php(404): CodeIgniter\CodeIgniter->runController(Object(App\Controllers\Galeria))
#6 C:\xampp\htdocs\sisbomberos\system\CodeIgniter.php(312): CodeIgniter\CodeIgniter->handleRequest(NULL, Object(Config\Cache), false)
#7 C:\xampp\htdocs\sisbomberos\index.php(45): CodeIgniter\CodeIgniter->run()
#8 {main}
CRITICAL - 2020-09-27 10:32:39 --> Undefined variable: ciphertext
#0 C:\xampp\htdocs\sisbomberos\app\Views\main\nav\galeria.php(30): CodeIgniter\Debug\Exceptions->errorHandler(8, 'Undefined varia...', 'C:\\xampp\\htdocs...', 30, Array)
#1 C:\xampp\htdocs\sisbomberos\system\View\View.php(246): include('C:\\xampp\\htdocs...')
#2 C:\xampp\htdocs\sisbomberos\system\Common.php(1119): CodeIgniter\View\View->render('main/nav/galeri...', Array, true)
#3 C:\xampp\htdocs\sisbomberos\app\Controllers\Galeria.php(13): view('main/nav/galeri...', Array)
#4 C:\xampp\htdocs\sisbomberos\system\CodeIgniter.php(918): App\Controllers\Galeria->index()
#5 C:\xampp\htdocs\sisbomberos\system\CodeIgniter.php(404): CodeIgniter\CodeIgniter->runController(Object(App\Controllers\Galeria))
#6 C:\xampp\htdocs\sisbomberos\system\CodeIgniter.php(312): CodeIgniter\CodeIgniter->handleRequest(NULL, Object(Config\Cache), false)
#7 C:\xampp\htdocs\sisbomberos\index.php(45): CodeIgniter\CodeIgniter->run()
#8 {main}
CRITICAL - 2020-09-27 10:37:21 --> A non-numeric value encountered
#0 C:\xampp\htdocs\sisbomberos\app\Controllers\Galeria.php(23): CodeIgniter\Debug\Exceptions->errorHandler(2, 'A non-numeric v...', 'C:\\xampp\\htdocs...', 23, Array)
#1 C:\xampp\htdocs\sisbomberos\system\CodeIgniter.php(918): App\Controllers\Galeria->d_galeria()
#2 C:\xampp\htdocs\sisbomberos\system\CodeIgniter.php(404): CodeIgniter\CodeIgniter->runController(Object(App\Controllers\Galeria))
#3 C:\xampp\htdocs\sisbomberos\system\CodeIgniter.php(312): CodeIgniter\CodeIgniter->handleRequest(NULL, Object(Config\Cache), false)
#4 C:\xampp\htdocs\sisbomberos\index.php(45): CodeIgniter\CodeIgniter->run()
#5 {main}
CRITICAL - 2020-09-27 10:38:40 --> Undefined variable: encrypter
#0 C:\xampp\htdocs\sisbomberos\app\Controllers\Galeria.php(23): CodeIgniter\Debug\Exceptions->errorHandler(8, 'Undefined varia...', 'C:\\xampp\\htdocs...', 23, Array)
#1 C:\xampp\htdocs\sisbomberos\system\CodeIgniter.php(918): App\Controllers\Galeria->d_galeria()
#2 C:\xampp\htdocs\sisbomberos\system\CodeIgniter.php(404): CodeIgniter\CodeIgniter->runController(Object(App\Controllers\Galeria))
#3 C:\xampp\htdocs\sisbomberos\system\CodeIgniter.php(312): CodeIgniter\CodeIgniter->handleRequest(NULL, Object(Config\Cache), false)
#4 C:\xampp\htdocs\sisbomberos\index.php(45): CodeIgniter\CodeIgniter->run()
#5 {main}
CRITICAL - 2020-09-27 10:39:20 --> Decrypting: authentication failed.
#0 C:\xampp\htdocs\sisbomberos\system\Encryption\Handlers\OpenSSLHandler.php(159): CodeIgniter\Encryption\Exceptions\EncryptionException::forAuthenticationFailed()
#1 C:\xampp\htdocs\sisbomberos\app\Controllers\Galeria.php(28): CodeIgniter\Encryption\Handlers\OpenSSLHandler->decrypt('')
#2 C:\xampp\htdocs\sisbomberos\system\CodeIgniter.php(918): App\Controllers\Galeria->d_galeria()
#3 C:\xampp\htdocs\sisbomberos\system\CodeIgniter.php(404): CodeIgniter\CodeIgniter->runController(Object(App\Controllers\Galeria))
#4 C:\xampp\htdocs\sisbomberos\system\CodeIgniter.php(312): CodeIgniter\CodeIgniter->handleRequest(NULL, Object(Config\Cache), false)
#5 C:\xampp\htdocs\sisbomberos\index.php(45): CodeIgniter\CodeIgniter->run()
#6 {main}
CRITICAL - 2020-09-27 10:39:38 --> Decrypting: authentication failed.
#0 C:\xampp\htdocs\sisbomberos\system\Encryption\Handlers\OpenSSLHandler.php(159): CodeIgniter\Encryption\Exceptions\EncryptionException::forAuthenticationFailed()
#1 C:\xampp\htdocs\sisbomberos\app\Controllers\Galeria.php(28): CodeIgniter\Encryption\Handlers\OpenSSLHandler->decrypt('')
#2 C:\xampp\htdocs\sisbomberos\system\CodeIgniter.php(918): App\Controllers\Galeria->d_galeria()
#3 C:\xampp\htdocs\sisbomberos\system\CodeIgniter.php(404): CodeIgniter\CodeIgniter->runController(Object(App\Controllers\Galeria))
#4 C:\xampp\htdocs\sisbomberos\system\CodeIgniter.php(312): CodeIgniter\CodeIgniter->handleRequest(NULL, Object(Config\Cache), false)
#5 C:\xampp\htdocs\sisbomberos\index.php(45): CodeIgniter\CodeIgniter->run()
#6 {main}
CRITICAL - 2020-09-27 10:41:17 --> Decrypting: authentication failed.
#0 C:\xampp\htdocs\sisbomberos\system\Encryption\Handlers\OpenSSLHandler.php(159): CodeIgniter\Encryption\Exceptions\EncryptionException::forAuthenticationFailed()
#1 C:\xampp\htdocs\sisbomberos\app\Controllers\Galeria.php(28): CodeIgniter\Encryption\Handlers\OpenSSLHandler->decrypt('')
#2 C:\xampp\htdocs\sisbomberos\system\CodeIgniter.php(918): App\Controllers\Galeria->d_galeria()
#3 C:\xampp\htdocs\sisbomberos\system\CodeIgniter.php(404): CodeIgniter\CodeIgniter->runController(Object(App\Controllers\Galeria))
#4 C:\xampp\htdocs\sisbomberos\system\CodeIgniter.php(312): CodeIgniter\CodeIgniter->handleRequest(NULL, Object(Config\Cache), false)
#5 C:\xampp\htdocs\sisbomberos\index.php(45): CodeIgniter\CodeIgniter->run()
#6 {main}
CRITICAL - 2020-09-27 10:41:22 --> Decrypting: authentication failed.
#0 C:\xampp\htdocs\sisbomberos\system\Encryption\Handlers\OpenSSLHandler.php(159): CodeIgniter\Encryption\Exceptions\EncryptionException::forAuthenticationFailed()
#1 C:\xampp\htdocs\sisbomberos\app\Controllers\Galeria.php(28): CodeIgniter\Encryption\Handlers\OpenSSLHandler->decrypt('\xBD8>_\x10VNK\xEF\xBF\xBD\xEF\xBF\xBD@...')
#2 C:\xampp\htdocs\sisbomberos\system\CodeIgniter.php(918): App\Controllers\Galeria->d_galeria()
#3 C:\xampp\htdocs\sisbomberos\system\CodeIgniter.php(404): CodeIgniter\CodeIgniter->runController(Object(App\Controllers\Galeria))
#4 C:\xampp\htdocs\sisbomberos\system\CodeIgniter.php(312): CodeIgniter\CodeIgniter->handleRequest(NULL, Object(Config\Cache), false)
#5 C:\xampp\htdocs\sisbomberos\index.php(45): CodeIgniter\CodeIgniter->run()
#6 {main}
CRITICAL - 2020-09-27 10:43:07 --> Decrypting: authentication failed.
#0 C:\xampp\htdocs\sisbomberos\system\Encryption\Handlers\OpenSSLHandler.php(159): CodeIgniter\Encryption\Exceptions\EncryptionException::forAuthenticationFailed()
#1 C:\xampp\htdocs\sisbomberos\app\Controllers\Galeria.php(28): CodeIgniter\Encryption\Handlers\OpenSSLHandler->decrypt('')
#2 C:\xampp\htdocs\sisbomberos\system\CodeIgniter.php(918): App\Controllers\Galeria->d_galeria()
#3 C:\xampp\htdocs\sisbomberos\system\CodeIgniter.php(404): CodeIgniter\CodeIgniter->runController(Object(App\Controllers\Galeria))
#4 C:\xampp\htdocs\sisbomberos\system\CodeIgniter.php(312): CodeIgniter\CodeIgniter->handleRequest(NULL, Object(Config\Cache), false)
#5 C:\xampp\htdocs\sisbomberos\index.php(45): CodeIgniter\CodeIgniter->run()
#6 {main}
CRITICAL - 2020-09-27 10:43:08 --> Decrypting: authentication failed.
#0 C:\xampp\htdocs\sisbomberos\system\Encryption\Handlers\OpenSSLHandler.php(159): CodeIgniter\Encryption\Exceptions\EncryptionException::forAuthenticationFailed()
#1 C:\xampp\htdocs\sisbomberos\app\Controllers\Galeria.php(28): CodeIgniter\Encryption\Handlers\OpenSSLHandler->decrypt('')
#2 C:\xampp\htdocs\sisbomberos\system\CodeIgniter.php(918): App\Controllers\Galeria->d_galeria()
#3 C:\xampp\htdocs\sisbomberos\system\CodeIgniter.php(404): CodeIgniter\CodeIgniter->runController(Object(App\Controllers\Galeria))
#4 C:\xampp\htdocs\sisbomberos\system\CodeIgniter.php(312): CodeIgniter\CodeIgniter->handleRequest(NULL, Object(Config\Cache), false)
#5 C:\xampp\htdocs\sisbomberos\index.php(45): CodeIgniter\CodeIgniter->run()
#6 {main}
CRITICAL - 2020-09-27 10:43:12 --> Decrypting: authentication failed.
#0 C:\xampp\htdocs\sisbomberos\system\Encryption\Handlers\OpenSSLHandler.php(159): CodeIgniter\Encryption\Exceptions\EncryptionException::forAuthenticationFailed()
#1 C:\xampp\htdocs\sisbomberos\app\Controllers\Galeria.php(28): CodeIgniter\Encryption\Handlers\OpenSSLHandler->decrypt('')
#2 C:\xampp\htdocs\sisbomberos\system\CodeIgniter.php(918): App\Controllers\Galeria->d_galeria()
#3 C:\xampp\htdocs\sisbomberos\system\CodeIgniter.php(404): CodeIgniter\CodeIgniter->runController(Object(App\Controllers\Galeria))
#4 C:\xampp\htdocs\sisbomberos\system\CodeIgniter.php(312): CodeIgniter\CodeIgniter->handleRequest(NULL, Object(Config\Cache), false)
#5 C:\xampp\htdocs\sisbomberos\index.php(45): CodeIgniter\CodeIgniter->run()
#6 {main}
CRITICAL - 2020-09-27 10:43:50 --> Decrypting: authentication failed.
#0 C:\xampp\htdocs\sisbomberos\system\Encryption\Handlers\OpenSSLHandler.php(159): CodeIgniter\Encryption\Exceptions\EncryptionException::forAuthenticationFailed()
#1 C:\xampp\htdocs\sisbomberos\app\Controllers\Galeria.php(29): CodeIgniter\Encryption\Handlers\OpenSSLHandler->decrypt('\xBD')
#2 C:\xampp\htdocs\sisbomberos\system\CodeIgniter.php(918): App\Controllers\Galeria->d_galeria()
#3 C:\xampp\htdocs\sisbomberos\system\CodeIgniter.php(404): CodeIgniter\CodeIgniter->runController(Object(App\Controllers\Galeria))
#4 C:\xampp\htdocs\sisbomberos\system\CodeIgniter.php(312): CodeIgniter\CodeIgniter->handleRequest(NULL, Object(Config\Cache), false)
#5 C:\xampp\htdocs\sisbomberos\index.php(45): CodeIgniter\CodeIgniter->run()
#6 {main}
CRITICAL - 2020-09-27 10:43:51 --> Decrypting: authentication failed.
#0 C:\xampp\htdocs\sisbomberos\system\Encryption\Handlers\OpenSSLHandler.php(159): CodeIgniter\Encryption\Exceptions\EncryptionException::forAuthenticationFailed()
#1 C:\xampp\htdocs\sisbomberos\app\Controllers\Galeria.php(29): CodeIgniter\Encryption\Handlers\OpenSSLHandler->decrypt('\xBD')
#2 C:\xampp\htdocs\sisbomberos\system\CodeIgniter.php(918): App\Controllers\Galeria->d_galeria()
#3 C:\xampp\htdocs\sisbomberos\system\CodeIgniter.php(404): CodeIgniter\CodeIgniter->runController(Object(App\Controllers\Galeria))
#4 C:\xampp\htdocs\sisbomberos\system\CodeIgniter.php(312): CodeIgniter\CodeIgniter->handleRequest(NULL, Object(Config\Cache), false)
#5 C:\xampp\htdocs\sisbomberos\index.php(45): CodeIgniter\CodeIgniter->run()
#6 {main}
CRITICAL - 2020-09-27 10:47:52 --> syntax error, unexpected '">' (T_CONSTANT_ENCAPSED_STRING), expecting ';' or ','
#0 C:\xampp\htdocs\sisbomberos\system\Common.php(1119): CodeIgniter\View\View->render('main/nav/galeri...', Array, true)
#1 C:\xampp\htdocs\sisbomberos\app\Controllers\Galeria.php(13): view('main/nav/galeri...', Array)
#2 C:\xampp\htdocs\sisbomberos\system\CodeIgniter.php(918): App\Controllers\Galeria->index()
#3 C:\xampp\htdocs\sisbomberos\system\CodeIgniter.php(404): CodeIgniter\CodeIgniter->runController(Object(App\Controllers\Galeria))
#4 C:\xampp\htdocs\sisbomberos\system\CodeIgniter.php(312): CodeIgniter\CodeIgniter->handleRequest(NULL, Object(Config\Cache), false)
#5 C:\xampp\htdocs\sisbomberos\index.php(45): CodeIgniter\CodeIgniter->run()
#6 {main}
CRITICAL - 2020-09-27 10:47:53 --> syntax error, unexpected '">' (T_CONSTANT_ENCAPSED_STRING), expecting ';' or ','
#0 C:\xampp\htdocs\sisbomberos\system\Common.php(1119): CodeIgniter\View\View->render('main/nav/galeri...', Array, true)
#1 C:\xampp\htdocs\sisbomberos\app\Controllers\Galeria.php(13): view('main/nav/galeri...', Array)
#2 C:\xampp\htdocs\sisbomberos\system\CodeIgniter.php(918): App\Controllers\Galeria->index()
#3 C:\xampp\htdocs\sisbomberos\system\CodeIgniter.php(404): CodeIgniter\CodeIgniter->runController(Object(App\Controllers\Galeria))
#4 C:\xampp\htdocs\sisbomberos\system\CodeIgniter.php(312): CodeIgniter\CodeIgniter->handleRequest(NULL, Object(Config\Cache), false)
#5 C:\xampp\htdocs\sisbomberos\index.php(45): CodeIgniter\CodeIgniter->run()
#6 {main}
CRITICAL - 2020-09-27 10:49:21 --> Decrypting: authentication failed.
#0 C:\xampp\htdocs\sisbomberos\system\Encryption\Handlers\OpenSSLHandler.php(159): CodeIgniter\Encryption\Exceptions\EncryptionException::forAuthenticationFailed()
#1 C:\xampp\htdocs\sisbomberos\app\Controllers\Galeria.php(30): CodeIgniter\Encryption\Handlers\OpenSSLHandler->decrypt('')
#2 C:\xampp\htdocs\sisbomberos\system\CodeIgniter.php(918): App\Controllers\Galeria->d_galeria()
#3 C:\xampp\htdocs\sisbomberos\system\CodeIgniter.php(404): CodeIgniter\CodeIgniter->runController(Object(App\Controllers\Galeria))
#4 C:\xampp\htdocs\sisbomberos\system\CodeIgniter.php(312): CodeIgniter\CodeIgniter->handleRequest(NULL, Object(Config\Cache), false)
#5 C:\xampp\htdocs\sisbomberos\index.php(45): CodeIgniter\CodeIgniter->run()
#6 {main}
CRITICAL - 2020-09-27 10:50:03 --> A non-numeric value encountered
#0 C:\xampp\htdocs\sisbomberos\app\Views\main\nav\d_galeria.php(33): CodeIgniter\Debug\Exceptions->errorHandler(2, 'A non-numeric v...', 'C:\\xampp\\htdocs...', 33, Array)
#1 C:\xampp\htdocs\sisbomberos\system\View\View.php(246): include('C:\\xampp\\htdocs...')
#2 C:\xampp\htdocs\sisbomberos\system\Common.php(1119): CodeIgniter\View\View->render('main/nav/d_gale...', Array, true)
#3 C:\xampp\htdocs\sisbomberos\app\Controllers\Galeria.php(32): view('main/nav/d_gale...', Array)
#4 C:\xampp\htdocs\sisbomberos\system\CodeIgniter.php(918): App\Controllers\Galeria->d_galeria()
#5 C:\xampp\htdocs\sisbomberos\system\CodeIgniter.php(404): CodeIgniter\CodeIgniter->runController(Object(App\Controllers\Galeria))
#6 C:\xampp\htdocs\sisbomberos\system\CodeIgniter.php(312): CodeIgniter\CodeIgniter->handleRequest(NULL, Object(Config\Cache), false)
#7 C:\xampp\htdocs\sisbomberos\index.php(45): CodeIgniter\CodeIgniter->run()
#8 {main}
CRITICAL - 2020-09-27 10:52:49 --> A non-numeric value encountered
#0 C:\xampp\htdocs\sisbomberos\app\Views\main\nav\d_galeria.php(33): CodeIgniter\Debug\Exceptions->errorHandler(2, 'A non-numeric v...', 'C:\\xampp\\htdocs...', 33, Array)
#1 C:\xampp\htdocs\sisbomberos\system\View\View.php(246): include('C:\\xampp\\htdocs...')
#2 C:\xampp\htdocs\sisbomberos\system\Common.php(1119): CodeIgniter\View\View->render('main/nav/d_gale...', Array, true)
#3 C:\xampp\htdocs\sisbomberos\app\Controllers\Galeria.php(33): view('main/nav/d_gale...', Array)
#4 C:\xampp\htdocs\sisbomberos\system\CodeIgniter.php(918): App\Controllers\Galeria->d_galeria()
#5 C:\xampp\htdocs\sisbomberos\system\CodeIgniter.php(404): CodeIgniter\CodeIgniter->runController(Object(App\Controllers\Galeria))
#6 C:\xampp\htdocs\sisbomberos\system\CodeIgniter.php(312): CodeIgniter\CodeIgniter->handleRequest(NULL, Object(Config\Cache), false)
#7 C:\xampp\htdocs\sisbomberos\index.php(45): CodeIgniter\CodeIgniter->run()
#8 {main}
CRITICAL - 2020-09-27 10:52:50 --> A non-numeric value encountered
#0 C:\xampp\htdocs\sisbomberos\app\Views\main\nav\d_galeria.php(33): CodeIgniter\Debug\Exceptions->errorHandler(2, 'A non-numeric v...', 'C:\\xampp\\htdocs...', 33, Array)
#1 C:\xampp\htdocs\sisbomberos\system\View\View.php(246): include('C:\\xampp\\htdocs...')
#2 C:\xampp\htdocs\sisbomberos\system\Common.php(1119): CodeIgniter\View\View->render('main/nav/d_gale...', Array, true)
#3 C:\xampp\htdocs\sisbomberos\app\Controllers\Galeria.php(33): view('main/nav/d_gale...', Array)
#4 C:\xampp\htdocs\sisbomberos\system\CodeIgniter.php(918): App\Controllers\Galeria->d_galeria()
#5 C:\xampp\htdocs\sisbomberos\system\CodeIgniter.php(404): CodeIgniter\CodeIgniter->runController(Object(App\Controllers\Galeria))
#6 C:\xampp\htdocs\sisbomberos\system\CodeIgniter.php(312): CodeIgniter\CodeIgniter->handleRequest(NULL, Object(Config\Cache), false)
#7 C:\xampp\htdocs\sisbomberos\index.php(45): CodeIgniter\CodeIgniter->run()
#8 {main}
CRITICAL - 2020-09-27 10:52:51 --> A non-numeric value encountered
#0 C:\xampp\htdocs\sisbomberos\app\Views\main\nav\d_galeria.php(33): CodeIgniter\Debug\Exceptions->errorHandler(2, 'A non-numeric v...', 'C:\\xampp\\htdocs...', 33, Array)
#1 C:\xampp\htdocs\sisbomberos\system\View\View.php(246): include('C:\\xampp\\htdocs...')
#2 C:\xampp\htdocs\sisbomberos\system\Common.php(1119): CodeIgniter\View\View->render('main/nav/d_gale...', Array, true)
#3 C:\xampp\htdocs\sisbomberos\app\Controllers\Galeria.php(33): view('main/nav/d_gale...', Array)
#4 C:\xampp\htdocs\sisbomberos\system\CodeIgniter.php(918): App\Controllers\Galeria->d_galeria()
#5 C:\xampp\htdocs\sisbomberos\system\CodeIgniter.php(404): CodeIgniter\CodeIgniter->runController(Object(App\Controllers\Galeria))
#6 C:\xampp\htdocs\sisbomberos\system\CodeIgniter.php(312): CodeIgniter\CodeIgniter->handleRequest(NULL, Object(Config\Cache), false)
#7 C:\xampp\htdocs\sisbomberos\index.php(45): CodeIgniter\CodeIgniter->run()
#8 {main}
CRITICAL - 2020-09-27 10:52:57 --> A non-numeric value encountered
#0 C:\xampp\htdocs\sisbomberos\app\Views\main\nav\d_galeria.php(33): CodeIgniter\Debug\Exceptions->errorHandler(2, 'A non-numeric v...', 'C:\\xampp\\htdocs...', 33, Array)
#1 C:\xampp\htdocs\sisbomberos\system\View\View.php(246): include('C:\\xampp\\htdocs...')
#2 C:\xampp\htdocs\sisbomberos\system\Common.php(1119): CodeIgniter\View\View->render('main/nav/d_gale...', Array, true)
#3 C:\xampp\htdocs\sisbomberos\app\Controllers\Galeria.php(33): view('main/nav/d_gale...', Array)
#4 C:\xampp\htdocs\sisbomberos\system\CodeIgniter.php(918): App\Controllers\Galeria->d_galeria()
#5 C:\xampp\htdocs\sisbomberos\system\CodeIgniter.php(404): CodeIgniter\CodeIgniter->runController(Object(App\Controllers\Galeria))
#6 C:\xampp\htdocs\sisbomberos\system\CodeIgniter.php(312): CodeIgniter\CodeIgniter->handleRequest(NULL, Object(Config\Cache), false)
#7 C:\xampp\htdocs\sisbomberos\index.php(45): CodeIgniter\CodeIgniter->run()
#8 {main}
CRITICAL - 2020-09-27 10:54:01 --> syntax error, unexpected '='
#0 C:\xampp\htdocs\sisbomberos\system\Common.php(1119): CodeIgniter\View\View->render('main/nav/d_gale...', Array, true)
#1 C:\xampp\htdocs\sisbomberos\app\Controllers\Galeria.php(33): view('main/nav/d_gale...', Array)
#2 C:\xampp\htdocs\sisbomberos\system\CodeIgniter.php(918): App\Controllers\Galeria->d_galeria()
#3 C:\xampp\htdocs\sisbomberos\system\CodeIgniter.php(404): CodeIgniter\CodeIgniter->runController(Object(App\Controllers\Galeria))
#4 C:\xampp\htdocs\sisbomberos\system\CodeIgniter.php(312): CodeIgniter\CodeIgniter->handleRequest(NULL, Object(Config\Cache), false)
#5 C:\xampp\htdocs\sisbomberos\index.php(45): CodeIgniter\CodeIgniter->run()
#6 {main}
CRITICAL - 2020-09-27 10:54:33 --> syntax error, unexpected '='
#0 C:\xampp\htdocs\sisbomberos\system\Common.php(1119): CodeIgniter\View\View->render('main/nav/d_gale...', Array, true)
#1 C:\xampp\htdocs\sisbomberos\app\Controllers\Galeria.php(33): view('main/nav/d_gale...', Array)
#2 C:\xampp\htdocs\sisbomberos\system\CodeIgniter.php(918): App\Controllers\Galeria->d_galeria()
#3 C:\xampp\htdocs\sisbomberos\system\CodeIgniter.php(404): CodeIgniter\CodeIgniter->runController(Object(App\Controllers\Galeria))
#4 C:\xampp\htdocs\sisbomberos\system\CodeIgniter.php(312): CodeIgniter\CodeIgniter->handleRequest(NULL, Object(Config\Cache), false)
#5 C:\xampp\htdocs\sisbomberos\index.php(45): CodeIgniter\CodeIgniter->run()
#6 {main}
CRITICAL - 2020-09-27 10:54:35 --> syntax error, unexpected '='
#0 C:\xampp\htdocs\sisbomberos\system\Common.php(1119): CodeIgniter\View\View->render('main/nav/d_gale...', Array, true)
#1 C:\xampp\htdocs\sisbomberos\app\Controllers\Galeria.php(33): view('main/nav/d_gale...', Array)
#2 C:\xampp\htdocs\sisbomberos\system\CodeIgniter.php(918): App\Controllers\Galeria->d_galeria()
#3 C:\xampp\htdocs\sisbomberos\system\CodeIgniter.php(404): CodeIgniter\CodeIgniter->runController(Object(App\Controllers\Galeria))
#4 C:\xampp\htdocs\sisbomberos\system\CodeIgniter.php(312): CodeIgniter\CodeIgniter->handleRequest(NULL, Object(Config\Cache), false)
#5 C:\xampp\htdocs\sisbomberos\index.php(45): CodeIgniter\CodeIgniter->run()
#6 {main}
CRITICAL - 2020-09-27 10:55:19 --> syntax error, unexpected '='
#0 C:\xampp\htdocs\sisbomberos\system\Common.php(1119): CodeIgniter\View\View->render('main/nav/d_gale...', Array, true)
#1 C:\xampp\htdocs\sisbomberos\app\Controllers\Galeria.php(33): view('main/nav/d_gale...', Array)
#2 C:\xampp\htdocs\sisbomberos\system\CodeIgniter.php(918): App\Controllers\Galeria->d_galeria()
#3 C:\xampp\htdocs\sisbomberos\system\CodeIgniter.php(404): CodeIgniter\CodeIgniter->runController(Object(App\Controllers\Galeria))
#4 C:\xampp\htdocs\sisbomberos\system\CodeIgniter.php(312): CodeIgniter\CodeIgniter->handleRequest(NULL, Object(Config\Cache), false)
#5 C:\xampp\htdocs\sisbomberos\index.php(45): CodeIgniter\CodeIgniter->run()
#6 {main}
CRITICAL - 2020-09-27 10:55:20 --> syntax error, unexpected '='
#0 C:\xampp\htdocs\sisbomberos\system\Common.php(1119): CodeIgniter\View\View->render('main/nav/d_gale...', Array, true)
#1 C:\xampp\htdocs\sisbomberos\app\Controllers\Galeria.php(33): view('main/nav/d_gale...', Array)
#2 C:\xampp\htdocs\sisbomberos\system\CodeIgniter.php(918): App\Controllers\Galeria->d_galeria()
#3 C:\xampp\htdocs\sisbomberos\system\CodeIgniter.php(404): CodeIgniter\CodeIgniter->runController(Object(App\Controllers\Galeria))
#4 C:\xampp\htdocs\sisbomberos\system\CodeIgniter.php(312): CodeIgniter\CodeIgniter->handleRequest(NULL, Object(Config\Cache), false)
#5 C:\xampp\htdocs\sisbomberos\index.php(45): CodeIgniter\CodeIgniter->run()
#6 {main}
CRITICAL - 2020-09-27 10:55:44 --> A non-numeric value encountered
#0 C:\xampp\htdocs\sisbomberos\app\Views\main\nav\d_galeria.php(33): CodeIgniter\Debug\Exceptions->errorHandler(2, 'A non-numeric v...', 'C:\\xampp\\htdocs...', 33, Array)
#1 C:\xampp\htdocs\sisbomberos\system\View\View.php(246): include('C:\\xampp\\htdocs...')
#2 C:\xampp\htdocs\sisbomberos\system\Common.php(1119): CodeIgniter\View\View->render('main/nav/d_gale...', Array, true)
#3 C:\xampp\htdocs\sisbomberos\app\Controllers\Galeria.php(33): view('main/nav/d_gale...', Array)
#4 C:\xampp\htdocs\sisbomberos\system\CodeIgniter.php(918): App\Controllers\Galeria->d_galeria()
#5 C:\xampp\htdocs\sisbomberos\system\CodeIgniter.php(404): CodeIgniter\CodeIgniter->runController(Object(App\Controllers\Galeria))
#6 C:\xampp\htdocs\sisbomberos\system\CodeIgniter.php(312): CodeIgniter\CodeIgniter->handleRequest(NULL, Object(Config\Cache), false)
#7 C:\xampp\htdocs\sisbomberos\index.php(45): CodeIgniter\CodeIgniter->run()
#8 {main}
CRITICAL - 2020-09-27 10:55:54 --> A non-numeric value encountered
#0 C:\xampp\htdocs\sisbomberos\app\Views\main\nav\d_galeria.php(33): CodeIgniter\Debug\Exceptions->errorHandler(2, 'A non-numeric v...', 'C:\\xampp\\htdocs...', 33, Array)
#1 C:\xampp\htdocs\sisbomberos\system\View\View.php(246): include('C:\\xampp\\htdocs...')
#2 C:\xampp\htdocs\sisbomberos\system\Common.php(1119): CodeIgniter\View\View->render('main/nav/d_gale...', Array, true)
#3 C:\xampp\htdocs\sisbomberos\app\Controllers\Galeria.php(33): view('main/nav/d_gale...', Array)
#4 C:\xampp\htdocs\sisbomberos\system\CodeIgniter.php(918): App\Controllers\Galeria->d_galeria()
#5 C:\xampp\htdocs\sisbomberos\system\CodeIgniter.php(404): CodeIgniter\CodeIgniter->runController(Object(App\Controllers\Galeria))
#6 C:\xampp\htdocs\sisbomberos\system\CodeIgniter.php(312): CodeIgniter\CodeIgniter->handleRequest(NULL, Object(Config\Cache), false)
#7 C:\xampp\htdocs\sisbomberos\index.php(45): CodeIgniter\CodeIgniter->run()
#8 {main}
CRITICAL - 2020-09-27 10:58:11 --> A non-numeric value encountered
#0 C:\xampp\htdocs\sisbomberos\app\Views\main\nav\d_galeria.php(33): CodeIgniter\Debug\Exceptions->errorHandler(2, 'A non-numeric v...', 'C:\\xampp\\htdocs...', 33, Array)
#1 C:\xampp\htdocs\sisbomberos\system\View\View.php(246): include('C:\\xampp\\htdocs...')
#2 C:\xampp\htdocs\sisbomberos\system\Common.php(1119): CodeIgniter\View\View->render('main/nav/d_gale...', Array, true)
#3 C:\xampp\htdocs\sisbomberos\app\Controllers\Galeria.php(33): view('main/nav/d_gale...', Array)
#4 C:\xampp\htdocs\sisbomberos\system\CodeIgniter.php(918): App\Controllers\Galeria->d_galeria()
#5 C:\xampp\htdocs\sisbomberos\system\CodeIgniter.php(404): CodeIgniter\CodeIgniter->runController(Object(App\Controllers\Galeria))
#6 C:\xampp\htdocs\sisbomberos\system\CodeIgniter.php(312): CodeIgniter\CodeIgniter->handleRequest(NULL, Object(Config\Cache), false)
#7 C:\xampp\htdocs\sisbomberos\index.php(45): CodeIgniter\CodeIgniter->run()
#8 {main}
CRITICAL - 2020-09-27 10:58:12 --> A non-numeric value encountered
#0 C:\xampp\htdocs\sisbomberos\app\Views\main\nav\d_galeria.php(33): CodeIgniter\Debug\Exceptions->errorHandler(2, 'A non-numeric v...', 'C:\\xampp\\htdocs...', 33, Array)
#1 C:\xampp\htdocs\sisbomberos\system\View\View.php(246): include('C:\\xampp\\htdocs...')
#2 C:\xampp\htdocs\sisbomberos\system\Common.php(1119): CodeIgniter\View\View->render('main/nav/d_gale...', Array, true)
#3 C:\xampp\htdocs\sisbomberos\app\Controllers\Galeria.php(33): view('main/nav/d_gale...', Array)
#4 C:\xampp\htdocs\sisbomberos\system\CodeIgniter.php(918): App\Controllers\Galeria->d_galeria()
#5 C:\xampp\htdocs\sisbomberos\system\CodeIgniter.php(404): CodeIgniter\CodeIgniter->runController(Object(App\Controllers\Galeria))
#6 C:\xampp\htdocs\sisbomberos\system\CodeIgniter.php(312): CodeIgniter\CodeIgniter->handleRequest(NULL, Object(Config\Cache), false)
#7 C:\xampp\htdocs\sisbomberos\index.php(45): CodeIgniter\CodeIgniter->run()
#8 {main}
CRITICAL - 2020-09-27 10:58:22 --> A non-numeric value encountered
#0 C:\xampp\htdocs\sisbomberos\app\Views\main\nav\d_galeria.php(33): CodeIgniter\Debug\Exceptions->errorHandler(2, 'A non-numeric v...', 'C:\\xampp\\htdocs...', 33, Array)
#1 C:\xampp\htdocs\sisbomberos\system\View\View.php(246): include('C:\\xampp\\htdocs...')
#2 C:\xampp\htdocs\sisbomberos\system\Common.php(1119): CodeIgniter\View\View->render('main/nav/d_gale...', Array, true)
#3 C:\xampp\htdocs\sisbomberos\app\Controllers\Galeria.php(33): view('main/nav/d_gale...', Array)
#4 C:\xampp\htdocs\sisbomberos\system\CodeIgniter.php(918): App\Controllers\Galeria->d_galeria()
#5 C:\xampp\htdocs\sisbomberos\system\CodeIgniter.php(404): CodeIgniter\CodeIgniter->runController(Object(App\Controllers\Galeria))
#6 C:\xampp\htdocs\sisbomberos\system\CodeIgniter.php(312): CodeIgniter\CodeIgniter->handleRequest(NULL, Object(Config\Cache), false)
#7 C:\xampp\htdocs\sisbomberos\index.php(45): CodeIgniter\CodeIgniter->run()
#8 {main}
CRITICAL - 2020-09-27 10:59:03 --> A non-numeric value encountered
#0 C:\xampp\htdocs\sisbomberos\app\Views\main\nav\d_galeria.php(33): CodeIgniter\Debug\Exceptions->errorHandler(2, 'A non-numeric v...', 'C:\\xampp\\htdocs...', 33, Array)
#1 C:\xampp\htdocs\sisbomberos\system\View\View.php(246): include('C:\\xampp\\htdocs...')
#2 C:\xampp\htdocs\sisbomberos\system\Common.php(1119): CodeIgniter\View\View->render('main/nav/d_gale...', Array, true)
#3 C:\xampp\htdocs\sisbomberos\app\Controllers\Galeria.php(33): view('main/nav/d_gale...', Array)
#4 C:\xampp\htdocs\sisbomberos\system\CodeIgniter.php(918): App\Controllers\Galeria->d_galeria()
#5 C:\xampp\htdocs\sisbomberos\system\CodeIgniter.php(404): CodeIgniter\CodeIgniter->runController(Object(App\Controllers\Galeria))
#6 C:\xampp\htdocs\sisbomberos\system\CodeIgniter.php(312): CodeIgniter\CodeIgniter->handleRequest(NULL, Object(Config\Cache), false)
#7 C:\xampp\htdocs\sisbomberos\index.php(45): CodeIgniter\CodeIgniter->run()
#8 {main}
CRITICAL - 2020-09-27 11:00:18 --> A non-numeric value encountered
#0 C:\xampp\htdocs\sisbomberos\app\Views\main\nav\d_galeria.php(33): CodeIgniter\Debug\Exceptions->errorHandler(2, 'A non-numeric v...', 'C:\\xampp\\htdocs...', 33, Array)
#1 C:\xampp\htdocs\sisbomberos\system\View\View.php(246): include('C:\\xampp\\htdocs...')
#2 C:\xampp\htdocs\sisbomberos\system\Common.php(1119): CodeIgniter\View\View->render('main/nav/d_gale...', Array, true)
#3 C:\xampp\htdocs\sisbomberos\app\Controllers\Galeria.php(33): view('main/nav/d_gale...', Array)
#4 C:\xampp\htdocs\sisbomberos\system\CodeIgniter.php(918): App\Controllers\Galeria->d_galeria()
#5 C:\xampp\htdocs\sisbomberos\system\CodeIgniter.php(404): CodeIgniter\CodeIgniter->runController(Object(App\Controllers\Galeria))
#6 C:\xampp\htdocs\sisbomberos\system\CodeIgniter.php(312): CodeIgniter\CodeIgniter->handleRequest(NULL, Object(Config\Cache), false)
#7 C:\xampp\htdocs\sisbomberos\index.php(45): CodeIgniter\CodeIgniter->run()
#8 {main}
CRITICAL - 2020-09-27 11:00:19 --> A non-numeric value encountered
#0 C:\xampp\htdocs\sisbomberos\app\Views\main\nav\d_galeria.php(33): CodeIgniter\Debug\Exceptions->errorHandler(2, 'A non-numeric v...', 'C:\\xampp\\htdocs...', 33, Array)
#1 C:\xampp\htdocs\sisbomberos\system\View\View.php(246): include('C:\\xampp\\htdocs...')
#2 C:\xampp\htdocs\sisbomberos\system\Common.php(1119): CodeIgniter\View\View->render('main/nav/d_gale...', Array, true)
#3 C:\xampp\htdocs\sisbomberos\app\Controllers\Galeria.php(33): view('main/nav/d_gale...', Array)
#4 C:\xampp\htdocs\sisbomberos\system\CodeIgniter.php(918): App\Controllers\Galeria->d_galeria()
#5 C:\xampp\htdocs\sisbomberos\system\CodeIgniter.php(404): CodeIgniter\CodeIgniter->runController(Object(App\Controllers\Galeria))
#6 C:\xampp\htdocs\sisbomberos\system\CodeIgniter.php(312): CodeIgniter\CodeIgniter->handleRequest(NULL, Object(Config\Cache), false)
#7 C:\xampp\htdocs\sisbomberos\index.php(45): CodeIgniter\CodeIgniter->run()
#8 {main}
CRITICAL - 2020-09-27 11:00:26 --> A non-numeric value encountered
#0 C:\xampp\htdocs\sisbomberos\app\Views\main\nav\d_galeria.php(33): CodeIgniter\Debug\Exceptions->errorHandler(2, 'A non-numeric v...', 'C:\\xampp\\htdocs...', 33, Array)
#1 C:\xampp\htdocs\sisbomberos\system\View\View.php(246): include('C:\\xampp\\htdocs...')
#2 C:\xampp\htdocs\sisbomberos\system\Common.php(1119): CodeIgniter\View\View->render('main/nav/d_gale...', Array, true)
#3 C:\xampp\htdocs\sisbomberos\app\Controllers\Galeria.php(33): view('main/nav/d_gale...', Array)
#4 C:\xampp\htdocs\sisbomberos\system\CodeIgniter.php(918): App\Controllers\Galeria->d_galeria()
#5 C:\xampp\htdocs\sisbomberos\system\CodeIgniter.php(404): CodeIgniter\CodeIgniter->runController(Object(App\Controllers\Galeria))
#6 C:\xampp\htdocs\sisbomberos\system\CodeIgniter.php(312): CodeIgniter\CodeIgniter->handleRequest(NULL, Object(Config\Cache), false)
#7 C:\xampp\htdocs\sisbomberos\index.php(45): CodeIgniter\CodeIgniter->run()
#8 {main}
CRITICAL - 2020-09-27 11:00:27 --> A non-numeric value encountered
#0 C:\xampp\htdocs\sisbomberos\app\Views\main\nav\d_galeria.php(33): CodeIgniter\Debug\Exceptions->errorHandler(2, 'A non-numeric v...', 'C:\\xampp\\htdocs...', 33, Array)
#1 C:\xampp\htdocs\sisbomberos\system\View\View.php(246): include('C:\\xampp\\htdocs...')
#2 C:\xampp\htdocs\sisbomberos\system\Common.php(1119): CodeIgniter\View\View->render('main/nav/d_gale...', Array, true)
#3 C:\xampp\htdocs\sisbomberos\app\Controllers\Galeria.php(33): view('main/nav/d_gale...', Array)
#4 C:\xampp\htdocs\sisbomberos\system\CodeIgniter.php(918): App\Controllers\Galeria->d_galeria()
#5 C:\xampp\htdocs\sisbomberos\system\CodeIgniter.php(404): CodeIgniter\CodeIgniter->runController(Object(App\Controllers\Galeria))
#6 C:\xampp\htdocs\sisbomberos\system\CodeIgniter.php(312): CodeIgniter\CodeIgniter->handleRequest(NULL, Object(Config\Cache), false)
#7 C:\xampp\htdocs\sisbomberos\index.php(45): CodeIgniter\CodeIgniter->run()
#8 {main}
CRITICAL - 2020-09-27 11:00:28 --> A non-numeric value encountered
#0 C:\xampp\htdocs\sisbomberos\app\Views\main\nav\d_galeria.php(33): CodeIgniter\Debug\Exceptions->errorHandler(2, 'A non-numeric v...', 'C:\\xampp\\htdocs...', 33, Array)
#1 C:\xampp\htdocs\sisbomberos\system\View\View.php(246): include('C:\\xampp\\htdocs...')
#2 C:\xampp\htdocs\sisbomberos\system\Common.php(1119): CodeIgniter\View\View->render('main/nav/d_gale...', Array, true)
#3 C:\xampp\htdocs\sisbomberos\app\Controllers\Galeria.php(33): view('main/nav/d_gale...', Array)
#4 C:\xampp\htdocs\sisbomberos\system\CodeIgniter.php(918): App\Controllers\Galeria->d_galeria()
#5 C:\xampp\htdocs\sisbomberos\system\CodeIgniter.php(404): CodeIgniter\CodeIgniter->runController(Object(App\Controllers\Galeria))
#6 C:\xampp\htdocs\sisbomberos\system\CodeIgniter.php(312): CodeIgniter\CodeIgniter->handleRequest(NULL, Object(Config\Cache), false)
#7 C:\xampp\htdocs\sisbomberos\index.php(45): CodeIgniter\CodeIgniter->run()
#8 {main}
CRITICAL - 2020-09-27 11:00:28 --> A non-numeric value encountered
#0 C:\xampp\htdocs\sisbomberos\app\Views\main\nav\d_galeria.php(33): CodeIgniter\Debug\Exceptions->errorHandler(2, 'A non-numeric v...', 'C:\\xampp\\htdocs...', 33, Array)
#1 C:\xampp\htdocs\sisbomberos\system\View\View.php(246): include('C:\\xampp\\htdocs...')
#2 C:\xampp\htdocs\sisbomberos\system\Common.php(1119): CodeIgniter\View\View->render('main/nav/d_gale...', Array, true)
#3 C:\xampp\htdocs\sisbomberos\app\Controllers\Galeria.php(33): view('main/nav/d_gale...', Array)
#4 C:\xampp\htdocs\sisbomberos\system\CodeIgniter.php(918): App\Controllers\Galeria->d_galeria()
#5 C:\xampp\htdocs\sisbomberos\system\CodeIgniter.php(404): CodeIgniter\CodeIgniter->runController(Object(App\Controllers\Galeria))
#6 C:\xampp\htdocs\sisbomberos\system\CodeIgniter.php(312): CodeIgniter\CodeIgniter->handleRequest(NULL, Object(Config\Cache), false)
#7 C:\xampp\htdocs\sisbomberos\index.php(45): CodeIgniter\CodeIgniter->run()
#8 {main}
CRITICAL - 2020-09-27 11:00:28 --> A non-numeric value encountered
#0 C:\xampp\htdocs\sisbomberos\app\Views\main\nav\d_galeria.php(33): CodeIgniter\Debug\Exceptions->errorHandler(2, 'A non-numeric v...', 'C:\\xampp\\htdocs...', 33, Array)
#1 C:\xampp\htdocs\sisbomberos\system\View\View.php(246): include('C:\\xampp\\htdocs...')
#2 C:\xampp\htdocs\sisbomberos\system\Common.php(1119): CodeIgniter\View\View->render('main/nav/d_gale...', Array, true)
#3 C:\xampp\htdocs\sisbomberos\app\Controllers\Galeria.php(33): view('main/nav/d_gale...', Array)
#4 C:\xampp\htdocs\sisbomberos\system\CodeIgniter.php(918): App\Controllers\Galeria->d_galeria()
#5 C:\xampp\htdocs\sisbomberos\system\CodeIgniter.php(404): CodeIgniter\CodeIgniter->runController(Object(App\Controllers\Galeria))
#6 C:\xampp\htdocs\sisbomberos\system\CodeIgniter.php(312): CodeIgniter\CodeIgniter->handleRequest(NULL, Object(Config\Cache), false)
#7 C:\xampp\htdocs\sisbomberos\index.php(45): CodeIgniter\CodeIgniter->run()
#8 {main}
CRITICAL - 2020-09-27 11:00:28 --> A non-numeric value encountered
#0 C:\xampp\htdocs\sisbomberos\app\Views\main\nav\d_galeria.php(33): CodeIgniter\Debug\Exceptions->errorHandler(2, 'A non-numeric v...', 'C:\\xampp\\htdocs...', 33, Array)
#1 C:\xampp\htdocs\sisbomberos\system\View\View.php(246): include('C:\\xampp\\htdocs...')
#2 C:\xampp\htdocs\sisbomberos\system\Common.php(1119): CodeIgniter\View\View->render('main/nav/d_gale...', Array, true)
#3 C:\xampp\htdocs\sisbomberos\app\Controllers\Galeria.php(33): view('main/nav/d_gale...', Array)
#4 C:\xampp\htdocs\sisbomberos\system\CodeIgniter.php(918): App\Controllers\Galeria->d_galeria()
#5 C:\xampp\htdocs\sisbomberos\system\CodeIgniter.php(404): CodeIgniter\CodeIgniter->runController(Object(App\Controllers\Galeria))
#6 C:\xampp\htdocs\sisbomberos\system\CodeIgniter.php(312): CodeIgniter\CodeIgniter->handleRequest(NULL, Object(Config\Cache), false)
#7 C:\xampp\htdocs\sisbomberos\index.php(45): CodeIgniter\CodeIgniter->run()
#8 {main}
CRITICAL - 2020-09-27 11:00:28 --> A non-numeric value encountered
#0 C:\xampp\htdocs\sisbomberos\app\Views\main\nav\d_galeria.php(33): CodeIgniter\Debug\Exceptions->errorHandler(2, 'A non-numeric v...', 'C:\\xampp\\htdocs...', 33, Array)
#1 C:\xampp\htdocs\sisbomberos\system\View\View.php(246): include('C:\\xampp\\htdocs...')
#2 C:\xampp\htdocs\sisbomberos\system\Common.php(1119): CodeIgniter\View\View->render('main/nav/d_gale...', Array, true)
#3 C:\xampp\htdocs\sisbomberos\app\Controllers\Galeria.php(33): view('main/nav/d_gale...', Array)
#4 C:\xampp\htdocs\sisbomberos\system\CodeIgniter.php(918): App\Controllers\Galeria->d_galeria()
#5 C:\xampp\htdocs\sisbomberos\system\CodeIgniter.php(404): CodeIgniter\CodeIgniter->runController(Object(App\Controllers\Galeria))
#6 C:\xampp\htdocs\sisbomberos\system\CodeIgniter.php(312): CodeIgniter\CodeIgniter->handleRequest(NULL, Object(Config\Cache), false)
#7 C:\xampp\htdocs\sisbomberos\index.php(45): CodeIgniter\CodeIgniter->run()
#8 {main}
CRITICAL - 2020-09-27 11:00:34 --> A non-numeric value encountered
#0 C:\xampp\htdocs\sisbomberos\app\Views\main\nav\d_galeria.php(33): CodeIgniter\Debug\Exceptions->errorHandler(2, 'A non-numeric v...', 'C:\\xampp\\htdocs...', 33, Array)
#1 C:\xampp\htdocs\sisbomberos\system\View\View.php(246): include('C:\\xampp\\htdocs...')
#2 C:\xampp\htdocs\sisbomberos\system\Common.php(1119): CodeIgniter\View\View->render('main/nav/d_gale...', Array, true)
#3 C:\xampp\htdocs\sisbomberos\app\Controllers\Galeria.php(33): view('main/nav/d_gale...', Array)
#4 C:\xampp\htdocs\sisbomberos\system\CodeIgniter.php(918): App\Controllers\Galeria->d_galeria()
#5 C:\xampp\htdocs\sisbomberos\system\CodeIgniter.php(404): CodeIgniter\CodeIgniter->runController(Object(App\Controllers\Galeria))
#6 C:\xampp\htdocs\sisbomberos\system\CodeIgniter.php(312): CodeIgniter\CodeIgniter->handleRequest(NULL, Object(Config\Cache), false)
#7 C:\xampp\htdocs\sisbomberos\index.php(45): CodeIgniter\CodeIgniter->run()
#8 {main}
CRITICAL - 2020-09-27 11:01:03 --> A non-numeric value encountered
#0 C:\xampp\htdocs\sisbomberos\app\Views\main\nav\d_galeria.php(33): CodeIgniter\Debug\Exceptions->errorHandler(2, 'A non-numeric v...', 'C:\\xampp\\htdocs...', 33, Array)
#1 C:\xampp\htdocs\sisbomberos\system\View\View.php(246): include('C:\\xampp\\htdocs...')
#2 C:\xampp\htdocs\sisbomberos\system\Common.php(1119): CodeIgniter\View\View->render('main/nav/d_gale...', Array, true)
#3 C:\xampp\htdocs\sisbomberos\app\Controllers\Galeria.php(33): view('main/nav/d_gale...', Array)
#4 C:\xampp\htdocs\sisbomberos\system\CodeIgniter.php(918): App\Controllers\Galeria->d_galeria()
#5 C:\xampp\htdocs\sisbomberos\system\CodeIgniter.php(404): CodeIgniter\CodeIgniter->runController(Object(App\Controllers\Galeria))
#6 C:\xampp\htdocs\sisbomberos\system\CodeIgniter.php(312): CodeIgniter\CodeIgniter->handleRequest(NULL, Object(Config\Cache), false)
#7 C:\xampp\htdocs\sisbomberos\index.php(45): CodeIgniter\CodeIgniter->run()
#8 {main}
CRITICAL - 2020-09-27 11:01:04 --> A non-numeric value encountered
#0 C:\xampp\htdocs\sisbomberos\app\Views\main\nav\d_galeria.php(33): CodeIgniter\Debug\Exceptions->errorHandler(2, 'A non-numeric v...', 'C:\\xampp\\htdocs...', 33, Array)
#1 C:\xampp\htdocs\sisbomberos\system\View\View.php(246): include('C:\\xampp\\htdocs...')
#2 C:\xampp\htdocs\sisbomberos\system\Common.php(1119): CodeIgniter\View\View->render('main/nav/d_gale...', Array, true)
#3 C:\xampp\htdocs\sisbomberos\app\Controllers\Galeria.php(33): view('main/nav/d_gale...', Array)
#4 C:\xampp\htdocs\sisbomberos\system\CodeIgniter.php(918): App\Controllers\Galeria->d_galeria()
#5 C:\xampp\htdocs\sisbomberos\system\CodeIgniter.php(404): CodeIgniter\CodeIgniter->runController(Object(App\Controllers\Galeria))
#6 C:\xampp\htdocs\sisbomberos\system\CodeIgniter.php(312): CodeIgniter\CodeIgniter->handleRequest(NULL, Object(Config\Cache), false)
#7 C:\xampp\htdocs\sisbomberos\index.php(45): CodeIgniter\CodeIgniter->run()
#8 {main}
CRITICAL - 2020-09-27 11:01:05 --> A non-numeric value encountered
#0 C:\xampp\htdocs\sisbomberos\app\Views\main\nav\d_galeria.php(33): CodeIgniter\Debug\Exceptions->errorHandler(2, 'A non-numeric v...', 'C:\\xampp\\htdocs...', 33, Array)
#1 C:\xampp\htdocs\sisbomberos\system\View\View.php(246): include('C:\\xampp\\htdocs...')
#2 C:\xampp\htdocs\sisbomberos\system\Common.php(1119): CodeIgniter\View\View->render('main/nav/d_gale...', Array, true)
#3 C:\xampp\htdocs\sisbomberos\app\Controllers\Galeria.php(33): view('main/nav/d_gale...', Array)
#4 C:\xampp\htdocs\sisbomberos\system\CodeIgniter.php(918): App\Controllers\Galeria->d_galeria()
#5 C:\xampp\htdocs\sisbomberos\system\CodeIgniter.php(404): CodeIgniter\CodeIgniter->runController(Object(App\Controllers\Galeria))
#6 C:\xampp\htdocs\sisbomberos\system\CodeIgniter.php(312): CodeIgniter\CodeIgniter->handleRequest(NULL, Object(Config\Cache), false)
#7 C:\xampp\htdocs\sisbomberos\index.php(45): CodeIgniter\CodeIgniter->run()
#8 {main}
CRITICAL - 2020-09-27 11:02:08 --> A non-numeric value encountered
#0 C:\xampp\htdocs\sisbomberos\app\Views\main\nav\d_galeria.php(33): CodeIgniter\Debug\Exceptions->errorHandler(2, 'A non-numeric v...', 'C:\\xampp\\htdocs...', 33, Array)
#1 C:\xampp\htdocs\sisbomberos\system\View\View.php(246): include('C:\\xampp\\htdocs...')
#2 C:\xampp\htdocs\sisbomberos\system\Common.php(1119): CodeIgniter\View\View->render('main/nav/d_gale...', Array, true)
#3 C:\xampp\htdocs\sisbomberos\app\Controllers\Galeria.php(33): view('main/nav/d_gale...', Array)
#4 C:\xampp\htdocs\sisbomberos\system\CodeIgniter.php(918): App\Controllers\Galeria->d_galeria()
#5 C:\xampp\htdocs\sisbomberos\system\CodeIgniter.php(404): CodeIgniter\CodeIgniter->runController(Object(App\Controllers\Galeria))
#6 C:\xampp\htdocs\sisbomberos\system\CodeIgniter.php(312): CodeIgniter\CodeIgniter->handleRequest(NULL, Object(Config\Cache), false)
#7 C:\xampp\htdocs\sisbomberos\index.php(45): CodeIgniter\CodeIgniter->run()
#8 {main}
CRITICAL - 2020-09-27 11:02:23 --> A non-numeric value encountered
#0 C:\xampp\htdocs\sisbomberos\app\Views\main\nav\d_galeria.php(33): CodeIgniter\Debug\Exceptions->errorHandler(2, 'A non-numeric v...', 'C:\\xampp\\htdocs...', 33, Array)
#1 C:\xampp\htdocs\sisbomberos\system\View\View.php(246): include('C:\\xampp\\htdocs...')
#2 C:\xampp\htdocs\sisbomberos\system\Common.php(1119): CodeIgniter\View\View->render('main/nav/d_gale...', Array, true)
#3 C:\xampp\htdocs\sisbomberos\app\Controllers\Galeria.php(33): view('main/nav/d_gale...', Array)
#4 C:\xampp\htdocs\sisbomberos\system\CodeIgniter.php(918): App\Controllers\Galeria->d_galeria()
#5 C:\xampp\htdocs\sisbomberos\system\CodeIgniter.php(404): CodeIgniter\CodeIgniter->runController(Object(App\Controllers\Galeria))
#6 C:\xampp\htdocs\sisbomberos\system\CodeIgniter.php(312): CodeIgniter\CodeIgniter->handleRequest(NULL, Object(Config\Cache), false)
#7 C:\xampp\htdocs\sisbomberos\index.php(45): CodeIgniter\CodeIgniter->run()
#8 {main}
CRITICAL - 2020-09-27 11:02:29 --> You have an error in your SQL syntax; check the manual that corresponds to your MariaDB server version for the right syntax to use near '-3,3' at line 5
#0 C:\xampp\htdocs\sisbomberos\system\Database\MySQLi\Connection.php(331): mysqli->query('\r\n             ...')
#1 C:\xampp\htdocs\sisbomberos\system\Database\BaseConnection.php(741): CodeIgniter\Database\MySQLi\Connection->execute('\r\n             ...')
#2 C:\xampp\htdocs\sisbomberos\system\Database\BaseConnection.php(669): CodeIgniter\Database\BaseConnection->simpleQuery('\r\n             ...')
#3 C:\xampp\htdocs\sisbomberos\app\Models\GaleriaModel.php(50): CodeIgniter\Database\BaseConnection->query('\r\n             ...')
#4 C:\xampp\htdocs\sisbomberos\app\Controllers\Galeria.php(30): App\Models\GaleriaModel->galeria(-3, 3, '1601069647')
#5 C:\xampp\htdocs\sisbomberos\system\CodeIgniter.php(918): App\Controllers\Galeria->d_galeria()
#6 C:\xampp\htdocs\sisbomberos\system\CodeIgniter.php(404): CodeIgniter\CodeIgniter->runController(Object(App\Controllers\Galeria))
#7 C:\xampp\htdocs\sisbomberos\system\CodeIgniter.php(312): CodeIgniter\CodeIgniter->handleRequest(NULL, Object(Config\Cache), false)
#8 C:\xampp\htdocs\sisbomberos\index.php(45): CodeIgniter\CodeIgniter->run()
#9 {main}
CRITICAL - 2020-09-27 11:03:54 --> You have an error in your SQL syntax; check the manual that corresponds to your MariaDB server version for the right syntax to use near '-3,3' at line 5
#0 C:\xampp\htdocs\sisbomberos\system\Database\MySQLi\Connection.php(331): mysqli->query('\r\n             ...')
#1 C:\xampp\htdocs\sisbomberos\system\Database\BaseConnection.php(741): CodeIgniter\Database\MySQLi\Connection->execute('\r\n             ...')
#2 C:\xampp\htdocs\sisbomberos\system\Database\BaseConnection.php(669): CodeIgniter\Database\BaseConnection->simpleQuery('\r\n             ...')
#3 C:\xampp\htdocs\sisbomberos\app\Models\GaleriaModel.php(50): CodeIgniter\Database\BaseConnection->query('\r\n             ...')
#4 C:\xampp\htdocs\sisbomberos\app\Controllers\Galeria.php(29): App\Models\GaleriaModel->galeria(-3, 3, '1601069647')
#5 C:\xampp\htdocs\sisbomberos\system\CodeIgniter.php(918): App\Controllers\Galeria->d_galeria()
#6 C:\xampp\htdocs\sisbomberos\system\CodeIgniter.php(404): CodeIgniter\CodeIgniter->runController(Object(App\Controllers\Galeria))
#7 C:\xampp\htdocs\sisbomberos\system\CodeIgniter.php(312): CodeIgniter\CodeIgniter->handleRequest(NULL, Object(Config\Cache), false)
#8 C:\xampp\htdocs\sisbomberos\index.php(45): CodeIgniter\CodeIgniter->run()
#9 {main}
CRITICAL - 2020-09-27 11:03:56 --> You have an error in your SQL syntax; check the manual that corresponds to your MariaDB server version for the right syntax to use near '-3,3' at line 5
#0 C:\xampp\htdocs\sisbomberos\system\Database\MySQLi\Connection.php(331): mysqli->query('\r\n             ...')
#1 C:\xampp\htdocs\sisbomberos\system\Database\BaseConnection.php(741): CodeIgniter\Database\MySQLi\Connection->execute('\r\n             ...')
#2 C:\xampp\htdocs\sisbomberos\system\Database\BaseConnection.php(669): CodeIgniter\Database\BaseConnection->simpleQuery('\r\n             ...')
#3 C:\xampp\htdocs\sisbomberos\app\Models\GaleriaModel.php(50): CodeIgniter\Database\BaseConnection->query('\r\n             ...')
#4 C:\xampp\htdocs\sisbomberos\app\Controllers\Galeria.php(29): App\Models\GaleriaModel->galeria(-3, 3, '1601069647')
#5 C:\xampp\htdocs\sisbomberos\system\CodeIgniter.php(918): App\Controllers\Galeria->d_galeria()
#6 C:\xampp\htdocs\sisbomberos\system\CodeIgniter.php(404): CodeIgniter\CodeIgniter->runController(Object(App\Controllers\Galeria))
#7 C:\xampp\htdocs\sisbomberos\system\CodeIgniter.php(312): CodeIgniter\CodeIgniter->handleRequest(NULL, Object(Config\Cache), false)
#8 C:\xampp\htdocs\sisbomberos\index.php(45): CodeIgniter\CodeIgniter->run()
#9 {main}
CRITICAL - 2020-09-27 11:04:08 --> A non-numeric value encountered
#0 C:\xampp\htdocs\sisbomberos\app\Views\main\nav\d_galeria.php(33): CodeIgniter\Debug\Exceptions->errorHandler(2, 'A non-numeric v...', 'C:\\xampp\\htdocs...', 33, Array)
#1 C:\xampp\htdocs\sisbomberos\system\View\View.php(246): include('C:\\xampp\\htdocs...')
#2 C:\xampp\htdocs\sisbomberos\system\Common.php(1119): CodeIgniter\View\View->render('main/nav/d_gale...', Array, true)
#3 C:\xampp\htdocs\sisbomberos\app\Controllers\Galeria.php(32): view('main/nav/d_gale...', Array)
#4 C:\xampp\htdocs\sisbomberos\system\CodeIgniter.php(918): App\Controllers\Galeria->d_galeria()
#5 C:\xampp\htdocs\sisbomberos\system\CodeIgniter.php(404): CodeIgniter\CodeIgniter->runController(Object(App\Controllers\Galeria))
#6 C:\xampp\htdocs\sisbomberos\system\CodeIgniter.php(312): CodeIgniter\CodeIgniter->handleRequest(NULL, Object(Config\Cache), false)
#7 C:\xampp\htdocs\sisbomberos\index.php(45): CodeIgniter\CodeIgniter->run()
#8 {main}
CRITICAL - 2020-09-27 11:04:28 --> A non-numeric value encountered
#0 C:\xampp\htdocs\sisbomberos\app\Views\main\nav\d_galeria.php(33): CodeIgniter\Debug\Exceptions->errorHandler(2, 'A non-numeric v...', 'C:\\xampp\\htdocs...', 33, Array)
#1 C:\xampp\htdocs\sisbomberos\system\View\View.php(246): include('C:\\xampp\\htdocs...')
#2 C:\xampp\htdocs\sisbomberos\system\Common.php(1119): CodeIgniter\View\View->render('main/nav/d_gale...', Array, true)
#3 C:\xampp\htdocs\sisbomberos\app\Controllers\Galeria.php(32): view('main/nav/d_gale...', Array)
#4 C:\xampp\htdocs\sisbomberos\system\CodeIgniter.php(918): App\Controllers\Galeria->d_galeria()
#5 C:\xampp\htdocs\sisbomberos\system\CodeIgniter.php(404): CodeIgniter\CodeIgniter->runController(Object(App\Controllers\Galeria))
#6 C:\xampp\htdocs\sisbomberos\system\CodeIgniter.php(312): CodeIgniter\CodeIgniter->handleRequest(NULL, Object(Config\Cache), false)
#7 C:\xampp\htdocs\sisbomberos\index.php(45): CodeIgniter\CodeIgniter->run()
#8 {main}
CRITICAL - 2020-09-27 11:04:30 --> A non-numeric value encountered
#0 C:\xampp\htdocs\sisbomberos\app\Views\main\nav\d_galeria.php(33): CodeIgniter\Debug\Exceptions->errorHandler(2, 'A non-numeric v...', 'C:\\xampp\\htdocs...', 33, Array)
#1 C:\xampp\htdocs\sisbomberos\system\View\View.php(246): include('C:\\xampp\\htdocs...')
#2 C:\xampp\htdocs\sisbomberos\system\Common.php(1119): CodeIgniter\View\View->render('main/nav/d_gale...', Array, true)
#3 C:\xampp\htdocs\sisbomberos\app\Controllers\Galeria.php(32): view('main/nav/d_gale...', Array)
#4 C:\xampp\htdocs\sisbomberos\system\CodeIgniter.php(918): App\Controllers\Galeria->d_galeria()
#5 C:\xampp\htdocs\sisbomberos\system\CodeIgniter.php(404): CodeIgniter\CodeIgniter->runController(Object(App\Controllers\Galeria))
#6 C:\xampp\htdocs\sisbomberos\system\CodeIgniter.php(312): CodeIgniter\CodeIgniter->handleRequest(NULL, Object(Config\Cache), false)
#7 C:\xampp\htdocs\sisbomberos\index.php(45): CodeIgniter\CodeIgniter->run()
#8 {main}
CRITICAL - 2020-09-27 11:05:06 --> A non-numeric value encountered
#0 C:\xampp\htdocs\sisbomberos\app\Views\main\nav\d_galeria.php(43): CodeIgniter\Debug\Exceptions->errorHandler(2, 'A non-numeric v...', 'C:\\xampp\\htdocs...', 43, Array)
#1 C:\xampp\htdocs\sisbomberos\system\View\View.php(246): include('C:\\xampp\\htdocs...')
#2 C:\xampp\htdocs\sisbomberos\system\Common.php(1119): CodeIgniter\View\View->render('main/nav/d_gale...', Array, true)
#3 C:\xampp\htdocs\sisbomberos\app\Controllers\Galeria.php(32): view('main/nav/d_gale...', Array)
#4 C:\xampp\htdocs\sisbomberos\system\CodeIgniter.php(918): App\Controllers\Galeria->d_galeria()
#5 C:\xampp\htdocs\sisbomberos\system\CodeIgniter.php(404): CodeIgniter\CodeIgniter->runController(Object(App\Controllers\Galeria))
#6 C:\xampp\htdocs\sisbomberos\system\CodeIgniter.php(312): CodeIgniter\CodeIgniter->handleRequest(NULL, Object(Config\Cache), false)
#7 C:\xampp\htdocs\sisbomberos\index.php(45): CodeIgniter\CodeIgniter->run()
#8 {main}
CRITICAL - 2020-09-27 11:05:51 --> A non-numeric value encountered
#0 C:\xampp\htdocs\sisbomberos\app\Views\main\nav\d_galeria.php(43): CodeIgniter\Debug\Exceptions->errorHandler(2, 'A non-numeric v...', 'C:\\xampp\\htdocs...', 43, Array)
#1 C:\xampp\htdocs\sisbomberos\system\View\View.php(246): include('C:\\xampp\\htdocs...')
#2 C:\xampp\htdocs\sisbomberos\system\Common.php(1119): CodeIgniter\View\View->render('main/nav/d_gale...', Array, true)
#3 C:\xampp\htdocs\sisbomberos\app\Controllers\Galeria.php(32): view('main/nav/d_gale...', Array)
#4 C:\xampp\htdocs\sisbomberos\system\CodeIgniter.php(918): App\Controllers\Galeria->d_galeria()
#5 C:\xampp\htdocs\sisbomberos\system\CodeIgniter.php(404): CodeIgniter\CodeIgniter->runController(Object(App\Controllers\Galeria))
#6 C:\xampp\htdocs\sisbomberos\system\CodeIgniter.php(312): CodeIgniter\CodeIgniter->handleRequest(NULL, Object(Config\Cache), false)
#7 C:\xampp\htdocs\sisbomberos\index.php(45): CodeIgniter\CodeIgniter->run()
#8 {main}
CRITICAL - 2020-09-27 11:06:38 --> You have an error in your SQL syntax; check the manual that corresponds to your MariaDB server version for the right syntax to use near '-3,3' at line 5
#0 C:\xampp\htdocs\sisbomberos\system\Database\MySQLi\Connection.php(331): mysqli->query('\r\n             ...')
#1 C:\xampp\htdocs\sisbomberos\system\Database\BaseConnection.php(741): CodeIgniter\Database\MySQLi\Connection->execute('\r\n             ...')
#2 C:\xampp\htdocs\sisbomberos\system\Database\BaseConnection.php(669): CodeIgniter\Database\BaseConnection->simpleQuery('\r\n             ...')
#3 C:\xampp\htdocs\sisbomberos\app\Models\GaleriaModel.php(50): CodeIgniter\Database\BaseConnection->query('\r\n             ...')
#4 C:\xampp\htdocs\sisbomberos\app\Controllers\Galeria.php(29): App\Models\GaleriaModel->galeria(-3, 3, '1601069647')
#5 C:\xampp\htdocs\sisbomberos\system\CodeIgniter.php(918): App\Controllers\Galeria->d_galeria()
#6 C:\xampp\htdocs\sisbomberos\system\CodeIgniter.php(404): CodeIgniter\CodeIgniter->runController(Object(App\Controllers\Galeria))
#7 C:\xampp\htdocs\sisbomberos\system\CodeIgniter.php(312): CodeIgniter\CodeIgniter->handleRequest(NULL, Object(Config\Cache), false)
#8 C:\xampp\htdocs\sisbomberos\index.php(45): CodeIgniter\CodeIgniter->run()
#9 {main}
CRITICAL - 2020-09-27 11:07:33 --> You have an error in your SQL syntax; check the manual that corresponds to your MariaDB server version for the right syntax to use near '-3,3' at line 5
#0 C:\xampp\htdocs\sisbomberos\system\Database\MySQLi\Connection.php(331): mysqli->query('\r\n             ...')
#1 C:\xampp\htdocs\sisbomberos\system\Database\BaseConnection.php(741): CodeIgniter\Database\MySQLi\Connection->execute('\r\n             ...')
#2 C:\xampp\htdocs\sisbomberos\system\Database\BaseConnection.php(669): CodeIgniter\Database\BaseConnection->simpleQuery('\r\n             ...')
#3 C:\xampp\htdocs\sisbomberos\app\Models\GaleriaModel.php(50): CodeIgniter\Database\BaseConnection->query('\r\n             ...')
#4 C:\xampp\htdocs\sisbomberos\app\Controllers\Galeria.php(29): App\Models\GaleriaModel->galeria(-3, 3, '1601069647')
#5 C:\xampp\htdocs\sisbomberos\system\CodeIgniter.php(918): App\Controllers\Galeria->d_galeria()
#6 C:\xampp\htdocs\sisbomberos\system\CodeIgniter.php(404): CodeIgniter\CodeIgniter->runController(Object(App\Controllers\Galeria))
#7 C:\xampp\htdocs\sisbomberos\system\CodeIgniter.php(312): CodeIgniter\CodeIgniter->handleRequest(NULL, Object(Config\Cache), false)
#8 C:\xampp\htdocs\sisbomberos\index.php(45): CodeIgniter\CodeIgniter->run()
#9 {main}
CRITICAL - 2020-09-27 11:07:35 --> You have an error in your SQL syntax; check the manual that corresponds to your MariaDB server version for the right syntax to use near '-3,3' at line 5
#0 C:\xampp\htdocs\sisbomberos\system\Database\MySQLi\Connection.php(331): mysqli->query('\r\n             ...')
#1 C:\xampp\htdocs\sisbomberos\system\Database\BaseConnection.php(741): CodeIgniter\Database\MySQLi\Connection->execute('\r\n             ...')
#2 C:\xampp\htdocs\sisbomberos\system\Database\BaseConnection.php(669): CodeIgniter\Database\BaseConnection->simpleQuery('\r\n             ...')
#3 C:\xampp\htdocs\sisbomberos\app\Models\GaleriaModel.php(50): CodeIgniter\Database\BaseConnection->query('\r\n             ...')
#4 C:\xampp\htdocs\sisbomberos\app\Controllers\Galeria.php(29): App\Models\GaleriaModel->galeria(-3, 3, '1601069647')
#5 C:\xampp\htdocs\sisbomberos\system\CodeIgniter.php(918): App\Controllers\Galeria->d_galeria()
#6 C:\xampp\htdocs\sisbomberos\system\CodeIgniter.php(404): CodeIgniter\CodeIgniter->runController(Object(App\Controllers\Galeria))
#7 C:\xampp\htdocs\sisbomberos\system\CodeIgniter.php(312): CodeIgniter\CodeIgniter->handleRequest(NULL, Object(Config\Cache), false)
#8 C:\xampp\htdocs\sisbomberos\index.php(45): CodeIgniter\CodeIgniter->run()
#9 {main}
CRITICAL - 2020-09-27 11:09:02 --> Invalid argument supplied for foreach()
#0 C:\xampp\htdocs\sisbomberos\app\Views\main\nav\d_galeria.php(21): CodeIgniter\Debug\Exceptions->errorHandler(2, 'Invalid argumen...', 'C:\\xampp\\htdocs...', 21, Array)
#1 C:\xampp\htdocs\sisbomberos\system\View\View.php(246): include('C:\\xampp\\htdocs...')
#2 C:\xampp\htdocs\sisbomberos\system\Common.php(1119): CodeIgniter\View\View->render('main/nav/d_gale...', Array, true)
#3 C:\xampp\htdocs\sisbomberos\app\Controllers\Galeria.php(32): view('main/nav/d_gale...', Array)
#4 C:\xampp\htdocs\sisbomberos\system\CodeIgniter.php(918): App\Controllers\Galeria->d_galeria()
#5 C:\xampp\htdocs\sisbomberos\system\CodeIgniter.php(404): CodeIgniter\CodeIgniter->runController(Object(App\Controllers\Galeria))
#6 C:\xampp\htdocs\sisbomberos\system\CodeIgniter.php(312): CodeIgniter\CodeIgniter->handleRequest(NULL, Object(Config\Cache), false)
#7 C:\xampp\htdocs\sisbomberos\index.php(45): CodeIgniter\CodeIgniter->run()
#8 {main}
CRITICAL - 2020-09-27 11:09:55 --> Invalid argument supplied for foreach()
#0 C:\xampp\htdocs\sisbomberos\app\Views\main\nav\d_galeria.php(21): CodeIgniter\Debug\Exceptions->errorHandler(2, 'Invalid argumen...', 'C:\\xampp\\htdocs...', 21, Array)
#1 C:\xampp\htdocs\sisbomberos\system\View\View.php(246): include('C:\\xampp\\htdocs...')
#2 C:\xampp\htdocs\sisbomberos\system\Common.php(1119): CodeIgniter\View\View->render('main/nav/d_gale...', Array, true)
#3 C:\xampp\htdocs\sisbomberos\app\Controllers\Galeria.php(32): view('main/nav/d_gale...', Array)
#4 C:\xampp\htdocs\sisbomberos\system\CodeIgniter.php(918): App\Controllers\Galeria->d_galeria()
#5 C:\xampp\htdocs\sisbomberos\system\CodeIgniter.php(404): CodeIgniter\CodeIgniter->runController(Object(App\Controllers\Galeria))
#6 C:\xampp\htdocs\sisbomberos\system\CodeIgniter.php(312): CodeIgniter\CodeIgniter->handleRequest(NULL, Object(Config\Cache), false)
#7 C:\xampp\htdocs\sisbomberos\index.php(45): CodeIgniter\CodeIgniter->run()
#8 {main}
CRITICAL - 2020-09-27 11:11:25 --> Invalid argument supplied for foreach()
#0 C:\xampp\htdocs\sisbomberos\app\Views\main\nav\d_galeria.php(21): CodeIgniter\Debug\Exceptions->errorHandler(2, 'Invalid argumen...', 'C:\\xampp\\htdocs...', 21, Array)
#1 C:\xampp\htdocs\sisbomberos\system\View\View.php(246): include('C:\\xampp\\htdocs...')
#2 C:\xampp\htdocs\sisbomberos\system\Common.php(1119): CodeIgniter\View\View->render('main/nav/d_gale...', Array, true)
#3 C:\xampp\htdocs\sisbomberos\app\Controllers\Galeria.php(32): view('main/nav/d_gale...', Array)
#4 C:\xampp\htdocs\sisbomberos\system\CodeIgniter.php(918): App\Controllers\Galeria->d_galeria()
#5 C:\xampp\htdocs\sisbomberos\system\CodeIgniter.php(404): CodeIgniter\CodeIgniter->runController(Object(App\Controllers\Galeria))
#6 C:\xampp\htdocs\sisbomberos\system\CodeIgniter.php(312): CodeIgniter\CodeIgniter->handleRequest(NULL, Object(Config\Cache), false)
#7 C:\xampp\htdocs\sisbomberos\index.php(45): CodeIgniter\CodeIgniter->run()
#8 {main}
CRITICAL - 2020-09-27 11:11:32 --> You have an error in your SQL syntax; check the manual that corresponds to your MariaDB server version for the right syntax to use near '-3,3' at line 5
#0 C:\xampp\htdocs\sisbomberos\system\Database\MySQLi\Connection.php(331): mysqli->query('\r\n             ...')
#1 C:\xampp\htdocs\sisbomberos\system\Database\BaseConnection.php(741): CodeIgniter\Database\MySQLi\Connection->execute('\r\n             ...')
#2 C:\xampp\htdocs\sisbomberos\system\Database\BaseConnection.php(669): CodeIgniter\Database\BaseConnection->simpleQuery('\r\n             ...')
#3 C:\xampp\htdocs\sisbomberos\app\Models\GaleriaModel.php(50): CodeIgniter\Database\BaseConnection->query('\r\n             ...')
#4 C:\xampp\htdocs\sisbomberos\app\Controllers\Galeria.php(29): App\Models\GaleriaModel->galeria(-3, 3, '1601069647')
#5 C:\xampp\htdocs\sisbomberos\system\CodeIgniter.php(918): App\Controllers\Galeria->d_galeria()
#6 C:\xampp\htdocs\sisbomberos\system\CodeIgniter.php(404): CodeIgniter\CodeIgniter->runController(Object(App\Controllers\Galeria))
#7 C:\xampp\htdocs\sisbomberos\system\CodeIgniter.php(312): CodeIgniter\CodeIgniter->handleRequest(NULL, Object(Config\Cache), false)
#8 C:\xampp\htdocs\sisbomberos\index.php(45): CodeIgniter\CodeIgniter->run()
#9 {main}
CRITICAL - 2020-09-27 11:11:50 --> You have an error in your SQL syntax; check the manual that corresponds to your MariaDB server version for the right syntax to use near '-3,3' at line 5
#0 C:\xampp\htdocs\sisbomberos\system\Database\MySQLi\Connection.php(331): mysqli->query('\r\n             ...')
#1 C:\xampp\htdocs\sisbomberos\system\Database\BaseConnection.php(741): CodeIgniter\Database\MySQLi\Connection->execute('\r\n             ...')
#2 C:\xampp\htdocs\sisbomberos\system\Database\BaseConnection.php(669): CodeIgniter\Database\BaseConnection->simpleQuery('\r\n             ...')
#3 C:\xampp\htdocs\sisbomberos\app\Models\GaleriaModel.php(50): CodeIgniter\Database\BaseConnection->query('\r\n             ...')
#4 C:\xampp\htdocs\sisbomberos\app\Controllers\Galeria.php(29): App\Models\GaleriaModel->galeria(-3, 3, '1601069647')
#5 C:\xampp\htdocs\sisbomberos\system\CodeIgniter.php(918): App\Controllers\Galeria->d_galeria()
#6 C:\xampp\htdocs\sisbomberos\system\CodeIgniter.php(404): CodeIgniter\CodeIgniter->runController(Object(App\Controllers\Galeria))
#7 C:\xampp\htdocs\sisbomberos\system\CodeIgniter.php(312): CodeIgniter\CodeIgniter->handleRequest(NULL, Object(Config\Cache), false)
#8 C:\xampp\htdocs\sisbomberos\index.php(45): CodeIgniter\CodeIgniter->run()
#9 {main}
CRITICAL - 2020-09-27 11:27:51 --> You have an error in your SQL syntax; check the manual that corresponds to your MariaDB server version for the right syntax to use near '=' at line 3
#0 C:\xampp\htdocs\sisbomberos\system\Database\MySQLi\Connection.php(331): mysqli->query('\r\n             ...')
#1 C:\xampp\htdocs\sisbomberos\system\Database\BaseConnection.php(741): CodeIgniter\Database\MySQLi\Connection->execute('\r\n             ...')
#2 C:\xampp\htdocs\sisbomberos\system\Database\BaseConnection.php(669): CodeIgniter\Database\BaseConnection->simpleQuery('\r\n             ...')
#3 C:\xampp\htdocs\sisbomberos\app\Models\GaleriaModel.php(38): CodeIgniter\Database\BaseConnection->query('\r\n             ...')
#4 C:\xampp\htdocs\sisbomberos\app\Controllers\Galeria.php(21): App\Models\GaleriaModel->total_g('MTYwMTA2OTY0Nw=...')
#5 C:\xampp\htdocs\sisbomberos\system\CodeIgniter.php(918): App\Controllers\Galeria->d_galeria()
#6 C:\xampp\htdocs\sisbomberos\system\CodeIgniter.php(404): CodeIgniter\CodeIgniter->runController(Object(App\Controllers\Galeria))
#7 C:\xampp\htdocs\sisbomberos\system\CodeIgniter.php(312): CodeIgniter\CodeIgniter->handleRequest(NULL, Object(Config\Cache), false)
#8 C:\xampp\htdocs\sisbomberos\index.php(45): CodeIgniter\CodeIgniter->run()
#9 {main}
