CRITICAL - 2020-12-29 08:45:41 --> syntax error, unexpected 'endforeach' (T_ENDFOREACH)
#0 D:\xampp\htdocs\SistemaVentas\system\Common.php(1119): CodeIgniter\View\View->render('cliente/cliente...', Array, true)
#1 D:\xampp\htdocs\SistemaVentas\app\Controllers\ClientesController.php(55): view('cliente/cliente...', Array)
#2 D:\xampp\htdocs\SistemaVentas\system\CodeIgniter.php(918): App\Controllers\ClientesController->agregarViews()
#3 D:\xampp\htdocs\SistemaVentas\system\CodeIgniter.php(404): CodeIgniter\CodeIgniter->runController(Object(App\Controllers\ClientesController))
#4 D:\xampp\htdocs\SistemaVentas\system\CodeIgniter.php(312): CodeIgniter\CodeIgniter->handleRequest(NULL, Object(Config\Cache), false)
#5 D:\xampp\htdocs\SistemaVentas\index.php(45): CodeIgniter\CodeIgniter->run()
#6 {main}
CRITICAL - 2020-12-29 08:51:01 --> syntax error, unexpected end of file
#0 D:\xampp\htdocs\SistemaVentas\system\Common.php(1119): CodeIgniter\View\View->render('cliente/cliente...', Array, true)
#1 D:\xampp\htdocs\SistemaVentas\app\Controllers\ClientesController.php(55): view('cliente/cliente...', Array)
#2 D:\xampp\htdocs\SistemaVentas\system\CodeIgniter.php(918): App\Controllers\ClientesController->agregarViews()
#3 D:\xampp\htdocs\SistemaVentas\system\CodeIgniter.php(404): CodeIgniter\CodeIgniter->runController(Object(App\Controllers\ClientesController))
#4 D:\xampp\htdocs\SistemaVentas\system\CodeIgniter.php(312): CodeIgniter\CodeIgniter->handleRequest(NULL, Object(Config\Cache), false)
#5 D:\xampp\htdocs\SistemaVentas\index.php(45): CodeIgniter\CodeIgniter->run()
#6 {main}
CRITICAL - 2020-12-29 08:52:02 --> Undefined variable: tipo_cliente
#0 D:\xampp\htdocs\SistemaVentas\app\Views\cliente\cliente_add.php(38): CodeIgniter\Debug\Exceptions->errorHandler(8, 'Undefined varia...', 'D:\\xampp\\htdocs...', 38, Array)
#1 D:\xampp\htdocs\SistemaVentas\system\View\View.php(246): include('D:\\xampp\\htdocs...')
#2 D:\xampp\htdocs\SistemaVentas\system\Common.php(1119): CodeIgniter\View\View->render('cliente/cliente...', Array, true)
#3 D:\xampp\htdocs\SistemaVentas\app\Controllers\ClientesController.php(55): view('cliente/cliente...', Array)
#4 D:\xampp\htdocs\SistemaVentas\system\CodeIgniter.php(918): App\Controllers\ClientesController->agregarViews()
#5 D:\xampp\htdocs\SistemaVentas\system\CodeIgniter.php(404): CodeIgniter\CodeIgniter->runController(Object(App\Controllers\ClientesController))
#6 D:\xampp\htdocs\SistemaVentas\system\CodeIgniter.php(312): CodeIgniter\CodeIgniter->handleRequest(NULL, Object(Config\Cache), false)
#7 D:\xampp\htdocs\SistemaVentas\index.php(45): CodeIgniter\CodeIgniter->run()
#8 {main}
CRITICAL - 2020-12-29 08:52:09 --> Undefined variable: tipo_cliente
#0 D:\xampp\htdocs\SistemaVentas\app\Views\cliente\cliente_add.php(38): CodeIgniter\Debug\Exceptions->errorHandler(8, 'Undefined varia...', 'D:\\xampp\\htdocs...', 38, Array)
#1 D:\xampp\htdocs\SistemaVentas\system\View\View.php(246): include('D:\\xampp\\htdocs...')
#2 D:\xampp\htdocs\SistemaVentas\system\Common.php(1119): CodeIgniter\View\View->render('cliente/cliente...', Array, true)
#3 D:\xampp\htdocs\SistemaVentas\app\Controllers\ClientesController.php(55): view('cliente/cliente...', Array)
#4 D:\xampp\htdocs\SistemaVentas\system\CodeIgniter.php(918): App\Controllers\ClientesController->agregarViews()
#5 D:\xampp\htdocs\SistemaVentas\system\CodeIgniter.php(404): CodeIgniter\CodeIgniter->runController(Object(App\Controllers\ClientesController))
#6 D:\xampp\htdocs\SistemaVentas\system\CodeIgniter.php(312): CodeIgniter\CodeIgniter->handleRequest(NULL, Object(Config\Cache), false)
#7 D:\xampp\htdocs\SistemaVentas\index.php(45): CodeIgniter\CodeIgniter->run()
#8 {main}
CRITICAL - 2020-12-29 10:30:06 --> syntax error, unexpected '=', expecting ']'
#0 D:\xampp\htdocs\SistemaVentas\system\Autoloader\Autoloader.php(296): CodeIgniter\Autoloader\Autoloader->requireFile('D:\\xampp\\htdocs...')
#1 D:\xampp\htdocs\SistemaVentas\system\Autoloader\Autoloader.php(258): CodeIgniter\Autoloader\Autoloader->loadInNamespace('App\\Models\\Clie...')
#2 [internal function]: CodeIgniter\Autoloader\Autoloader->loadClass('App\\Models\\Clie...')
#3 D:\xampp\htdocs\SistemaVentas\app\Controllers\ClientesController.php(20): spl_autoload_call('App\\Models\\Clie...')
#4 D:\xampp\htdocs\SistemaVentas\system\CodeIgniter.php(918): App\Controllers\ClientesController->agregarViews()
#5 D:\xampp\htdocs\SistemaVentas\system\CodeIgniter.php(404): CodeIgniter\CodeIgniter->runController(Object(App\Controllers\ClientesController))
#6 D:\xampp\htdocs\SistemaVentas\system\CodeIgniter.php(312): CodeIgniter\CodeIgniter->handleRequest(NULL, Object(Config\Cache), false)
#7 D:\xampp\htdocs\SistemaVentas\index.php(45): CodeIgniter\CodeIgniter->run()
#8 {main}
CRITICAL - 2020-12-29 10:44:33 --> Call to undefined method App\Models\ClienteModel::erros
#0 D:\xampp\htdocs\SistemaVentas\app\Controllers\ClientesController.php(91): CodeIgniter\Model->__call('erros', Array)
#1 D:\xampp\htdocs\SistemaVentas\system\CodeIgniter.php(918): App\Controllers\ClientesController->agregar()
#2 D:\xampp\htdocs\SistemaVentas\system\CodeIgniter.php(404): CodeIgniter\CodeIgniter->runController(Object(App\Controllers\ClientesController))
#3 D:\xampp\htdocs\SistemaVentas\system\CodeIgniter.php(312): CodeIgniter\CodeIgniter->handleRequest(NULL, Object(Config\Cache), false)
#4 D:\xampp\htdocs\SistemaVentas\index.php(45): CodeIgniter\CodeIgniter->run()
#5 {main}
CRITICAL - 2020-12-29 11:22:24 --> syntax error, unexpected '}'
#0 D:\xampp\htdocs\SistemaVentas\system\Router\Router.php(195): CodeIgniter\Router\Router->autoRoute('ClientesControl...')
#1 D:\xampp\htdocs\SistemaVentas\system\CodeIgniter.php(793): CodeIgniter\Router\Router->handle('ClientesControl...')
#2 D:\xampp\htdocs\SistemaVentas\system\CodeIgniter.php(364): CodeIgniter\CodeIgniter->tryToRouteIt(Object(CodeIgniter\Router\RouteCollection))
#3 D:\xampp\htdocs\SistemaVentas\system\CodeIgniter.php(312): CodeIgniter\CodeIgniter->handleRequest(NULL, Object(Config\Cache), false)
#4 D:\xampp\htdocs\SistemaVentas\index.php(45): CodeIgniter\CodeIgniter->run()
#5 {main}
CRITICAL - 2020-12-29 11:22:32 --> syntax error, unexpected '}'
#0 D:\xampp\htdocs\SistemaVentas\system\Router\Router.php(195): CodeIgniter\Router\Router->autoRoute('ClientesControl...')
#1 D:\xampp\htdocs\SistemaVentas\system\CodeIgniter.php(793): CodeIgniter\Router\Router->handle('ClientesControl...')
#2 D:\xampp\htdocs\SistemaVentas\system\CodeIgniter.php(364): CodeIgniter\CodeIgniter->tryToRouteIt(Object(CodeIgniter\Router\RouteCollection))
#3 D:\xampp\htdocs\SistemaVentas\system\CodeIgniter.php(312): CodeIgniter\CodeIgniter->handleRequest(NULL, Object(Config\Cache), false)
#4 D:\xampp\htdocs\SistemaVentas\index.php(45): CodeIgniter\CodeIgniter->run()
#5 {main}
CRITICAL - 2020-12-29 13:31:53 --> Cannot add or update a child row: a foreign key constraint fails (`ventas_database`.`clientes`, CONSTRAINT `clientes_ibfk_1` FOREIGN KEY (`idtipo_cliente`) REFERENCES `tipo_cliente` (`idtipo_cliente`))
#0 D:\xampp\htdocs\SistemaVentas\system\Database\MySQLi\Connection.php(331): mysqli->query('INSERT INTO `cl...')
#1 D:\xampp\htdocs\SistemaVentas\system\Database\BaseConnection.php(741): CodeIgniter\Database\MySQLi\Connection->execute('INSERT INTO `cl...')
#2 D:\xampp\htdocs\SistemaVentas\system\Database\BaseConnection.php(669): CodeIgniter\Database\BaseConnection->simpleQuery('INSERT INTO `cl...')
#3 D:\xampp\htdocs\SistemaVentas\system\Database\BaseBuilder.php(2249): CodeIgniter\Database\BaseConnection->query('INSERT INTO `cl...', Array, false)
#4 D:\xampp\htdocs\SistemaVentas\system\Model.php(755): CodeIgniter\Database\BaseBuilder->insert()
#5 D:\xampp\htdocs\SistemaVentas\app\Controllers\ClientesController.php(81): CodeIgniter\Model->insert(Array)
#6 D:\xampp\htdocs\SistemaVentas\system\CodeIgniter.php(918): App\Controllers\ClientesController->agregar()
#7 D:\xampp\htdocs\SistemaVentas\system\CodeIgniter.php(404): CodeIgniter\CodeIgniter->runController(Object(App\Controllers\ClientesController))
#8 D:\xampp\htdocs\SistemaVentas\system\CodeIgniter.php(312): CodeIgniter\CodeIgniter->handleRequest(NULL, Object(Config\Cache), false)
#9 D:\xampp\htdocs\SistemaVentas\index.php(45): CodeIgniter\CodeIgniter->run()
#10 {main}
CRITICAL - 2020-12-29 13:32:20 --> Cannot add or update a child row: a foreign key constraint fails (`ventas_database`.`clientes`, CONSTRAINT `clientes_ibfk_1` FOREIGN KEY (`idtipo_cliente`) REFERENCES `tipo_cliente` (`idtipo_cliente`))
#0 D:\xampp\htdocs\SistemaVentas\system\Database\MySQLi\Connection.php(331): mysqli->query('INSERT INTO `cl...')
#1 D:\xampp\htdocs\SistemaVentas\system\Database\BaseConnection.php(741): CodeIgniter\Database\MySQLi\Connection->execute('INSERT INTO `cl...')
#2 D:\xampp\htdocs\SistemaVentas\system\Database\BaseConnection.php(669): CodeIgniter\Database\BaseConnection->simpleQuery('INSERT INTO `cl...')
#3 D:\xampp\htdocs\SistemaVentas\system\Database\BaseBuilder.php(2249): CodeIgniter\Database\BaseConnection->query('INSERT INTO `cl...', Array, false)
#4 D:\xampp\htdocs\SistemaVentas\system\Model.php(755): CodeIgniter\Database\BaseBuilder->insert()
#5 D:\xampp\htdocs\SistemaVentas\app\Controllers\ClientesController.php(81): CodeIgniter\Model->insert(Array)
#6 D:\xampp\htdocs\SistemaVentas\system\CodeIgniter.php(918): App\Controllers\ClientesController->agregar()
#7 D:\xampp\htdocs\SistemaVentas\system\CodeIgniter.php(404): CodeIgniter\CodeIgniter->runController(Object(App\Controllers\ClientesController))
#8 D:\xampp\htdocs\SistemaVentas\system\CodeIgniter.php(312): CodeIgniter\CodeIgniter->handleRequest(NULL, Object(Config\Cache), false)
#9 D:\xampp\htdocs\SistemaVentas\index.php(45): CodeIgniter\CodeIgniter->run()
#10 {main}
CRITICAL - 2020-12-29 13:34:21 --> Cannot add or update a child row: a foreign key constraint fails (`ventas_database`.`clientes`, CONSTRAINT `clientes_ibfk_1` FOREIGN KEY (`idtipo_cliente`) REFERENCES `tipo_cliente` (`idtipo_cliente`))
#0 D:\xampp\htdocs\SistemaVentas\system\Database\MySQLi\Connection.php(331): mysqli->query('INSERT INTO `cl...')
#1 D:\xampp\htdocs\SistemaVentas\system\Database\BaseConnection.php(741): CodeIgniter\Database\MySQLi\Connection->execute('INSERT INTO `cl...')
#2 D:\xampp\htdocs\SistemaVentas\system\Database\BaseConnection.php(669): CodeIgniter\Database\BaseConnection->simpleQuery('INSERT INTO `cl...')
#3 D:\xampp\htdocs\SistemaVentas\system\Database\BaseBuilder.php(2249): CodeIgniter\Database\BaseConnection->query('INSERT INTO `cl...', Array, false)
#4 D:\xampp\htdocs\SistemaVentas\system\Model.php(755): CodeIgniter\Database\BaseBuilder->insert()
#5 D:\xampp\htdocs\SistemaVentas\app\Controllers\ClientesController.php(81): CodeIgniter\Model->insert(Array)
#6 D:\xampp\htdocs\SistemaVentas\system\CodeIgniter.php(918): App\Controllers\ClientesController->agregar()
#7 D:\xampp\htdocs\SistemaVentas\system\CodeIgniter.php(404): CodeIgniter\CodeIgniter->runController(Object(App\Controllers\ClientesController))
#8 D:\xampp\htdocs\SistemaVentas\system\CodeIgniter.php(312): CodeIgniter\CodeIgniter->handleRequest(NULL, Object(Config\Cache), false)
#9 D:\xampp\htdocs\SistemaVentas\index.php(45): CodeIgniter\CodeIgniter->run()
#10 {main}
CRITICAL - 2020-12-29 13:37:51 --> Cannot add or update a child row: a foreign key constraint fails (`ventas_database`.`clientes`, CONSTRAINT `clientes_ibfk_1` FOREIGN KEY (`idtipo_cliente`) REFERENCES `tipo_cliente` (`idtipo_cliente`))
#0 D:\xampp\htdocs\SistemaVentas\system\Database\MySQLi\Connection.php(331): mysqli->query('INSERT INTO `cl...')
#1 D:\xampp\htdocs\SistemaVentas\system\Database\BaseConnection.php(741): CodeIgniter\Database\MySQLi\Connection->execute('INSERT INTO `cl...')
#2 D:\xampp\htdocs\SistemaVentas\system\Database\BaseConnection.php(669): CodeIgniter\Database\BaseConnection->simpleQuery('INSERT INTO `cl...')
#3 D:\xampp\htdocs\SistemaVentas\system\Database\BaseBuilder.php(2249): CodeIgniter\Database\BaseConnection->query('INSERT INTO `cl...', Array, false)
#4 D:\xampp\htdocs\SistemaVentas\system\Model.php(755): CodeIgniter\Database\BaseBuilder->insert()
#5 D:\xampp\htdocs\SistemaVentas\app\Controllers\ClientesController.php(81): CodeIgniter\Model->insert(Array)
#6 D:\xampp\htdocs\SistemaVentas\system\CodeIgniter.php(918): App\Controllers\ClientesController->agregar()
#7 D:\xampp\htdocs\SistemaVentas\system\CodeIgniter.php(404): CodeIgniter\CodeIgniter->runController(Object(App\Controllers\ClientesController))
#8 D:\xampp\htdocs\SistemaVentas\system\CodeIgniter.php(312): CodeIgniter\CodeIgniter->handleRequest(NULL, Object(Config\Cache), false)
#9 D:\xampp\htdocs\SistemaVentas\index.php(45): CodeIgniter\CodeIgniter->run()
#10 {main}
CRITICAL - 2020-12-29 16:09:41 --> Class 'App\Controllers\UsuarioModel' not found
#0 D:\xampp\htdocs\SistemaVentas\system\CodeIgniter.php(918): App\Controllers\ClientesController->activar_eliminar()
#1 D:\xampp\htdocs\SistemaVentas\system\CodeIgniter.php(404): CodeIgniter\CodeIgniter->runController(Object(App\Controllers\ClientesController))
#2 D:\xampp\htdocs\SistemaVentas\system\CodeIgniter.php(312): CodeIgniter\CodeIgniter->handleRequest(NULL, Object(Config\Cache), false)
#3 D:\xampp\htdocs\SistemaVentas\index.php(45): CodeIgniter\CodeIgniter->run()
#4 {main}
CRITICAL - 2020-12-29 16:10:05 --> Class 'App\Controllers\UsuarioModel' not found
#0 D:\xampp\htdocs\SistemaVentas\system\CodeIgniter.php(918): App\Controllers\ClientesController->activar_eliminar()
#1 D:\xampp\htdocs\SistemaVentas\system\CodeIgniter.php(404): CodeIgniter\CodeIgniter->runController(Object(App\Controllers\ClientesController))
#2 D:\xampp\htdocs\SistemaVentas\system\CodeIgniter.php(312): CodeIgniter\CodeIgniter->handleRequest(NULL, Object(Config\Cache), false)
#3 D:\xampp\htdocs\SistemaVentas\index.php(45): CodeIgniter\CodeIgniter->run()
#4 {main}
CRITICAL - 2020-12-29 16:10:47 --> Undefined variable: usuario
#0 D:\xampp\htdocs\SistemaVentas\app\Controllers\ClientesController.php(124): CodeIgniter\Debug\Exceptions->errorHandler(8, 'Undefined varia...', 'D:\\xampp\\htdocs...', 124, Array)
#1 D:\xampp\htdocs\SistemaVentas\system\CodeIgniter.php(918): App\Controllers\ClientesController->activar_eliminar()
#2 D:\xampp\htdocs\SistemaVentas\system\CodeIgniter.php(404): CodeIgniter\CodeIgniter->runController(Object(App\Controllers\ClientesController))
#3 D:\xampp\htdocs\SistemaVentas\system\CodeIgniter.php(312): CodeIgniter\CodeIgniter->handleRequest(NULL, Object(Config\Cache), false)
#4 D:\xampp\htdocs\SistemaVentas\index.php(45): CodeIgniter\CodeIgniter->run()
#5 {main}
