CRITICAL - 2021-01-10 01:44:10 --> file_get_contents(D:\xampp\htdocs\SistemaVentas\writable\debugbar/debugbar_1610260946.json): failed to open stream: No such file or directory
#0 [internal function]: CodeIgniter\Debug\Exceptions->errorHandler(2, 'file_get_conten...', 'D:\\xampp\\htdocs...', 111, Array)
#1 D:\xampp\htdocs\SistemaVentas\system\Debug\Toolbar\Collectors\History.php(111): file_get_contents('D:\\xampp\\htdocs...')
#2 D:\xampp\htdocs\SistemaVentas\system\Debug\Toolbar.php(483): CodeIgniter\Debug\Toolbar\Collectors\History->setFiles(1610264646, 20)
#3 D:\xampp\htdocs\SistemaVentas\system\Debug\Toolbar.php(455): CodeIgniter\Debug\Toolbar->format(Array, 'html')
#4 D:\xampp\htdocs\SistemaVentas\app\Config\Events.php(50): CodeIgniter\Debug\Toolbar->respond()
#5 [internal function]: CodeIgniter\Events\Events::Config\{closure}()
#6 D:\xampp\htdocs\SistemaVentas\system\Events\Events.php(188): call_user_func(Object(Closure))
#7 D:\xampp\htdocs\SistemaVentas\system\CodeIgniter.php(293): CodeIgniter\Events\Events::trigger('pre_system')
#8 D:\xampp\htdocs\SistemaVentas\index.php(45): CodeIgniter\CodeIgniter->run()
#9 {main}
CRITICAL - 2021-01-10 02:07:31 --> syntax error, unexpected ')'
#0 D:\xampp\htdocs\SistemaVentas\system\Router\Router.php(195): CodeIgniter\Router\Router->autoRoute('ClientesControl...')
#1 D:\xampp\htdocs\SistemaVentas\system\CodeIgniter.php(793): CodeIgniter\Router\Router->handle('ClientesControl...')
#2 D:\xampp\htdocs\SistemaVentas\system\CodeIgniter.php(364): CodeIgniter\CodeIgniter->tryToRouteIt(Object(CodeIgniter\Router\RouteCollection))
#3 D:\xampp\htdocs\SistemaVentas\system\CodeIgniter.php(312): CodeIgniter\CodeIgniter->handleRequest(NULL, Object(Config\Cache), false)
#4 D:\xampp\htdocs\SistemaVentas\index.php(45): CodeIgniter\CodeIgniter->run()
#5 {main}
CRITICAL - 2021-01-10 02:08:31 --> syntax error, unexpected ')'
#0 D:\xampp\htdocs\SistemaVentas\system\Router\Router.php(195): CodeIgniter\Router\Router->autoRoute('ClientesControl...')
#1 D:\xampp\htdocs\SistemaVentas\system\CodeIgniter.php(793): CodeIgniter\Router\Router->handle('ClientesControl...')
#2 D:\xampp\htdocs\SistemaVentas\system\CodeIgniter.php(364): CodeIgniter\CodeIgniter->tryToRouteIt(Object(CodeIgniter\Router\RouteCollection))
#3 D:\xampp\htdocs\SistemaVentas\system\CodeIgniter.php(312): CodeIgniter\CodeIgniter->handleRequest(NULL, Object(Config\Cache), false)
#4 D:\xampp\htdocs\SistemaVentas\index.php(45): CodeIgniter\CodeIgniter->run()
#5 {main}
CRITICAL - 2021-01-10 02:08:50 --> syntax error, unexpected ')'
#0 D:\xampp\htdocs\SistemaVentas\system\Router\Router.php(195): CodeIgniter\Router\Router->autoRoute('ClientesControl...')
#1 D:\xampp\htdocs\SistemaVentas\system\CodeIgniter.php(793): CodeIgniter\Router\Router->handle('ClientesControl...')
#2 D:\xampp\htdocs\SistemaVentas\system\CodeIgniter.php(364): CodeIgniter\CodeIgniter->tryToRouteIt(Object(CodeIgniter\Router\RouteCollection))
#3 D:\xampp\htdocs\SistemaVentas\system\CodeIgniter.php(312): CodeIgniter\CodeIgniter->handleRequest(NULL, Object(Config\Cache), false)
#4 D:\xampp\htdocs\SistemaVentas\index.php(45): CodeIgniter\CodeIgniter->run()
#5 {main}
CRITICAL - 2021-01-10 14:17:11 --> syntax error, unexpected '}', expecting ';' or ','
#0 D:\xampp\htdocs\SistemaVentas\system\Router\Router.php(195): CodeIgniter\Router\Router->autoRoute('ClientesControl...')
#1 D:\xampp\htdocs\SistemaVentas\system\CodeIgniter.php(793): CodeIgniter\Router\Router->handle('ClientesControl...')
#2 D:\xampp\htdocs\SistemaVentas\system\CodeIgniter.php(364): CodeIgniter\CodeIgniter->tryToRouteIt(Object(CodeIgniter\Router\RouteCollection))
#3 D:\xampp\htdocs\SistemaVentas\system\CodeIgniter.php(312): CodeIgniter\CodeIgniter->handleRequest(NULL, Object(Config\Cache), false)
#4 D:\xampp\htdocs\SistemaVentas\index.php(45): CodeIgniter\CodeIgniter->run()
#5 {main}
CRITICAL - 2021-01-10 14:17:18 --> syntax error, unexpected '}', expecting ';' or ','
#0 D:\xampp\htdocs\SistemaVentas\system\Router\Router.php(195): CodeIgniter\Router\Router->autoRoute('ClientesControl...')
#1 D:\xampp\htdocs\SistemaVentas\system\CodeIgniter.php(793): CodeIgniter\Router\Router->handle('ClientesControl...')
#2 D:\xampp\htdocs\SistemaVentas\system\CodeIgniter.php(364): CodeIgniter\CodeIgniter->tryToRouteIt(Object(CodeIgniter\Router\RouteCollection))
#3 D:\xampp\htdocs\SistemaVentas\system\CodeIgniter.php(312): CodeIgniter\CodeIgniter->handleRequest(NULL, Object(Config\Cache), false)
#4 D:\xampp\htdocs\SistemaVentas\index.php(45): CodeIgniter\CodeIgniter->run()
#5 {main}
CRITICAL - 2021-01-10 17:49:34 --> Unknown column 'Comprobante' in 'field list'
#0 D:\xampp\htdocs\SistemaVentas\system\Database\MySQLi\Connection.php(331): mysqli->query('INSERT INTO `co...')
#1 D:\xampp\htdocs\SistemaVentas\system\Database\BaseConnection.php(741): CodeIgniter\Database\MySQLi\Connection->execute('INSERT INTO `co...')
#2 D:\xampp\htdocs\SistemaVentas\system\Database\BaseConnection.php(669): CodeIgniter\Database\BaseConnection->simpleQuery('INSERT INTO `co...')
#3 D:\xampp\htdocs\SistemaVentas\system\Database\BaseBuilder.php(2249): CodeIgniter\Database\BaseConnection->query('INSERT INTO `co...', Array, false)
#4 D:\xampp\htdocs\SistemaVentas\system\Model.php(755): CodeIgniter\Database\BaseBuilder->insert()
#5 D:\xampp\htdocs\SistemaVentas\app\Controllers\Compra.php(69): CodeIgniter\Model->insert(Array)
#6 D:\xampp\htdocs\SistemaVentas\system\CodeIgniter.php(918): App\Controllers\Compra->agregar()
#7 D:\xampp\htdocs\SistemaVentas\system\CodeIgniter.php(404): CodeIgniter\CodeIgniter->runController(Object(App\Controllers\Compra))
#8 D:\xampp\htdocs\SistemaVentas\system\CodeIgniter.php(312): CodeIgniter\CodeIgniter->handleRequest(NULL, Object(Config\Cache), false)
#9 D:\xampp\htdocs\SistemaVentas\index.php(45): CodeIgniter\CodeIgniter->run()
#10 {main}
CRITICAL - 2021-01-10 18:20:42 --> Class 'PDF' not found
#0 D:\xampp\htdocs\SistemaVentas\system\View\View.php(246): include()
#1 D:\xampp\htdocs\SistemaVentas\system\Common.php(1119): CodeIgniter\View\View->render('almacen/imprimi...', Array, true)
#2 D:\xampp\htdocs\SistemaVentas\app\Controllers\Producto.php(128): view('almacen/imprimi...', Array)
#3 D:\xampp\htdocs\SistemaVentas\system\CodeIgniter.php(918): App\Controllers\Producto->imprimir()
#4 D:\xampp\htdocs\SistemaVentas\system\CodeIgniter.php(404): CodeIgniter\CodeIgniter->runController(Object(App\Controllers\Producto))
#5 D:\xampp\htdocs\SistemaVentas\system\CodeIgniter.php(312): CodeIgniter\CodeIgniter->handleRequest(NULL, Object(Config\Cache), false)
#6 D:\xampp\htdocs\SistemaVentas\index.php(45): CodeIgniter\CodeIgniter->run()
#7 {main}
CRITICAL - 2021-01-10 18:43:06 --> Unknown column 'Comprobante' in 'field list'
#0 D:\xampp\htdocs\SistemaVentas\system\Database\MySQLi\Connection.php(331): mysqli->query('INSERT INTO `co...')
#1 D:\xampp\htdocs\SistemaVentas\system\Database\BaseConnection.php(741): CodeIgniter\Database\MySQLi\Connection->execute('INSERT INTO `co...')
#2 D:\xampp\htdocs\SistemaVentas\system\Database\BaseConnection.php(669): CodeIgniter\Database\BaseConnection->simpleQuery('INSERT INTO `co...')
#3 D:\xampp\htdocs\SistemaVentas\system\Database\BaseBuilder.php(2249): CodeIgniter\Database\BaseConnection->query('INSERT INTO `co...', Array, false)
#4 D:\xampp\htdocs\SistemaVentas\system\Model.php(755): CodeIgniter\Database\BaseBuilder->insert()
#5 D:\xampp\htdocs\SistemaVentas\app\Controllers\Compra.php(69): CodeIgniter\Model->insert(Array)
#6 D:\xampp\htdocs\SistemaVentas\system\CodeIgniter.php(918): App\Controllers\Compra->agregar()
#7 D:\xampp\htdocs\SistemaVentas\system\CodeIgniter.php(404): CodeIgniter\CodeIgniter->runController(Object(App\Controllers\Compra))
#8 D:\xampp\htdocs\SistemaVentas\system\CodeIgniter.php(312): CodeIgniter\CodeIgniter->handleRequest(NULL, Object(Config\Cache), false)
#9 D:\xampp\htdocs\SistemaVentas\index.php(45): CodeIgniter\CodeIgniter->run()
#10 {main}
