CRITICAL - 2020-09-26 19:47:55 --> Call to undefined function mcrypt_encrypt()
#0 C:\xampp\htdocs\sisbomberos\system\View\View.php(246): include()
#1 C:\xampp\htdocs\sisbomberos\system\Common.php(1119): CodeIgniter\View\View->render('main/nav/galeri...', Array, true)
#2 C:\xampp\htdocs\sisbomberos\app\Controllers\Galeria.php(12): view('main/nav/galeri...', Array)
#3 C:\xampp\htdocs\sisbomberos\system\CodeIgniter.php(918): App\Controllers\Galeria->index()
#4 C:\xampp\htdocs\sisbomberos\system\CodeIgniter.php(404): CodeIgniter\CodeIgniter->runController(Object(App\Controllers\Galeria))
#5 C:\xampp\htdocs\sisbomberos\system\CodeIgniter.php(312): CodeIgniter\CodeIgniter->handleRequest(NULL, Object(Config\Cache), false)
#6 C:\xampp\htdocs\sisbomberos\index.php(45): CodeIgniter\CodeIgniter->run()
#7 {main}
CRITICAL - 2020-09-26 19:52:50 --> Call to undefined function mcrypt_get_iv_size()
#0 C:\xampp\htdocs\sisbomberos\system\View\View.php(246): include()
#1 C:\xampp\htdocs\sisbomberos\system\Common.php(1119): CodeIgniter\View\View->render('main/nav/galeri...', Array, true)
#2 C:\xampp\htdocs\sisbomberos\app\Controllers\Galeria.php(12): view('main/nav/galeri...', Array)
#3 C:\xampp\htdocs\sisbomberos\system\CodeIgniter.php(918): App\Controllers\Galeria->index()
#4 C:\xampp\htdocs\sisbomberos\system\CodeIgniter.php(404): CodeIgniter\CodeIgniter->runController(Object(App\Controllers\Galeria))
#5 C:\xampp\htdocs\sisbomberos\system\CodeIgniter.php(312): CodeIgniter\CodeIgniter->handleRequest(NULL, Object(Config\Cache), false)
#6 C:\xampp\htdocs\sisbomberos\index.php(45): CodeIgniter\CodeIgniter->run()
#7 {main}
CRITICAL - 2020-09-26 20:04:58 --> syntax error, unexpected '$config' (T_VARIABLE), expecting function (T_FUNCTION) or const (T_CONST)
#0 C:\xampp\htdocs\sisbomberos\system\Autoloader\Autoloader.php(296): CodeIgniter\Autoloader\Autoloader->requireFile('C:\\xampp\\htdocs...')
#1 C:\xampp\htdocs\sisbomberos\system\Autoloader\Autoloader.php(258): CodeIgniter\Autoloader\Autoloader->loadInNamespace('Config\\Encrypti...')
#2 [internal function]: CodeIgniter\Autoloader\Autoloader->loadClass('Config\\Encrypti...')
#3 C:\xampp\htdocs\sisbomberos\system\Config\Services.php(247): spl_autoload_call('Config\\Encrypti...')
#4 C:\xampp\htdocs\sisbomberos\app\Views\main\nav\galeria.php(19): CodeIgniter\Config\Services::encrypter()
#5 C:\xampp\htdocs\sisbomberos\system\View\View.php(246): include('C:\\xampp\\htdocs...')
#6 C:\xampp\htdocs\sisbomberos\system\Common.php(1119): CodeIgniter\View\View->render('main/nav/galeri...', Array, true)
#7 C:\xampp\htdocs\sisbomberos\app\Controllers\Galeria.php(12): view('main/nav/galeri...', Array)
#8 C:\xampp\htdocs\sisbomberos\system\CodeIgniter.php(918): App\Controllers\Galeria->index()
#9 C:\xampp\htdocs\sisbomberos\system\CodeIgniter.php(404): CodeIgniter\CodeIgniter->runController(Object(App\Controllers\Galeria))
#10 C:\xampp\htdocs\sisbomberos\system\CodeIgniter.php(312): CodeIgniter\CodeIgniter->handleRequest(NULL, Object(Config\Cache), false)
#11 C:\xampp\htdocs\sisbomberos\index.php(45): CodeIgniter\CodeIgniter->run()
#12 {main}
CRITICAL - 2020-09-26 20:05:09 --> Undefined variable: encrypter
#0 C:\xampp\htdocs\sisbomberos\app\Views\main\nav\galeria.php(21): CodeIgniter\Debug\Exceptions->errorHandler(8, 'Undefined varia...', 'C:\\xampp\\htdocs...', 21, Array)
#1 C:\xampp\htdocs\sisbomberos\system\View\View.php(246): include('C:\\xampp\\htdocs...')
#2 C:\xampp\htdocs\sisbomberos\system\Common.php(1119): CodeIgniter\View\View->render('main/nav/galeri...', Array, true)
#3 C:\xampp\htdocs\sisbomberos\app\Controllers\Galeria.php(12): view('main/nav/galeri...', Array)
#4 C:\xampp\htdocs\sisbomberos\system\CodeIgniter.php(918): App\Controllers\Galeria->index()
#5 C:\xampp\htdocs\sisbomberos\system\CodeIgniter.php(404): CodeIgniter\CodeIgniter->runController(Object(App\Controllers\Galeria))
#6 C:\xampp\htdocs\sisbomberos\system\CodeIgniter.php(312): CodeIgniter\CodeIgniter->handleRequest(NULL, Object(Config\Cache), false)
#7 C:\xampp\htdocs\sisbomberos\index.php(45): CodeIgniter\CodeIgniter->run()
#8 {main}
CRITICAL - 2020-09-26 20:05:32 --> syntax error, unexpected '$config' (T_VARIABLE), expecting function (T_FUNCTION) or const (T_CONST)
#0 C:\xampp\htdocs\sisbomberos\system\Autoloader\Autoloader.php(296): CodeIgniter\Autoloader\Autoloader->requireFile('C:\\xampp\\htdocs...')
#1 C:\xampp\htdocs\sisbomberos\system\Autoloader\Autoloader.php(258): CodeIgniter\Autoloader\Autoloader->loadInNamespace('Config\\Encrypti...')
#2 [internal function]: CodeIgniter\Autoloader\Autoloader->loadClass('Config\\Encrypti...')
#3 C:\xampp\htdocs\sisbomberos\system\Config\Services.php(247): spl_autoload_call('Config\\Encrypti...')
#4 C:\xampp\htdocs\sisbomberos\app\Controllers\Galeria.php(7): CodeIgniter\Config\Services::encrypter()
#5 C:\xampp\htdocs\sisbomberos\system\CodeIgniter.php(918): App\Controllers\Galeria->index()
#6 C:\xampp\htdocs\sisbomberos\system\CodeIgniter.php(404): CodeIgniter\CodeIgniter->runController(Object(App\Controllers\Galeria))
#7 C:\xampp\htdocs\sisbomberos\system\CodeIgniter.php(312): CodeIgniter\CodeIgniter->handleRequest(NULL, Object(Config\Cache), false)
#8 C:\xampp\htdocs\sisbomberos\index.php(45): CodeIgniter\CodeIgniter->run()
#9 {main}
CRITICAL - 2020-09-26 20:06:12 --> syntax error, unexpected '$config' (T_VARIABLE), expecting function (T_FUNCTION) or const (T_CONST)
#0 C:\xampp\htdocs\sisbomberos\system\Autoloader\Autoloader.php(296): CodeIgniter\Autoloader\Autoloader->requireFile('C:\\xampp\\htdocs...')
#1 C:\xampp\htdocs\sisbomberos\system\Autoloader\Autoloader.php(258): CodeIgniter\Autoloader\Autoloader->loadInNamespace('Config\\Encrypti...')
#2 [internal function]: CodeIgniter\Autoloader\Autoloader->loadClass('Config\\Encrypti...')
#3 C:\xampp\htdocs\sisbomberos\system\Config\Services.php(247): spl_autoload_call('Config\\Encrypti...')
#4 C:\xampp\htdocs\sisbomberos\app\Controllers\Galeria.php(7): CodeIgniter\Config\Services::encrypter()
#5 C:\xampp\htdocs\sisbomberos\system\CodeIgniter.php(918): App\Controllers\Galeria->index()
#6 C:\xampp\htdocs\sisbomberos\system\CodeIgniter.php(404): CodeIgniter\CodeIgniter->runController(Object(App\Controllers\Galeria))
#7 C:\xampp\htdocs\sisbomberos\system\CodeIgniter.php(312): CodeIgniter\CodeIgniter->handleRequest(NULL, Object(Config\Cache), false)
#8 C:\xampp\htdocs\sisbomberos\index.php(45): CodeIgniter\CodeIgniter->run()
#9 {main}
CRITICAL - 2020-09-26 20:06:14 --> syntax error, unexpected '$config' (T_VARIABLE), expecting function (T_FUNCTION) or const (T_CONST)
#0 C:\xampp\htdocs\sisbomberos\system\Autoloader\Autoloader.php(296): CodeIgniter\Autoloader\Autoloader->requireFile('C:\\xampp\\htdocs...')
#1 C:\xampp\htdocs\sisbomberos\system\Autoloader\Autoloader.php(258): CodeIgniter\Autoloader\Autoloader->loadInNamespace('Config\\Encrypti...')
#2 [internal function]: CodeIgniter\Autoloader\Autoloader->loadClass('Config\\Encrypti...')
#3 C:\xampp\htdocs\sisbomberos\system\Config\Services.php(247): spl_autoload_call('Config\\Encrypti...')
#4 C:\xampp\htdocs\sisbomberos\app\Controllers\Galeria.php(7): CodeIgniter\Config\Services::encrypter()
#5 C:\xampp\htdocs\sisbomberos\system\CodeIgniter.php(918): App\Controllers\Galeria->index()
#6 C:\xampp\htdocs\sisbomberos\system\CodeIgniter.php(404): CodeIgniter\CodeIgniter->runController(Object(App\Controllers\Galeria))
#7 C:\xampp\htdocs\sisbomberos\system\CodeIgniter.php(312): CodeIgniter\CodeIgniter->handleRequest(NULL, Object(Config\Cache), false)
#8 C:\xampp\htdocs\sisbomberos\index.php(45): CodeIgniter\CodeIgniter->run()
#9 {main}
CRITICAL - 2020-09-26 20:07:36 --> syntax error, unexpected '$config' (T_VARIABLE), expecting function (T_FUNCTION) or const (T_CONST)
#0 C:\xampp\htdocs\sisbomberos\system\Autoloader\Autoloader.php(296): CodeIgniter\Autoloader\Autoloader->requireFile('C:\\xampp\\htdocs...')
#1 C:\xampp\htdocs\sisbomberos\system\Autoloader\Autoloader.php(258): CodeIgniter\Autoloader\Autoloader->loadInNamespace('Config\\Encrypti...')
#2 [internal function]: CodeIgniter\Autoloader\Autoloader->loadClass('Config\\Encrypti...')
#3 C:\xampp\htdocs\sisbomberos\system\Config\Services.php(247): spl_autoload_call('Config\\Encrypti...')
#4 C:\xampp\htdocs\sisbomberos\app\Controllers\Galeria.php(7): CodeIgniter\Config\Services::encrypter()
#5 C:\xampp\htdocs\sisbomberos\system\CodeIgniter.php(918): App\Controllers\Galeria->index()
#6 C:\xampp\htdocs\sisbomberos\system\CodeIgniter.php(404): CodeIgniter\CodeIgniter->runController(Object(App\Controllers\Galeria))
#7 C:\xampp\htdocs\sisbomberos\system\CodeIgniter.php(312): CodeIgniter\CodeIgniter->handleRequest(NULL, Object(Config\Cache), false)
#8 C:\xampp\htdocs\sisbomberos\index.php(45): CodeIgniter\CodeIgniter->run()
#9 {main}
CRITICAL - 2020-09-26 20:08:23 --> Encrypter needs a starter key.
#0 C:\xampp\htdocs\sisbomberos\system\Encryption\Encryption.php(155): CodeIgniter\Encryption\Exceptions\EncryptionException::forNeedsStarterKey()
#1 C:\xampp\htdocs\sisbomberos\system\Config\Services.php(251): CodeIgniter\Encryption\Encryption->initialize(Object(Config\Encryption))
#2 C:\xampp\htdocs\sisbomberos\app\Controllers\Galeria.php(7): CodeIgniter\Config\Services::encrypter()
#3 C:\xampp\htdocs\sisbomberos\system\CodeIgniter.php(918): App\Controllers\Galeria->index()
#4 C:\xampp\htdocs\sisbomberos\system\CodeIgniter.php(404): CodeIgniter\CodeIgniter->runController(Object(App\Controllers\Galeria))
#5 C:\xampp\htdocs\sisbomberos\system\CodeIgniter.php(312): CodeIgniter\CodeIgniter->handleRequest(NULL, Object(Config\Cache), false)
#6 C:\xampp\htdocs\sisbomberos\index.php(45): CodeIgniter\CodeIgniter->run()
#7 {main}
CRITICAL - 2020-09-26 20:09:01 --> Undefined property: Config\Encryption::$driver
#0 C:\xampp\htdocs\sisbomberos\system\Encryption\Encryption.php(106): CodeIgniter\Debug\Exceptions->errorHandler(8, 'Undefined prope...', 'C:\\xampp\\htdocs...', 106, Array)
#1 C:\xampp\htdocs\sisbomberos\system\Config\Services.php(250): CodeIgniter\Encryption\Encryption->__construct(Object(Config\Encryption))
#2 C:\xampp\htdocs\sisbomberos\app\Controllers\Galeria.php(7): CodeIgniter\Config\Services::encrypter()
#3 C:\xampp\htdocs\sisbomberos\system\CodeIgniter.php(918): App\Controllers\Galeria->index()
#4 C:\xampp\htdocs\sisbomberos\system\CodeIgniter.php(404): CodeIgniter\CodeIgniter->runController(Object(App\Controllers\Galeria))
#5 C:\xampp\htdocs\sisbomberos\system\CodeIgniter.php(312): CodeIgniter\CodeIgniter->handleRequest(NULL, Object(Config\Cache), false)
#6 C:\xampp\htdocs\sisbomberos\index.php(45): CodeIgniter\CodeIgniter->run()
#7 {main}
CRITICAL - 2020-09-26 20:09:03 --> Undefined property: Config\Encryption::$driver
#0 C:\xampp\htdocs\sisbomberos\system\Encryption\Encryption.php(106): CodeIgniter\Debug\Exceptions->errorHandler(8, 'Undefined prope...', 'C:\\xampp\\htdocs...', 106, Array)
#1 C:\xampp\htdocs\sisbomberos\system\Config\Services.php(250): CodeIgniter\Encryption\Encryption->__construct(Object(Config\Encryption))
#2 C:\xampp\htdocs\sisbomberos\app\Controllers\Galeria.php(7): CodeIgniter\Config\Services::encrypter()
#3 C:\xampp\htdocs\sisbomberos\system\CodeIgniter.php(918): App\Controllers\Galeria->index()
#4 C:\xampp\htdocs\sisbomberos\system\CodeIgniter.php(404): CodeIgniter\CodeIgniter->runController(Object(App\Controllers\Galeria))
#5 C:\xampp\htdocs\sisbomberos\system\CodeIgniter.php(312): CodeIgniter\CodeIgniter->handleRequest(NULL, Object(Config\Cache), false)
#6 C:\xampp\htdocs\sisbomberos\index.php(45): CodeIgniter\CodeIgniter->run()
#7 {main}
CRITICAL - 2020-09-26 20:09:47 --> Constant expression contains invalid operations
#0 [internal function]: CodeIgniter\Debug\Exceptions->shutdownHandler()
#1 {main}
CRITICAL - 2020-09-26 20:10:03 --> Constant expression contains invalid operations
#0 [internal function]: CodeIgniter\Debug\Exceptions->shutdownHandler()
#1 {main}
CRITICAL - 2020-09-26 20:10:03 --> Constant expression contains invalid operations
#0 [internal function]: CodeIgniter\Debug\Exceptions->shutdownHandler()
#1 {main}
CRITICAL - 2020-09-26 20:10:16 --> Constant expression contains invalid operations
#0 [internal function]: CodeIgniter\Debug\Exceptions->shutdownHandler()
#1 {main}
CRITICAL - 2020-09-26 20:12:41 --> syntax error, unexpected '$key' (T_VARIABLE), expecting function (T_FUNCTION) or const (T_CONST)
#0 C:\xampp\htdocs\sisbomberos\system\Autoloader\Autoloader.php(296): CodeIgniter\Autoloader\Autoloader->requireFile('C:\\xampp\\htdocs...')
#1 C:\xampp\htdocs\sisbomberos\system\Autoloader\Autoloader.php(258): CodeIgniter\Autoloader\Autoloader->loadInNamespace('Config\\Encrypti...')
#2 [internal function]: CodeIgniter\Autoloader\Autoloader->loadClass('Config\\Encrypti...')
#3 C:\xampp\htdocs\sisbomberos\system\Config\Services.php(247): spl_autoload_call('Config\\Encrypti...')
#4 C:\xampp\htdocs\sisbomberos\app\Controllers\Galeria.php(7): CodeIgniter\Config\Services::encrypter()
#5 C:\xampp\htdocs\sisbomberos\system\CodeIgniter.php(918): App\Controllers\Galeria->index()
#6 C:\xampp\htdocs\sisbomberos\system\CodeIgniter.php(404): CodeIgniter\CodeIgniter->runController(Object(App\Controllers\Galeria))
#7 C:\xampp\htdocs\sisbomberos\system\CodeIgniter.php(312): CodeIgniter\CodeIgniter->handleRequest(NULL, Object(Config\Cache), false)
#8 C:\xampp\htdocs\sisbomberos\index.php(45): CodeIgniter\CodeIgniter->run()
#9 {main}
CRITICAL - 2020-09-26 20:13:00 --> Call to undefined method Config\Encryption::createKey()
#0 C:\xampp\htdocs\sisbomberos\system\Autoloader\Autoloader.php(365): require_once()
#1 C:\xampp\htdocs\sisbomberos\system\Autoloader\Autoloader.php(296): CodeIgniter\Autoloader\Autoloader->requireFile('C:\\xampp\\htdocs...')
#2 C:\xampp\htdocs\sisbomberos\system\Autoloader\Autoloader.php(258): CodeIgniter\Autoloader\Autoloader->loadInNamespace('Config\\Encrypti...')
#3 [internal function]: CodeIgniter\Autoloader\Autoloader->loadClass('Config\\Encrypti...')
#4 C:\xampp\htdocs\sisbomberos\system\Config\Services.php(247): spl_autoload_call('Config\\Encrypti...')
#5 C:\xampp\htdocs\sisbomberos\app\Controllers\Galeria.php(7): CodeIgniter\Config\Services::encrypter()
#6 C:\xampp\htdocs\sisbomberos\system\CodeIgniter.php(918): App\Controllers\Galeria->index()
#7 C:\xampp\htdocs\sisbomberos\system\CodeIgniter.php(404): CodeIgniter\CodeIgniter->runController(Object(App\Controllers\Galeria))
#8 C:\xampp\htdocs\sisbomberos\system\CodeIgniter.php(312): CodeIgniter\CodeIgniter->handleRequest(NULL, Object(Config\Cache), false)
#9 C:\xampp\htdocs\sisbomberos\index.php(45): CodeIgniter\CodeIgniter->run()
#10 {main}
CRITICAL - 2020-09-26 20:13:11 --> Call to undefined method Config\Encryption::createKey()
#0 C:\xampp\htdocs\sisbomberos\system\Autoloader\Autoloader.php(365): require_once()
#1 C:\xampp\htdocs\sisbomberos\system\Autoloader\Autoloader.php(296): CodeIgniter\Autoloader\Autoloader->requireFile('C:\\xampp\\htdocs...')
#2 C:\xampp\htdocs\sisbomberos\system\Autoloader\Autoloader.php(258): CodeIgniter\Autoloader\Autoloader->loadInNamespace('Config\\Encrypti...')
#3 [internal function]: CodeIgniter\Autoloader\Autoloader->loadClass('Config\\Encrypti...')
#4 C:\xampp\htdocs\sisbomberos\system\Config\Services.php(247): spl_autoload_call('Config\\Encrypti...')
#5 C:\xampp\htdocs\sisbomberos\app\Controllers\Galeria.php(7): CodeIgniter\Config\Services::encrypter()
#6 C:\xampp\htdocs\sisbomberos\system\CodeIgniter.php(918): App\Controllers\Galeria->index()
#7 C:\xampp\htdocs\sisbomberos\system\CodeIgniter.php(404): CodeIgniter\CodeIgniter->runController(Object(App\Controllers\Galeria))
#8 C:\xampp\htdocs\sisbomberos\system\CodeIgniter.php(312): CodeIgniter\CodeIgniter->handleRequest(NULL, Object(Config\Cache), false)
#9 C:\xampp\htdocs\sisbomberos\index.php(45): CodeIgniter\CodeIgniter->run()
#10 {main}
CRITICAL - 2020-09-26 20:13:15 --> Undefined property: Config\Encryption::$driver
#0 C:\xampp\htdocs\sisbomberos\system\Encryption\Encryption.php(106): CodeIgniter\Debug\Exceptions->errorHandler(8, 'Undefined prope...', 'C:\\xampp\\htdocs...', 106, Array)
#1 C:\xampp\htdocs\sisbomberos\system\Config\Services.php(250): CodeIgniter\Encryption\Encryption->__construct(Object(Config\Encryption))
#2 C:\xampp\htdocs\sisbomberos\app\Controllers\Galeria.php(7): CodeIgniter\Config\Services::encrypter()
#3 C:\xampp\htdocs\sisbomberos\system\CodeIgniter.php(918): App\Controllers\Galeria->index()
#4 C:\xampp\htdocs\sisbomberos\system\CodeIgniter.php(404): CodeIgniter\CodeIgniter->runController(Object(App\Controllers\Galeria))
#5 C:\xampp\htdocs\sisbomberos\system\CodeIgniter.php(312): CodeIgniter\CodeIgniter->handleRequest(NULL, Object(Config\Cache), false)
#6 C:\xampp\htdocs\sisbomberos\index.php(45): CodeIgniter\CodeIgniter->run()
#7 {main}
CRITICAL - 2020-09-26 20:13:25 --> syntax error, unexpected '$key' (T_VARIABLE), expecting function (T_FUNCTION) or const (T_CONST)
#0 C:\xampp\htdocs\sisbomberos\system\Autoloader\Autoloader.php(296): CodeIgniter\Autoloader\Autoloader->requireFile('C:\\xampp\\htdocs...')
#1 C:\xampp\htdocs\sisbomberos\system\Autoloader\Autoloader.php(258): CodeIgniter\Autoloader\Autoloader->loadInNamespace('Config\\Encrypti...')
#2 [internal function]: CodeIgniter\Autoloader\Autoloader->loadClass('Config\\Encrypti...')
#3 C:\xampp\htdocs\sisbomberos\system\Config\Services.php(247): spl_autoload_call('Config\\Encrypti...')
#4 C:\xampp\htdocs\sisbomberos\app\Controllers\Galeria.php(7): CodeIgniter\Config\Services::encrypter()
#5 C:\xampp\htdocs\sisbomberos\system\CodeIgniter.php(918): App\Controllers\Galeria->index()
#6 C:\xampp\htdocs\sisbomberos\system\CodeIgniter.php(404): CodeIgniter\CodeIgniter->runController(Object(App\Controllers\Galeria))
#7 C:\xampp\htdocs\sisbomberos\system\CodeIgniter.php(312): CodeIgniter\CodeIgniter->handleRequest(NULL, Object(Config\Cache), false)
#8 C:\xampp\htdocs\sisbomberos\index.php(45): CodeIgniter\CodeIgniter->run()
#9 {main}
CRITICAL - 2020-09-26 20:14:33 --> Encrypter needs a starter key.
#0 C:\xampp\htdocs\sisbomberos\system\Encryption\Encryption.php(155): CodeIgniter\Encryption\Exceptions\EncryptionException::forNeedsStarterKey()
#1 C:\xampp\htdocs\sisbomberos\system\Config\Services.php(251): CodeIgniter\Encryption\Encryption->initialize(Object(Config\Encryption))
#2 C:\xampp\htdocs\sisbomberos\app\Controllers\Galeria.php(7): CodeIgniter\Config\Services::encrypter()
#3 C:\xampp\htdocs\sisbomberos\system\CodeIgniter.php(918): App\Controllers\Galeria->index()
#4 C:\xampp\htdocs\sisbomberos\system\CodeIgniter.php(404): CodeIgniter\CodeIgniter->runController(Object(App\Controllers\Galeria))
#5 C:\xampp\htdocs\sisbomberos\system\CodeIgniter.php(312): CodeIgniter\CodeIgniter->handleRequest(NULL, Object(Config\Cache), false)
#6 C:\xampp\htdocs\sisbomberos\index.php(45): CodeIgniter\CodeIgniter->run()
#7 {main}
CRITICAL - 2020-09-26 20:14:56 --> Encrypter needs a starter key.
#0 C:\xampp\htdocs\sisbomberos\system\Encryption\Encryption.php(155): CodeIgniter\Encryption\Exceptions\EncryptionException::forNeedsStarterKey()
#1 C:\xampp\htdocs\sisbomberos\system\Config\Services.php(251): CodeIgniter\Encryption\Encryption->initialize(Object(Config\Encryption))
#2 C:\xampp\htdocs\sisbomberos\app\Controllers\Galeria.php(7): CodeIgniter\Config\Services::encrypter()
#3 C:\xampp\htdocs\sisbomberos\system\CodeIgniter.php(918): App\Controllers\Galeria->index()
#4 C:\xampp\htdocs\sisbomberos\system\CodeIgniter.php(404): CodeIgniter\CodeIgniter->runController(Object(App\Controllers\Galeria))
#5 C:\xampp\htdocs\sisbomberos\system\CodeIgniter.php(312): CodeIgniter\CodeIgniter->handleRequest(NULL, Object(Config\Cache), false)
#6 C:\xampp\htdocs\sisbomberos\index.php(45): CodeIgniter\CodeIgniter->run()
#7 {main}
CRITICAL - 2020-09-26 20:14:57 --> Encrypter needs a starter key.
#0 C:\xampp\htdocs\sisbomberos\system\Encryption\Encryption.php(155): CodeIgniter\Encryption\Exceptions\EncryptionException::forNeedsStarterKey()
#1 C:\xampp\htdocs\sisbomberos\system\Config\Services.php(251): CodeIgniter\Encryption\Encryption->initialize(Object(Config\Encryption))
#2 C:\xampp\htdocs\sisbomberos\app\Controllers\Galeria.php(7): CodeIgniter\Config\Services::encrypter()
#3 C:\xampp\htdocs\sisbomberos\system\CodeIgniter.php(918): App\Controllers\Galeria->index()
#4 C:\xampp\htdocs\sisbomberos\system\CodeIgniter.php(404): CodeIgniter\CodeIgniter->runController(Object(App\Controllers\Galeria))
#5 C:\xampp\htdocs\sisbomberos\system\CodeIgniter.php(312): CodeIgniter\CodeIgniter->handleRequest(NULL, Object(Config\Cache), false)
#6 C:\xampp\htdocs\sisbomberos\index.php(45): CodeIgniter\CodeIgniter->run()
#7 {main}
CRITICAL - 2020-09-26 20:14:58 --> Encrypter needs a starter key.
#0 C:\xampp\htdocs\sisbomberos\system\Encryption\Encryption.php(155): CodeIgniter\Encryption\Exceptions\EncryptionException::forNeedsStarterKey()
#1 C:\xampp\htdocs\sisbomberos\system\Config\Services.php(251): CodeIgniter\Encryption\Encryption->initialize(Object(Config\Encryption))
#2 C:\xampp\htdocs\sisbomberos\app\Controllers\Galeria.php(7): CodeIgniter\Config\Services::encrypter()
#3 C:\xampp\htdocs\sisbomberos\system\CodeIgniter.php(918): App\Controllers\Galeria->index()
#4 C:\xampp\htdocs\sisbomberos\system\CodeIgniter.php(404): CodeIgniter\CodeIgniter->runController(Object(App\Controllers\Galeria))
#5 C:\xampp\htdocs\sisbomberos\system\CodeIgniter.php(312): CodeIgniter\CodeIgniter->handleRequest(NULL, Object(Config\Cache), false)
#6 C:\xampp\htdocs\sisbomberos\index.php(45): CodeIgniter\CodeIgniter->run()
#7 {main}
CRITICAL - 2020-09-26 20:14:58 --> Encrypter needs a starter key.
#0 C:\xampp\htdocs\sisbomberos\system\Encryption\Encryption.php(155): CodeIgniter\Encryption\Exceptions\EncryptionException::forNeedsStarterKey()
#1 C:\xampp\htdocs\sisbomberos\system\Config\Services.php(251): CodeIgniter\Encryption\Encryption->initialize(Object(Config\Encryption))
#2 C:\xampp\htdocs\sisbomberos\app\Controllers\Galeria.php(7): CodeIgniter\Config\Services::encrypter()
#3 C:\xampp\htdocs\sisbomberos\system\CodeIgniter.php(918): App\Controllers\Galeria->index()
#4 C:\xampp\htdocs\sisbomberos\system\CodeIgniter.php(404): CodeIgniter\CodeIgniter->runController(Object(App\Controllers\Galeria))
#5 C:\xampp\htdocs\sisbomberos\system\CodeIgniter.php(312): CodeIgniter\CodeIgniter->handleRequest(NULL, Object(Config\Cache), false)
#6 C:\xampp\htdocs\sisbomberos\index.php(45): CodeIgniter\CodeIgniter->run()
#7 {main}
CRITICAL - 2020-09-26 20:15:08 --> Encrypter needs a starter key.
#0 C:\xampp\htdocs\sisbomberos\system\Encryption\Encryption.php(155): CodeIgniter\Encryption\Exceptions\EncryptionException::forNeedsStarterKey()
#1 C:\xampp\htdocs\sisbomberos\system\Config\Services.php(251): CodeIgniter\Encryption\Encryption->initialize(Object(Config\Encryption))
#2 C:\xampp\htdocs\sisbomberos\app\Controllers\Galeria.php(7): CodeIgniter\Config\Services::encrypter()
#3 C:\xampp\htdocs\sisbomberos\system\CodeIgniter.php(918): App\Controllers\Galeria->index()
#4 C:\xampp\htdocs\sisbomberos\system\CodeIgniter.php(404): CodeIgniter\CodeIgniter->runController(Object(App\Controllers\Galeria))
#5 C:\xampp\htdocs\sisbomberos\system\CodeIgniter.php(312): CodeIgniter\CodeIgniter->handleRequest(NULL, Object(Config\Cache), false)
#6 C:\xampp\htdocs\sisbomberos\index.php(45): CodeIgniter\CodeIgniter->run()
#7 {main}
CRITICAL - 2020-09-26 20:15:40 --> Encrypter needs a starter key.
#0 C:\xampp\htdocs\sisbomberos\system\Encryption\Encryption.php(155): CodeIgniter\Encryption\Exceptions\EncryptionException::forNeedsStarterKey()
#1 C:\xampp\htdocs\sisbomberos\system\Config\Services.php(251): CodeIgniter\Encryption\Encryption->initialize(Object(Config\Encryption))
#2 C:\xampp\htdocs\sisbomberos\app\Controllers\Galeria.php(7): CodeIgniter\Config\Services::encrypter()
#3 C:\xampp\htdocs\sisbomberos\system\CodeIgniter.php(918): App\Controllers\Galeria->index()
#4 C:\xampp\htdocs\sisbomberos\system\CodeIgniter.php(404): CodeIgniter\CodeIgniter->runController(Object(App\Controllers\Galeria))
#5 C:\xampp\htdocs\sisbomberos\system\CodeIgniter.php(312): CodeIgniter\CodeIgniter->handleRequest(NULL, Object(Config\Cache), false)
#6 C:\xampp\htdocs\sisbomberos\index.php(45): CodeIgniter\CodeIgniter->run()
#7 {main}
CRITICAL - 2020-09-26 20:15:47 --> Encrypter needs a starter key.
#0 C:\xampp\htdocs\sisbomberos\system\Encryption\Encryption.php(155): CodeIgniter\Encryption\Exceptions\EncryptionException::forNeedsStarterKey()
#1 C:\xampp\htdocs\sisbomberos\system\Config\Services.php(251): CodeIgniter\Encryption\Encryption->initialize(Object(Config\Encryption))
#2 C:\xampp\htdocs\sisbomberos\app\Controllers\Galeria.php(7): CodeIgniter\Config\Services::encrypter()
#3 C:\xampp\htdocs\sisbomberos\system\CodeIgniter.php(918): App\Controllers\Galeria->index()
#4 C:\xampp\htdocs\sisbomberos\system\CodeIgniter.php(404): CodeIgniter\CodeIgniter->runController(Object(App\Controllers\Galeria))
#5 C:\xampp\htdocs\sisbomberos\system\CodeIgniter.php(312): CodeIgniter\CodeIgniter->handleRequest(NULL, Object(Config\Cache), false)
#6 C:\xampp\htdocs\sisbomberos\index.php(45): CodeIgniter\CodeIgniter->run()
#7 {main}
CRITICAL - 2020-09-26 20:15:55 --> Encrypter needs a starter key.
#0 C:\xampp\htdocs\sisbomberos\system\Encryption\Encryption.php(155): CodeIgniter\Encryption\Exceptions\EncryptionException::forNeedsStarterKey()
#1 C:\xampp\htdocs\sisbomberos\system\Config\Services.php(251): CodeIgniter\Encryption\Encryption->initialize(Object(Config\Encryption))
#2 C:\xampp\htdocs\sisbomberos\app\Controllers\Galeria.php(7): CodeIgniter\Config\Services::encrypter()
#3 C:\xampp\htdocs\sisbomberos\system\CodeIgniter.php(918): App\Controllers\Galeria->index()
#4 C:\xampp\htdocs\sisbomberos\system\CodeIgniter.php(404): CodeIgniter\CodeIgniter->runController(Object(App\Controllers\Galeria))
#5 C:\xampp\htdocs\sisbomberos\system\CodeIgniter.php(312): CodeIgniter\CodeIgniter->handleRequest(NULL, Object(Config\Cache), false)
#6 C:\xampp\htdocs\sisbomberos\index.php(45): CodeIgniter\CodeIgniter->run()
#7 {main}
CRITICAL - 2020-09-26 20:15:56 --> Encrypter needs a starter key.
#0 C:\xampp\htdocs\sisbomberos\system\Encryption\Encryption.php(155): CodeIgniter\Encryption\Exceptions\EncryptionException::forNeedsStarterKey()
#1 C:\xampp\htdocs\sisbomberos\system\Config\Services.php(251): CodeIgniter\Encryption\Encryption->initialize(Object(Config\Encryption))
#2 C:\xampp\htdocs\sisbomberos\app\Controllers\Galeria.php(7): CodeIgniter\Config\Services::encrypter()
#3 C:\xampp\htdocs\sisbomberos\system\CodeIgniter.php(918): App\Controllers\Galeria->index()
#4 C:\xampp\htdocs\sisbomberos\system\CodeIgniter.php(404): CodeIgniter\CodeIgniter->runController(Object(App\Controllers\Galeria))
#5 C:\xampp\htdocs\sisbomberos\system\CodeIgniter.php(312): CodeIgniter\CodeIgniter->handleRequest(NULL, Object(Config\Cache), false)
#6 C:\xampp\htdocs\sisbomberos\index.php(45): CodeIgniter\CodeIgniter->run()
#7 {main}
CRITICAL - 2020-09-26 20:15:57 --> Encrypter needs a starter key.
#0 C:\xampp\htdocs\sisbomberos\system\Encryption\Encryption.php(155): CodeIgniter\Encryption\Exceptions\EncryptionException::forNeedsStarterKey()
#1 C:\xampp\htdocs\sisbomberos\system\Config\Services.php(251): CodeIgniter\Encryption\Encryption->initialize(Object(Config\Encryption))
#2 C:\xampp\htdocs\sisbomberos\app\Controllers\Galeria.php(7): CodeIgniter\Config\Services::encrypter()
#3 C:\xampp\htdocs\sisbomberos\system\CodeIgniter.php(918): App\Controllers\Galeria->index()
#4 C:\xampp\htdocs\sisbomberos\system\CodeIgniter.php(404): CodeIgniter\CodeIgniter->runController(Object(App\Controllers\Galeria))
#5 C:\xampp\htdocs\sisbomberos\system\CodeIgniter.php(312): CodeIgniter\CodeIgniter->handleRequest(NULL, Object(Config\Cache), false)
#6 C:\xampp\htdocs\sisbomberos\index.php(45): CodeIgniter\CodeIgniter->run()
#7 {main}
CRITICAL - 2020-09-26 20:15:57 --> Encrypter needs a starter key.
#0 C:\xampp\htdocs\sisbomberos\system\Encryption\Encryption.php(155): CodeIgniter\Encryption\Exceptions\EncryptionException::forNeedsStarterKey()
#1 C:\xampp\htdocs\sisbomberos\system\Config\Services.php(251): CodeIgniter\Encryption\Encryption->initialize(Object(Config\Encryption))
#2 C:\xampp\htdocs\sisbomberos\app\Controllers\Galeria.php(7): CodeIgniter\Config\Services::encrypter()
#3 C:\xampp\htdocs\sisbomberos\system\CodeIgniter.php(918): App\Controllers\Galeria->index()
#4 C:\xampp\htdocs\sisbomberos\system\CodeIgniter.php(404): CodeIgniter\CodeIgniter->runController(Object(App\Controllers\Galeria))
#5 C:\xampp\htdocs\sisbomberos\system\CodeIgniter.php(312): CodeIgniter\CodeIgniter->handleRequest(NULL, Object(Config\Cache), false)
#6 C:\xampp\htdocs\sisbomberos\index.php(45): CodeIgniter\CodeIgniter->run()
#7 {main}
CRITICAL - 2020-09-26 20:15:57 --> Encrypter needs a starter key.
#0 C:\xampp\htdocs\sisbomberos\system\Encryption\Encryption.php(155): CodeIgniter\Encryption\Exceptions\EncryptionException::forNeedsStarterKey()
#1 C:\xampp\htdocs\sisbomberos\system\Config\Services.php(251): CodeIgniter\Encryption\Encryption->initialize(Object(Config\Encryption))
#2 C:\xampp\htdocs\sisbomberos\app\Controllers\Galeria.php(7): CodeIgniter\Config\Services::encrypter()
#3 C:\xampp\htdocs\sisbomberos\system\CodeIgniter.php(918): App\Controllers\Galeria->index()
#4 C:\xampp\htdocs\sisbomberos\system\CodeIgniter.php(404): CodeIgniter\CodeIgniter->runController(Object(App\Controllers\Galeria))
#5 C:\xampp\htdocs\sisbomberos\system\CodeIgniter.php(312): CodeIgniter\CodeIgniter->handleRequest(NULL, Object(Config\Cache), false)
#6 C:\xampp\htdocs\sisbomberos\index.php(45): CodeIgniter\CodeIgniter->run()
#7 {main}
CRITICAL - 2020-09-26 20:15:58 --> Encrypter needs a starter key.
#0 C:\xampp\htdocs\sisbomberos\system\Encryption\Encryption.php(155): CodeIgniter\Encryption\Exceptions\EncryptionException::forNeedsStarterKey()
#1 C:\xampp\htdocs\sisbomberos\system\Config\Services.php(251): CodeIgniter\Encryption\Encryption->initialize(Object(Config\Encryption))
#2 C:\xampp\htdocs\sisbomberos\app\Controllers\Galeria.php(7): CodeIgniter\Config\Services::encrypter()
#3 C:\xampp\htdocs\sisbomberos\system\CodeIgniter.php(918): App\Controllers\Galeria->index()
#4 C:\xampp\htdocs\sisbomberos\system\CodeIgniter.php(404): CodeIgniter\CodeIgniter->runController(Object(App\Controllers\Galeria))
#5 C:\xampp\htdocs\sisbomberos\system\CodeIgniter.php(312): CodeIgniter\CodeIgniter->handleRequest(NULL, Object(Config\Cache), false)
#6 C:\xampp\htdocs\sisbomberos\index.php(45): CodeIgniter\CodeIgniter->run()
#7 {main}
CRITICAL - 2020-09-26 20:15:58 --> Encrypter needs a starter key.
#0 C:\xampp\htdocs\sisbomberos\system\Encryption\Encryption.php(155): CodeIgniter\Encryption\Exceptions\EncryptionException::forNeedsStarterKey()
#1 C:\xampp\htdocs\sisbomberos\system\Config\Services.php(251): CodeIgniter\Encryption\Encryption->initialize(Object(Config\Encryption))
#2 C:\xampp\htdocs\sisbomberos\app\Controllers\Galeria.php(7): CodeIgniter\Config\Services::encrypter()
#3 C:\xampp\htdocs\sisbomberos\system\CodeIgniter.php(918): App\Controllers\Galeria->index()
#4 C:\xampp\htdocs\sisbomberos\system\CodeIgniter.php(404): CodeIgniter\CodeIgniter->runController(Object(App\Controllers\Galeria))
#5 C:\xampp\htdocs\sisbomberos\system\CodeIgniter.php(312): CodeIgniter\CodeIgniter->handleRequest(NULL, Object(Config\Cache), false)
#6 C:\xampp\htdocs\sisbomberos\index.php(45): CodeIgniter\CodeIgniter->run()
#7 {main}
CRITICAL - 2020-09-26 20:15:58 --> Encrypter needs a starter key.
#0 C:\xampp\htdocs\sisbomberos\system\Encryption\Encryption.php(155): CodeIgniter\Encryption\Exceptions\EncryptionException::forNeedsStarterKey()
#1 C:\xampp\htdocs\sisbomberos\system\Config\Services.php(251): CodeIgniter\Encryption\Encryption->initialize(Object(Config\Encryption))
#2 C:\xampp\htdocs\sisbomberos\app\Controllers\Galeria.php(7): CodeIgniter\Config\Services::encrypter()
#3 C:\xampp\htdocs\sisbomberos\system\CodeIgniter.php(918): App\Controllers\Galeria->index()
#4 C:\xampp\htdocs\sisbomberos\system\CodeIgniter.php(404): CodeIgniter\CodeIgniter->runController(Object(App\Controllers\Galeria))
#5 C:\xampp\htdocs\sisbomberos\system\CodeIgniter.php(312): CodeIgniter\CodeIgniter->handleRequest(NULL, Object(Config\Cache), false)
#6 C:\xampp\htdocs\sisbomberos\index.php(45): CodeIgniter\CodeIgniter->run()
#7 {main}
CRITICAL - 2020-09-26 20:16:05 --> Encrypter needs a starter key.
#0 C:\xampp\htdocs\sisbomberos\system\Encryption\Encryption.php(155): CodeIgniter\Encryption\Exceptions\EncryptionException::forNeedsStarterKey()
#1 C:\xampp\htdocs\sisbomberos\system\Config\Services.php(251): CodeIgniter\Encryption\Encryption->initialize(Object(Config\Encryption))
#2 C:\xampp\htdocs\sisbomberos\app\Controllers\Galeria.php(7): CodeIgniter\Config\Services::encrypter()
#3 C:\xampp\htdocs\sisbomberos\system\CodeIgniter.php(918): App\Controllers\Galeria->index()
#4 C:\xampp\htdocs\sisbomberos\system\CodeIgniter.php(404): CodeIgniter\CodeIgniter->runController(Object(App\Controllers\Galeria))
#5 C:\xampp\htdocs\sisbomberos\system\CodeIgniter.php(312): CodeIgniter\CodeIgniter->handleRequest(NULL, Object(Config\Cache), false)
#6 C:\xampp\htdocs\sisbomberos\index.php(45): CodeIgniter\CodeIgniter->run()
#7 {main}
CRITICAL - 2020-09-26 20:16:13 --> Undefined variable: encrypter
#0 C:\xampp\htdocs\sisbomberos\app\Views\main\nav\galeria.php(21): CodeIgniter\Debug\Exceptions->errorHandler(8, 'Undefined varia...', 'C:\\xampp\\htdocs...', 21, Array)
#1 C:\xampp\htdocs\sisbomberos\system\View\View.php(246): include('C:\\xampp\\htdocs...')
#2 C:\xampp\htdocs\sisbomberos\system\Common.php(1119): CodeIgniter\View\View->render('main/nav/galeri...', Array, true)
#3 C:\xampp\htdocs\sisbomberos\app\Controllers\Galeria.php(13): view('main/nav/galeri...', Array)
#4 C:\xampp\htdocs\sisbomberos\system\CodeIgniter.php(918): App\Controllers\Galeria->index()
#5 C:\xampp\htdocs\sisbomberos\system\CodeIgniter.php(404): CodeIgniter\CodeIgniter->runController(Object(App\Controllers\Galeria))
#6 C:\xampp\htdocs\sisbomberos\system\CodeIgniter.php(312): CodeIgniter\CodeIgniter->handleRequest(NULL, Object(Config\Cache), false)
#7 C:\xampp\htdocs\sisbomberos\index.php(45): CodeIgniter\CodeIgniter->run()
#8 {main}
CRITICAL - 2020-09-26 20:16:33 --> Undefined variable: encrypter
#0 C:\xampp\htdocs\sisbomberos\app\Views\main\nav\galeria.php(21): CodeIgniter\Debug\Exceptions->errorHandler(8, 'Undefined varia...', 'C:\\xampp\\htdocs...', 21, Array)
#1 C:\xampp\htdocs\sisbomberos\system\View\View.php(246): include('C:\\xampp\\htdocs...')
#2 C:\xampp\htdocs\sisbomberos\system\Common.php(1119): CodeIgniter\View\View->render('main/nav/galeri...', Array, true)
#3 C:\xampp\htdocs\sisbomberos\app\Controllers\Galeria.php(13): view('main/nav/galeri...', Array)
#4 C:\xampp\htdocs\sisbomberos\system\CodeIgniter.php(918): App\Controllers\Galeria->index()
#5 C:\xampp\htdocs\sisbomberos\system\CodeIgniter.php(404): CodeIgniter\CodeIgniter->runController(Object(App\Controllers\Galeria))
#6 C:\xampp\htdocs\sisbomberos\system\CodeIgniter.php(312): CodeIgniter\CodeIgniter->handleRequest(NULL, Object(Config\Cache), false)
#7 C:\xampp\htdocs\sisbomberos\index.php(45): CodeIgniter\CodeIgniter->run()
#8 {main}
CRITICAL - 2020-09-26 20:17:00 --> Undefined variable: encrypter
#0 C:\xampp\htdocs\sisbomberos\app\Views\main\nav\galeria.php(21): CodeIgniter\Debug\Exceptions->errorHandler(8, 'Undefined varia...', 'C:\\xampp\\htdocs...', 21, Array)
#1 C:\xampp\htdocs\sisbomberos\system\View\View.php(246): include('C:\\xampp\\htdocs...')
#2 C:\xampp\htdocs\sisbomberos\system\Common.php(1119): CodeIgniter\View\View->render('main/nav/galeri...', Array, true)
#3 C:\xampp\htdocs\sisbomberos\app\Controllers\Galeria.php(13): view('main/nav/galeri...', Array)
#4 C:\xampp\htdocs\sisbomberos\system\CodeIgniter.php(918): App\Controllers\Galeria->index()
#5 C:\xampp\htdocs\sisbomberos\system\CodeIgniter.php(404): CodeIgniter\CodeIgniter->runController(Object(App\Controllers\Galeria))
#6 C:\xampp\htdocs\sisbomberos\system\CodeIgniter.php(312): CodeIgniter\CodeIgniter->handleRequest(NULL, Object(Config\Cache), false)
#7 C:\xampp\htdocs\sisbomberos\index.php(45): CodeIgniter\CodeIgniter->run()
#8 {main}
CRITICAL - 2020-09-26 20:17:35 --> syntax error, unexpected '$key' (T_VARIABLE), expecting function (T_FUNCTION) or const (T_CONST)
#0 C:\xampp\htdocs\sisbomberos\system\Autoloader\Autoloader.php(296): CodeIgniter\Autoloader\Autoloader->requireFile('C:\\xampp\\htdocs...')
#1 C:\xampp\htdocs\sisbomberos\system\Autoloader\Autoloader.php(258): CodeIgniter\Autoloader\Autoloader->loadInNamespace('Config\\Encrypti...')
#2 [internal function]: CodeIgniter\Autoloader\Autoloader->loadClass('Config\\Encrypti...')
#3 C:\xampp\htdocs\sisbomberos\system\Config\Services.php(247): spl_autoload_call('Config\\Encrypti...')
#4 C:\xampp\htdocs\sisbomberos\app\Views\main\nav\galeria.php(19): CodeIgniter\Config\Services::encrypter()
#5 C:\xampp\htdocs\sisbomberos\system\View\View.php(246): include('C:\\xampp\\htdocs...')
#6 C:\xampp\htdocs\sisbomberos\system\Common.php(1119): CodeIgniter\View\View->render('main/nav/galeri...', Array, true)
#7 C:\xampp\htdocs\sisbomberos\app\Controllers\Galeria.php(13): view('main/nav/galeri...', Array)
#8 C:\xampp\htdocs\sisbomberos\system\CodeIgniter.php(918): App\Controllers\Galeria->index()
#9 C:\xampp\htdocs\sisbomberos\system\CodeIgniter.php(404): CodeIgniter\CodeIgniter->runController(Object(App\Controllers\Galeria))
#10 C:\xampp\htdocs\sisbomberos\system\CodeIgniter.php(312): CodeIgniter\CodeIgniter->handleRequest(NULL, Object(Config\Cache), false)
#11 C:\xampp\htdocs\sisbomberos\index.php(45): CodeIgniter\CodeIgniter->run()
#12 {main}
CRITICAL - 2020-09-26 20:17:51 --> Cannot use CodeIgniter\Config\BaseConfig as BaseConfig because the name is already in use
#0 [internal function]: CodeIgniter\Debug\Exceptions->shutdownHandler()
#1 {main}
CRITICAL - 2020-09-26 20:18:13 --> Undefined property: Config\Encryption::$driver
#0 C:\xampp\htdocs\sisbomberos\system\Encryption\Encryption.php(106): CodeIgniter\Debug\Exceptions->errorHandler(8, 'Undefined prope...', 'C:\\xampp\\htdocs...', 106, Array)
#1 C:\xampp\htdocs\sisbomberos\system\Config\Services.php(250): CodeIgniter\Encryption\Encryption->__construct(Object(Config\Encryption))
#2 C:\xampp\htdocs\sisbomberos\app\Views\main\nav\galeria.php(19): CodeIgniter\Config\Services::encrypter()
#3 C:\xampp\htdocs\sisbomberos\system\View\View.php(246): include('C:\\xampp\\htdocs...')
#4 C:\xampp\htdocs\sisbomberos\system\Common.php(1119): CodeIgniter\View\View->render('main/nav/galeri...', Array, true)
#5 C:\xampp\htdocs\sisbomberos\app\Controllers\Galeria.php(13): view('main/nav/galeri...', Array)
#6 C:\xampp\htdocs\sisbomberos\system\CodeIgniter.php(918): App\Controllers\Galeria->index()
#7 C:\xampp\htdocs\sisbomberos\system\CodeIgniter.php(404): CodeIgniter\CodeIgniter->runController(Object(App\Controllers\Galeria))
#8 C:\xampp\htdocs\sisbomberos\system\CodeIgniter.php(312): CodeIgniter\CodeIgniter->handleRequest(NULL, Object(Config\Cache), false)
#9 C:\xampp\htdocs\sisbomberos\index.php(45): CodeIgniter\CodeIgniter->run()
#10 {main}
CRITICAL - 2020-09-26 20:18:57 --> syntax error, unexpected '$key' (T_VARIABLE), expecting function (T_FUNCTION) or const (T_CONST)
#0 C:\xampp\htdocs\sisbomberos\system\Autoloader\Autoloader.php(296): CodeIgniter\Autoloader\Autoloader->requireFile('C:\\xampp\\htdocs...')
#1 C:\xampp\htdocs\sisbomberos\system\Autoloader\Autoloader.php(258): CodeIgniter\Autoloader\Autoloader->loadInNamespace('Config\\Encrypti...')
#2 [internal function]: CodeIgniter\Autoloader\Autoloader->loadClass('Config\\Encrypti...')
#3 C:\xampp\htdocs\sisbomberos\system\Config\Services.php(247): spl_autoload_call('Config\\Encrypti...')
#4 C:\xampp\htdocs\sisbomberos\app\Views\main\nav\galeria.php(19): CodeIgniter\Config\Services::encrypter()
#5 C:\xampp\htdocs\sisbomberos\system\View\View.php(246): include('C:\\xampp\\htdocs...')
#6 C:\xampp\htdocs\sisbomberos\system\Common.php(1119): CodeIgniter\View\View->render('main/nav/galeri...', Array, true)
#7 C:\xampp\htdocs\sisbomberos\app\Controllers\Galeria.php(13): view('main/nav/galeri...', Array)
#8 C:\xampp\htdocs\sisbomberos\system\CodeIgniter.php(918): App\Controllers\Galeria->index()
#9 C:\xampp\htdocs\sisbomberos\system\CodeIgniter.php(404): CodeIgniter\CodeIgniter->runController(Object(App\Controllers\Galeria))
#10 C:\xampp\htdocs\sisbomberos\system\CodeIgniter.php(312): CodeIgniter\CodeIgniter->handleRequest(NULL, Object(Config\Cache), false)
#11 C:\xampp\htdocs\sisbomberos\index.php(45): CodeIgniter\CodeIgniter->run()
#12 {main}
CRITICAL - 2020-09-26 20:19:26 --> Call to undefined method Config\Encryption::createKey()
#0 C:\xampp\htdocs\sisbomberos\system\Autoloader\Autoloader.php(365): require_once()
#1 C:\xampp\htdocs\sisbomberos\system\Autoloader\Autoloader.php(296): CodeIgniter\Autoloader\Autoloader->requireFile('C:\\xampp\\htdocs...')
#2 C:\xampp\htdocs\sisbomberos\system\Autoloader\Autoloader.php(258): CodeIgniter\Autoloader\Autoloader->loadInNamespace('Config\\Encrypti...')
#3 [internal function]: CodeIgniter\Autoloader\Autoloader->loadClass('Config\\Encrypti...')
#4 C:\xampp\htdocs\sisbomberos\system\Config\Services.php(247): spl_autoload_call('Config\\Encrypti...')
#5 C:\xampp\htdocs\sisbomberos\app\Views\main\nav\galeria.php(19): CodeIgniter\Config\Services::encrypter()
#6 C:\xampp\htdocs\sisbomberos\system\View\View.php(246): include('C:\\xampp\\htdocs...')
#7 C:\xampp\htdocs\sisbomberos\system\Common.php(1119): CodeIgniter\View\View->render('main/nav/galeri...', Array, true)
#8 C:\xampp\htdocs\sisbomberos\app\Controllers\Galeria.php(13): view('main/nav/galeri...', Array)
#9 C:\xampp\htdocs\sisbomberos\system\CodeIgniter.php(918): App\Controllers\Galeria->index()
#10 C:\xampp\htdocs\sisbomberos\system\CodeIgniter.php(404): CodeIgniter\CodeIgniter->runController(Object(App\Controllers\Galeria))
#11 C:\xampp\htdocs\sisbomberos\system\CodeIgniter.php(312): CodeIgniter\CodeIgniter->handleRequest(NULL, Object(Config\Cache), false)
#12 C:\xampp\htdocs\sisbomberos\index.php(45): CodeIgniter\CodeIgniter->run()
#13 {main}
CRITICAL - 2020-09-26 20:19:35 --> Undefined property: Config\Encryption::$driver
#0 C:\xampp\htdocs\sisbomberos\system\Encryption\Encryption.php(106): CodeIgniter\Debug\Exceptions->errorHandler(8, 'Undefined prope...', 'C:\\xampp\\htdocs...', 106, Array)
#1 C:\xampp\htdocs\sisbomberos\system\Config\Services.php(250): CodeIgniter\Encryption\Encryption->__construct(Object(Config\Encryption))
#2 C:\xampp\htdocs\sisbomberos\app\Views\main\nav\galeria.php(19): CodeIgniter\Config\Services::encrypter()
#3 C:\xampp\htdocs\sisbomberos\system\View\View.php(246): include('C:\\xampp\\htdocs...')
#4 C:\xampp\htdocs\sisbomberos\system\Common.php(1119): CodeIgniter\View\View->render('main/nav/galeri...', Array, true)
#5 C:\xampp\htdocs\sisbomberos\app\Controllers\Galeria.php(13): view('main/nav/galeri...', Array)
#6 C:\xampp\htdocs\sisbomberos\system\CodeIgniter.php(918): App\Controllers\Galeria->index()
#7 C:\xampp\htdocs\sisbomberos\system\CodeIgniter.php(404): CodeIgniter\CodeIgniter->runController(Object(App\Controllers\Galeria))
#8 C:\xampp\htdocs\sisbomberos\system\CodeIgniter.php(312): CodeIgniter\CodeIgniter->handleRequest(NULL, Object(Config\Cache), false)
#9 C:\xampp\htdocs\sisbomberos\index.php(45): CodeIgniter\CodeIgniter->run()
#10 {main}
CRITICAL - 2020-09-26 20:20:11 --> syntax error, unexpected '$config' (T_VARIABLE), expecting function (T_FUNCTION) or const (T_CONST)
#0 C:\xampp\htdocs\sisbomberos\system\Autoloader\Autoloader.php(296): CodeIgniter\Autoloader\Autoloader->requireFile('C:\\xampp\\htdocs...')
#1 C:\xampp\htdocs\sisbomberos\system\Autoloader\Autoloader.php(258): CodeIgniter\Autoloader\Autoloader->loadInNamespace('Config\\Encrypti...')
#2 [internal function]: CodeIgniter\Autoloader\Autoloader->loadClass('Config\\Encrypti...')
#3 C:\xampp\htdocs\sisbomberos\system\Config\Services.php(247): spl_autoload_call('Config\\Encrypti...')
#4 C:\xampp\htdocs\sisbomberos\app\Views\main\nav\galeria.php(19): CodeIgniter\Config\Services::encrypter()
#5 C:\xampp\htdocs\sisbomberos\system\View\View.php(246): include('C:\\xampp\\htdocs...')
#6 C:\xampp\htdocs\sisbomberos\system\Common.php(1119): CodeIgniter\View\View->render('main/nav/galeri...', Array, true)
#7 C:\xampp\htdocs\sisbomberos\app\Controllers\Galeria.php(13): view('main/nav/galeri...', Array)
#8 C:\xampp\htdocs\sisbomberos\system\CodeIgniter.php(918): App\Controllers\Galeria->index()
#9 C:\xampp\htdocs\sisbomberos\system\CodeIgniter.php(404): CodeIgniter\CodeIgniter->runController(Object(App\Controllers\Galeria))
#10 C:\xampp\htdocs\sisbomberos\system\CodeIgniter.php(312): CodeIgniter\CodeIgniter->handleRequest(NULL, Object(Config\Cache), false)
#11 C:\xampp\htdocs\sisbomberos\index.php(45): CodeIgniter\CodeIgniter->run()
#12 {main}
CRITICAL - 2020-09-26 20:20:30 --> syntax error, unexpected 'public' (T_PUBLIC), expecting end of file
#0 C:\xampp\htdocs\sisbomberos\system\Autoloader\Autoloader.php(296): CodeIgniter\Autoloader\Autoloader->requireFile('C:\\xampp\\htdocs...')
#1 C:\xampp\htdocs\sisbomberos\system\Autoloader\Autoloader.php(258): CodeIgniter\Autoloader\Autoloader->loadInNamespace('Config\\Encrypti...')
#2 [internal function]: CodeIgniter\Autoloader\Autoloader->loadClass('Config\\Encrypti...')
#3 C:\xampp\htdocs\sisbomberos\system\Config\Services.php(247): spl_autoload_call('Config\\Encrypti...')
#4 C:\xampp\htdocs\sisbomberos\app\Views\main\nav\galeria.php(19): CodeIgniter\Config\Services::encrypter()
#5 C:\xampp\htdocs\sisbomberos\system\View\View.php(246): include('C:\\xampp\\htdocs...')
#6 C:\xampp\htdocs\sisbomberos\system\Common.php(1119): CodeIgniter\View\View->render('main/nav/galeri...', Array, true)
#7 C:\xampp\htdocs\sisbomberos\app\Controllers\Galeria.php(13): view('main/nav/galeri...', Array)
#8 C:\xampp\htdocs\sisbomberos\system\CodeIgniter.php(918): App\Controllers\Galeria->index()
#9 C:\xampp\htdocs\sisbomberos\system\CodeIgniter.php(404): CodeIgniter\CodeIgniter->runController(Object(App\Controllers\Galeria))
#10 C:\xampp\htdocs\sisbomberos\system\CodeIgniter.php(312): CodeIgniter\CodeIgniter->handleRequest(NULL, Object(Config\Cache), false)
#11 C:\xampp\htdocs\sisbomberos\index.php(45): CodeIgniter\CodeIgniter->run()
#12 {main}
CRITICAL - 2020-09-26 20:20:45 --> syntax error, unexpected 'public' (T_PUBLIC), expecting end of file
#0 C:\xampp\htdocs\sisbomberos\system\Autoloader\Autoloader.php(296): CodeIgniter\Autoloader\Autoloader->requireFile('C:\\xampp\\htdocs...')
#1 C:\xampp\htdocs\sisbomberos\system\Autoloader\Autoloader.php(258): CodeIgniter\Autoloader\Autoloader->loadInNamespace('Config\\Encrypti...')
#2 [internal function]: CodeIgniter\Autoloader\Autoloader->loadClass('Config\\Encrypti...')
#3 C:\xampp\htdocs\sisbomberos\system\Config\Services.php(247): spl_autoload_call('Config\\Encrypti...')
#4 C:\xampp\htdocs\sisbomberos\app\Views\main\nav\galeria.php(19): CodeIgniter\Config\Services::encrypter()
#5 C:\xampp\htdocs\sisbomberos\system\View\View.php(246): include('C:\\xampp\\htdocs...')
#6 C:\xampp\htdocs\sisbomberos\system\Common.php(1119): CodeIgniter\View\View->render('main/nav/galeri...', Array, true)
#7 C:\xampp\htdocs\sisbomberos\app\Controllers\Galeria.php(13): view('main/nav/galeri...', Array)
#8 C:\xampp\htdocs\sisbomberos\system\CodeIgniter.php(918): App\Controllers\Galeria->index()
#9 C:\xampp\htdocs\sisbomberos\system\CodeIgniter.php(404): CodeIgniter\CodeIgniter->runController(Object(App\Controllers\Galeria))
#10 C:\xampp\htdocs\sisbomberos\system\CodeIgniter.php(312): CodeIgniter\CodeIgniter->handleRequest(NULL, Object(Config\Cache), false)
#11 C:\xampp\htdocs\sisbomberos\index.php(45): CodeIgniter\CodeIgniter->run()
#12 {main}
CRITICAL - 2020-09-26 20:21:04 --> Undefined property: Config\Encryption::$driver
#0 C:\xampp\htdocs\sisbomberos\system\Encryption\Encryption.php(106): CodeIgniter\Debug\Exceptions->errorHandler(8, 'Undefined prope...', 'C:\\xampp\\htdocs...', 106, Array)
#1 C:\xampp\htdocs\sisbomberos\system\Config\Services.php(250): CodeIgniter\Encryption\Encryption->__construct(Object(Config\Encryption))
#2 C:\xampp\htdocs\sisbomberos\app\Views\main\nav\galeria.php(19): CodeIgniter\Config\Services::encrypter()
#3 C:\xampp\htdocs\sisbomberos\system\View\View.php(246): include('C:\\xampp\\htdocs...')
#4 C:\xampp\htdocs\sisbomberos\system\Common.php(1119): CodeIgniter\View\View->render('main/nav/galeri...', Array, true)
#5 C:\xampp\htdocs\sisbomberos\app\Controllers\Galeria.php(13): view('main/nav/galeri...', Array)
#6 C:\xampp\htdocs\sisbomberos\system\CodeIgniter.php(918): App\Controllers\Galeria->index()
#7 C:\xampp\htdocs\sisbomberos\system\CodeIgniter.php(404): CodeIgniter\CodeIgniter->runController(Object(App\Controllers\Galeria))
#8 C:\xampp\htdocs\sisbomberos\system\CodeIgniter.php(312): CodeIgniter\CodeIgniter->handleRequest(NULL, Object(Config\Cache), false)
#9 C:\xampp\htdocs\sisbomberos\index.php(45): CodeIgniter\CodeIgniter->run()
#10 {main}
CRITICAL - 2020-09-26 20:29:20 --> Encrypter needs a starter key.
#0 C:\xampp\htdocs\sisbomberos\system\Encryption\Encryption.php(155): CodeIgniter\Encryption\Exceptions\EncryptionException::forNeedsStarterKey()
#1 C:\xampp\htdocs\sisbomberos\system\Config\Services.php(251): CodeIgniter\Encryption\Encryption->initialize(Object(Config\Encryption))
#2 C:\xampp\htdocs\sisbomberos\app\Views\main\nav\galeria.php(19): CodeIgniter\Config\Services::encrypter()
#3 C:\xampp\htdocs\sisbomberos\system\View\View.php(246): include('C:\\xampp\\htdocs...')
#4 C:\xampp\htdocs\sisbomberos\system\Common.php(1119): CodeIgniter\View\View->render('main/nav/galeri...', Array, true)
#5 C:\xampp\htdocs\sisbomberos\app\Controllers\Galeria.php(13): view('main/nav/galeri...', Array)
#6 C:\xampp\htdocs\sisbomberos\system\CodeIgniter.php(918): App\Controllers\Galeria->index()
#7 C:\xampp\htdocs\sisbomberos\system\CodeIgniter.php(404): CodeIgniter\CodeIgniter->runController(Object(App\Controllers\Galeria))
#8 C:\xampp\htdocs\sisbomberos\system\CodeIgniter.php(312): CodeIgniter\CodeIgniter->handleRequest(NULL, Object(Config\Cache), false)
#9 C:\xampp\htdocs\sisbomberos\index.php(45): CodeIgniter\CodeIgniter->run()
#10 {main}
