CRITICAL - 2020-10-02 18:16:19 --> Class 'App\Controllers\BaseController' not found
#0 C:\xampp\htdocs\ProyectoPaginaVentas\system\Autoloader\Autoloader.php(365): require_once()
#1 C:\xampp\htdocs\ProyectoPaginaVentas\system\Autoloader\Autoloader.php(296): CodeIgniter\Autoloader\Autoloader->requireFile('C:\\xampp\\htdocs...')
#2 C:\xampp\htdocs\ProyectoPaginaVentas\system\Autoloader\Autoloader.php(258): CodeIgniter\Autoloader\Autoloader->loadInNamespace('App\\Controllers...')
#3 [internal function]: CodeIgniter\Autoloader\Autoloader->loadClass('App\\Controllers...')
#4 [internal function]: spl_autoload_call('App\\Controllers...')
#5 C:\xampp\htdocs\ProyectoPaginaVentas\system\CodeIgniter.php(869): class_exists('\\App\\Controller...', true)
#6 C:\xampp\htdocs\ProyectoPaginaVentas\system\CodeIgniter.php(394): CodeIgniter\CodeIgniter->startController()
#7 C:\xampp\htdocs\ProyectoPaginaVentas\system\CodeIgniter.php(312): CodeIgniter\CodeIgniter->handleRequest(NULL, Object(Config\Cache), false)
#8 C:\xampp\htdocs\ProyectoPaginaVentas\index.php(45): CodeIgniter\CodeIgniter->run()
#9 {main}
CRITICAL - 2020-10-02 18:16:19 --> Uncaught ErrorException: Undefined variable: viewFile in C:\xampp\htdocs\ProyectoPaginaVentas\system\Debug\Exceptions.php:308
Stack trace:
#0 C:\xampp\htdocs\ProyectoPaginaVentas\system\Debug\Exceptions.php(308): CodeIgniter\Debug\Exceptions->errorHandler(8, 'Undefined varia...', 'C:\\xampp\\htdocs...', 308, Array)
#1 C:\xampp\htdocs\ProyectoPaginaVentas\system\Debug\Exceptions.php(308): include()
#2 C:\xampp\htdocs\ProyectoPaginaVentas\system\Debug\Exceptions.php(174): CodeIgniter\Debug\Exceptions->render(Object(Error), 500)
#3 [internal function]: CodeIgniter\Debug\Exceptions->exceptionHandler(Object(Error))
#4 {main}
  thrown
#0 [internal function]: CodeIgniter\Debug\Exceptions->shutdownHandler()
#1 {main}
CRITICAL - 2020-10-02 18:16:35 --> Class 'App\Controllers\BaseController' not found
#0 C:\xampp\htdocs\ProyectoPaginaVentas\system\Autoloader\Autoloader.php(365): require_once()
#1 C:\xampp\htdocs\ProyectoPaginaVentas\system\Autoloader\Autoloader.php(296): CodeIgniter\Autoloader\Autoloader->requireFile('C:\\xampp\\htdocs...')
#2 C:\xampp\htdocs\ProyectoPaginaVentas\system\Autoloader\Autoloader.php(258): CodeIgniter\Autoloader\Autoloader->loadInNamespace('App\\Controllers...')
#3 [internal function]: CodeIgniter\Autoloader\Autoloader->loadClass('App\\Controllers...')
#4 [internal function]: spl_autoload_call('App\\Controllers...')
#5 C:\xampp\htdocs\ProyectoPaginaVentas\system\CodeIgniter.php(869): class_exists('\\App\\Controller...', true)
#6 C:\xampp\htdocs\ProyectoPaginaVentas\system\CodeIgniter.php(394): CodeIgniter\CodeIgniter->startController()
#7 C:\xampp\htdocs\ProyectoPaginaVentas\system\CodeIgniter.php(312): CodeIgniter\CodeIgniter->handleRequest(NULL, Object(Config\Cache), false)
#8 C:\xampp\htdocs\ProyectoPaginaVentas\index.php(45): CodeIgniter\CodeIgniter->run()
#9 {main}
CRITICAL - 2020-10-02 18:16:35 --> Uncaught ErrorException: Undefined variable: viewFile in C:\xampp\htdocs\ProyectoPaginaVentas\system\Debug\Exceptions.php:308
Stack trace:
#0 C:\xampp\htdocs\ProyectoPaginaVentas\system\Debug\Exceptions.php(308): CodeIgniter\Debug\Exceptions->errorHandler(8, 'Undefined varia...', 'C:\\xampp\\htdocs...', 308, Array)
#1 C:\xampp\htdocs\ProyectoPaginaVentas\system\Debug\Exceptions.php(308): include()
#2 C:\xampp\htdocs\ProyectoPaginaVentas\system\Debug\Exceptions.php(174): CodeIgniter\Debug\Exceptions->render(Object(Error), 500)
#3 [internal function]: CodeIgniter\Debug\Exceptions->exceptionHandler(Object(Error))
#4 {main}
  thrown
#0 [internal function]: CodeIgniter\Debug\Exceptions->shutdownHandler()
#1 {main}
CRITICAL - 2020-10-02 18:16:44 --> Class 'App\Controllers\BaseController' not found
#0 C:\xampp\htdocs\ProyectoPaginaVentas\system\Autoloader\Autoloader.php(365): require_once()
#1 C:\xampp\htdocs\ProyectoPaginaVentas\system\Autoloader\Autoloader.php(296): CodeIgniter\Autoloader\Autoloader->requireFile('C:\\xampp\\htdocs...')
#2 C:\xampp\htdocs\ProyectoPaginaVentas\system\Autoloader\Autoloader.php(258): CodeIgniter\Autoloader\Autoloader->loadInNamespace('App\\Controllers...')
#3 [internal function]: CodeIgniter\Autoloader\Autoloader->loadClass('App\\Controllers...')
#4 [internal function]: spl_autoload_call('App\\Controllers...')
#5 C:\xampp\htdocs\ProyectoPaginaVentas\system\CodeIgniter.php(869): class_exists('\\App\\Controller...', true)
#6 C:\xampp\htdocs\ProyectoPaginaVentas\system\CodeIgniter.php(394): CodeIgniter\CodeIgniter->startController()
#7 C:\xampp\htdocs\ProyectoPaginaVentas\system\CodeIgniter.php(312): CodeIgniter\CodeIgniter->handleRequest(NULL, Object(Config\Cache), false)
#8 C:\xampp\htdocs\ProyectoPaginaVentas\index.php(45): CodeIgniter\CodeIgniter->run()
#9 {main}
CRITICAL - 2020-10-02 18:16:44 --> Uncaught ErrorException: Undefined variable: viewFile in C:\xampp\htdocs\ProyectoPaginaVentas\system\Debug\Exceptions.php:308
Stack trace:
#0 C:\xampp\htdocs\ProyectoPaginaVentas\system\Debug\Exceptions.php(308): CodeIgniter\Debug\Exceptions->errorHandler(8, 'Undefined varia...', 'C:\\xampp\\htdocs...', 308, Array)
#1 C:\xampp\htdocs\ProyectoPaginaVentas\system\Debug\Exceptions.php(308): include()
#2 C:\xampp\htdocs\ProyectoPaginaVentas\system\Debug\Exceptions.php(174): CodeIgniter\Debug\Exceptions->render(Object(Error), 500)
#3 [internal function]: CodeIgniter\Debug\Exceptions->exceptionHandler(Object(Error))
#4 {main}
  thrown
#0 [internal function]: CodeIgniter\Debug\Exceptions->shutdownHandler()
#1 {main}
CRITICAL - 2020-10-02 18:16:45 --> Class 'App\Controllers\BaseController' not found
#0 C:\xampp\htdocs\ProyectoPaginaVentas\system\Autoloader\Autoloader.php(365): require_once()
#1 C:\xampp\htdocs\ProyectoPaginaVentas\system\Autoloader\Autoloader.php(296): CodeIgniter\Autoloader\Autoloader->requireFile('C:\\xampp\\htdocs...')
#2 C:\xampp\htdocs\ProyectoPaginaVentas\system\Autoloader\Autoloader.php(258): CodeIgniter\Autoloader\Autoloader->loadInNamespace('App\\Controllers...')
#3 [internal function]: CodeIgniter\Autoloader\Autoloader->loadClass('App\\Controllers...')
#4 [internal function]: spl_autoload_call('App\\Controllers...')
#5 C:\xampp\htdocs\ProyectoPaginaVentas\system\CodeIgniter.php(869): class_exists('\\App\\Controller...', true)
#6 C:\xampp\htdocs\ProyectoPaginaVentas\system\CodeIgniter.php(394): CodeIgniter\CodeIgniter->startController()
#7 C:\xampp\htdocs\ProyectoPaginaVentas\system\CodeIgniter.php(312): CodeIgniter\CodeIgniter->handleRequest(NULL, Object(Config\Cache), false)
#8 C:\xampp\htdocs\ProyectoPaginaVentas\index.php(45): CodeIgniter\CodeIgniter->run()
#9 {main}
CRITICAL - 2020-10-02 18:16:45 --> Uncaught ErrorException: Undefined variable: viewFile in C:\xampp\htdocs\ProyectoPaginaVentas\system\Debug\Exceptions.php:308
Stack trace:
#0 C:\xampp\htdocs\ProyectoPaginaVentas\system\Debug\Exceptions.php(308): CodeIgniter\Debug\Exceptions->errorHandler(8, 'Undefined varia...', 'C:\\xampp\\htdocs...', 308, Array)
#1 C:\xampp\htdocs\ProyectoPaginaVentas\system\Debug\Exceptions.php(308): include()
#2 C:\xampp\htdocs\ProyectoPaginaVentas\system\Debug\Exceptions.php(174): CodeIgniter\Debug\Exceptions->render(Object(Error), 500)
#3 [internal function]: CodeIgniter\Debug\Exceptions->exceptionHandler(Object(Error))
#4 {main}
  thrown
#0 [internal function]: CodeIgniter\Debug\Exceptions->shutdownHandler()
#1 {main}
