CRITICAL - 2021-01-06 00:01:14 --> "continue" targeting switch is equivalent to "break". Did you mean to use "continue 2"?
#0 D:\xampp\htdocs\SistemaVentas\system\Autoloader\Autoloader.php(365): CodeIgniter\Debug\Exceptions->errorHandler(2, '"continue" targ...', 'D:\\xampp\\htdocs...', 600, Array)
#1 D:\xampp\htdocs\SistemaVentas\system\Autoloader\Autoloader.php(365): require_once()
#2 D:\xampp\htdocs\SistemaVentas\system\Autoloader\Autoloader.php(296): CodeIgniter\Autoloader\Autoloader->requireFile('D:\\xampp\\htdocs...')
#3 D:\xampp\htdocs\SistemaVentas\system\Autoloader\Autoloader.php(258): CodeIgniter\Autoloader\Autoloader->loadInNamespace('Dompdf\\Dompdf')
#4 [internal function]: CodeIgniter\Autoloader\Autoloader->loadClass('Dompdf\\Dompdf')
#5 D:\xampp\htdocs\SistemaVentas\app\Controllers\VentasController.php(148): spl_autoload_call('Dompdf\\Dompdf')
#6 D:\xampp\htdocs\SistemaVentas\system\CodeIgniter.php(918): App\Controllers\VentasController->fpdf()
#7 D:\xampp\htdocs\SistemaVentas\system\CodeIgniter.php(404): CodeIgniter\CodeIgniter->runController(Object(App\Controllers\VentasController))
#8 D:\xampp\htdocs\SistemaVentas\system\CodeIgniter.php(312): CodeIgniter\CodeIgniter->handleRequest(NULL, Object(Config\Cache), false)
#9 D:\xampp\htdocs\SistemaVentas\index.php(45): CodeIgniter\CodeIgniter->run()
#10 {main}
CRITICAL - 2021-01-06 00:06:14 --> Class 'Dompdf\Cpdf' not found
#0 D:\xampp\htdocs\SistemaVentas\app\ThirdParty\dompdf\src\CanvasFactory.php(57): Dompdf\Adapter\CPDF->__construct('letter', 'portrait', Object(Dompdf\Dompdf))
#1 D:\xampp\htdocs\SistemaVentas\app\ThirdParty\dompdf\src\Dompdf.php(300): Dompdf\CanvasFactory::get_instance(Object(Dompdf\Dompdf), 'letter', 'portrait')
#2 D:\xampp\htdocs\SistemaVentas\app\Controllers\VentasController.php(148): Dompdf\Dompdf->__construct()
#3 D:\xampp\htdocs\SistemaVentas\system\CodeIgniter.php(918): App\Controllers\VentasController->fpdf()
#4 D:\xampp\htdocs\SistemaVentas\system\CodeIgniter.php(404): CodeIgniter\CodeIgniter->runController(Object(App\Controllers\VentasController))
#5 D:\xampp\htdocs\SistemaVentas\system\CodeIgniter.php(312): CodeIgniter\CodeIgniter->handleRequest(NULL, Object(Config\Cache), false)
#6 D:\xampp\htdocs\SistemaVentas\index.php(45): CodeIgniter\CodeIgniter->run()
#7 {main}
CRITICAL - 2021-01-06 00:11:45 --> Class 'Dompdf\Cpdf' not found
#0 D:\xampp\htdocs\SistemaVentas\app\ThirdParty\dompdf\src\CanvasFactory.php(57): Dompdf\Adapter\CPDF->__construct('letter', 'portrait', Object(Dompdf\Dompdf))
#1 D:\xampp\htdocs\SistemaVentas\app\ThirdParty\dompdf\src\Dompdf.php(300): Dompdf\CanvasFactory::get_instance(Object(Dompdf\Dompdf), 'letter', 'portrait')
#2 D:\xampp\htdocs\SistemaVentas\app\Controllers\VentasController.php(148): Dompdf\Dompdf->__construct()
#3 D:\xampp\htdocs\SistemaVentas\system\CodeIgniter.php(918): App\Controllers\VentasController->fpdf()
#4 D:\xampp\htdocs\SistemaVentas\system\CodeIgniter.php(404): CodeIgniter\CodeIgniter->runController(Object(App\Controllers\VentasController))
#5 D:\xampp\htdocs\SistemaVentas\system\CodeIgniter.php(312): CodeIgniter\CodeIgniter->handleRequest(NULL, Object(Config\Cache), false)
#6 D:\xampp\htdocs\SistemaVentas\index.php(45): CodeIgniter\CodeIgniter->run()
#7 {main}
CRITICAL - 2021-01-06 00:13:48 --> Class 'Dompdf\Cpdf' not found
#0 D:\xampp\htdocs\SistemaVentas\app\ThirdParty\dompdf\src\CanvasFactory.php(57): Dompdf\Adapter\CPDF->__construct('letter', 'portrait', Object(Dompdf\Dompdf))
#1 D:\xampp\htdocs\SistemaVentas\app\ThirdParty\dompdf\src\Dompdf.php(300): Dompdf\CanvasFactory::get_instance(Object(Dompdf\Dompdf), 'letter', 'portrait')
#2 D:\xampp\htdocs\SistemaVentas\app\Controllers\VentasController.php(148): Dompdf\Dompdf->__construct()
#3 D:\xampp\htdocs\SistemaVentas\system\CodeIgniter.php(918): App\Controllers\VentasController->fpdf()
#4 D:\xampp\htdocs\SistemaVentas\system\CodeIgniter.php(404): CodeIgniter\CodeIgniter->runController(Object(App\Controllers\VentasController))
#5 D:\xampp\htdocs\SistemaVentas\system\CodeIgniter.php(312): CodeIgniter\CodeIgniter->handleRequest(NULL, Object(Config\Cache), false)
#6 D:\xampp\htdocs\SistemaVentas\index.php(45): CodeIgniter\CodeIgniter->run()
#7 {main}
CRITICAL - 2021-01-06 00:17:47 --> Class 'Dompdf\Cpdf' not found
#0 D:\xampp\htdocs\SistemaVentas\app\ThirdParty\dompdf\src\CanvasFactory.php(57): Dompdf\Adapter\CPDF->__construct('letter', 'portrait', Object(Dompdf\Dompdf))
#1 D:\xampp\htdocs\SistemaVentas\app\ThirdParty\dompdf\src\Dompdf.php(300): Dompdf\CanvasFactory::get_instance(Object(Dompdf\Dompdf), 'letter', 'portrait')
#2 D:\xampp\htdocs\SistemaVentas\app\Controllers\VentasController.php(148): Dompdf\Dompdf->__construct()
#3 D:\xampp\htdocs\SistemaVentas\system\CodeIgniter.php(918): App\Controllers\VentasController->fpdf()
#4 D:\xampp\htdocs\SistemaVentas\system\CodeIgniter.php(404): CodeIgniter\CodeIgniter->runController(Object(App\Controllers\VentasController))
#5 D:\xampp\htdocs\SistemaVentas\system\CodeIgniter.php(312): CodeIgniter\CodeIgniter->handleRequest(NULL, Object(Config\Cache), false)
#6 D:\xampp\htdocs\SistemaVentas\index.php(45): CodeIgniter\CodeIgniter->run()
#7 {main}
CRITICAL - 2021-01-06 00:20:34 --> Class 'Dompdf\Dompdf' not found
#0 D:\xampp\htdocs\SistemaVentas\system\CodeIgniter.php(918): App\Controllers\VentasController->fpdf()
#1 D:\xampp\htdocs\SistemaVentas\system\CodeIgniter.php(404): CodeIgniter\CodeIgniter->runController(Object(App\Controllers\VentasController))
#2 D:\xampp\htdocs\SistemaVentas\system\CodeIgniter.php(312): CodeIgniter\CodeIgniter->handleRequest(NULL, Object(Config\Cache), false)
#3 D:\xampp\htdocs\SistemaVentas\index.php(45): CodeIgniter\CodeIgniter->run()
#4 {main}
CRITICAL - 2021-01-06 00:20:40 --> Class 'Dompdf\Dompdf' not found
#0 D:\xampp\htdocs\SistemaVentas\system\CodeIgniter.php(918): App\Controllers\VentasController->fpdf()
#1 D:\xampp\htdocs\SistemaVentas\system\CodeIgniter.php(404): CodeIgniter\CodeIgniter->runController(Object(App\Controllers\VentasController))
#2 D:\xampp\htdocs\SistemaVentas\system\CodeIgniter.php(312): CodeIgniter\CodeIgniter->handleRequest(NULL, Object(Config\Cache), false)
#3 D:\xampp\htdocs\SistemaVentas\index.php(45): CodeIgniter\CodeIgniter->run()
#4 {main}
CRITICAL - 2021-01-06 00:24:18 --> "continue" targeting switch is equivalent to "break". Did you mean to use "continue 2"?
#0 D:\xampp\htdocs\SistemaVentas\system\Autoloader\Autoloader.php(365): CodeIgniter\Debug\Exceptions->errorHandler(2, '"continue" targ...', 'D:\\xampp\\htdocs...', 616, Array)
#1 D:\xampp\htdocs\SistemaVentas\system\Autoloader\Autoloader.php(365): require_once()
#2 D:\xampp\htdocs\SistemaVentas\system\Autoloader\Autoloader.php(296): CodeIgniter\Autoloader\Autoloader->requireFile('D:\\xampp\\htdocs...')
#3 D:\xampp\htdocs\SistemaVentas\system\Autoloader\Autoloader.php(258): CodeIgniter\Autoloader\Autoloader->loadInNamespace('Dompdf\\Dompdf')
#4 [internal function]: CodeIgniter\Autoloader\Autoloader->loadClass('Dompdf\\Dompdf')
#5 D:\xampp\htdocs\SistemaVentas\app\Controllers\VentasController.php(148): spl_autoload_call('Dompdf\\Dompdf')
#6 D:\xampp\htdocs\SistemaVentas\system\CodeIgniter.php(918): App\Controllers\VentasController->fpdf()
#7 D:\xampp\htdocs\SistemaVentas\system\CodeIgniter.php(404): CodeIgniter\CodeIgniter->runController(Object(App\Controllers\VentasController))
#8 D:\xampp\htdocs\SistemaVentas\system\CodeIgniter.php(312): CodeIgniter\CodeIgniter->handleRequest(NULL, Object(Config\Cache), false)
#9 D:\xampp\htdocs\SistemaVentas\index.php(45): CodeIgniter\CodeIgniter->run()
#10 {main}
CRITICAL - 2021-01-06 00:27:19 --> Class 'Dompdf\Dompdf' not found
#0 D:\xampp\htdocs\SistemaVentas\system\CodeIgniter.php(918): App\Controllers\VentasController->fpdf()
#1 D:\xampp\htdocs\SistemaVentas\system\CodeIgniter.php(404): CodeIgniter\CodeIgniter->runController(Object(App\Controllers\VentasController))
#2 D:\xampp\htdocs\SistemaVentas\system\CodeIgniter.php(312): CodeIgniter\CodeIgniter->handleRequest(NULL, Object(Config\Cache), false)
#3 D:\xampp\htdocs\SistemaVentas\index.php(45): CodeIgniter\CodeIgniter->run()
#4 {main}
CRITICAL - 2021-01-06 00:29:19 --> require(ThirdParty/vendor/autoload.php): failed to open stream: No such file or directory
#0 D:\xampp\htdocs\SistemaVentas\app\Controllers\VentasController.php(8): CodeIgniter\Debug\Exceptions->errorHandler(2, 'require(ThirdPa...', 'D:\\xampp\\htdocs...', 8, Array)
#1 D:\xampp\htdocs\SistemaVentas\app\Controllers\VentasController.php(8): require()
#2 D:\xampp\htdocs\SistemaVentas\system\Router\Router.php(583): include_once('D:\\xampp\\htdocs...')
#3 D:\xampp\htdocs\SistemaVentas\system\Router\Router.php(195): CodeIgniter\Router\Router->autoRoute('VentasControlle...')
#4 D:\xampp\htdocs\SistemaVentas\system\CodeIgniter.php(793): CodeIgniter\Router\Router->handle('VentasControlle...')
#5 D:\xampp\htdocs\SistemaVentas\system\CodeIgniter.php(364): CodeIgniter\CodeIgniter->tryToRouteIt(Object(CodeIgniter\Router\RouteCollection))
#6 D:\xampp\htdocs\SistemaVentas\system\CodeIgniter.php(312): CodeIgniter\CodeIgniter->handleRequest(NULL, Object(Config\Cache), false)
#7 D:\xampp\htdocs\SistemaVentas\index.php(45): CodeIgniter\CodeIgniter->run()
#8 {main}
