CRITICAL - 2020-12-30 14:44:39 --> Undefined index: nombre
#0 C:\xampp\htdocs\SistemaVentas\app\Views\main\header.php(70): CodeIgniter\Debug\Exceptions->errorHandler(8, 'Undefined index...', 'C:\\xampp\\htdocs...', 70, Array)
#1 C:\xampp\htdocs\SistemaVentas\system\View\View.php(246): include('C:\\xampp\\htdocs...')
#2 C:\xampp\htdocs\SistemaVentas\system\Common.php(1119): CodeIgniter\View\View->render('main/header.php', Array, true)
#3 C:\xampp\htdocs\SistemaVentas\app\Controllers\Compra.php(48): view('main/header.php')
#4 C:\xampp\htdocs\SistemaVentas\system\CodeIgniter.php(918): App\Controllers\Compra->agregarViews()
#5 C:\xampp\htdocs\SistemaVentas\system\CodeIgniter.php(404): CodeIgniter\CodeIgniter->runController(Object(App\Controllers\Compra))
#6 C:\xampp\htdocs\SistemaVentas\system\CodeIgniter.php(312): CodeIgniter\CodeIgniter->handleRequest(NULL, Object(Config\Cache), false)
#7 C:\xampp\htdocs\SistemaVentas\index.php(45): CodeIgniter\CodeIgniter->run()
#8 {main}
CRITICAL - 2020-12-30 16:36:26 --> Invalid argument supplied for foreach()
#0 C:\xampp\htdocs\SistemaVentas\app\Controllers\Compra.php(59): CodeIgniter\Debug\Exceptions->errorHandler(2, 'Invalid argumen...', 'C:\\xampp\\htdocs...', 59, Array)
#1 C:\xampp\htdocs\SistemaVentas\system\CodeIgniter.php(918): App\Controllers\Compra->agregar()
#2 C:\xampp\htdocs\SistemaVentas\system\CodeIgniter.php(404): CodeIgniter\CodeIgniter->runController(Object(App\Controllers\Compra))
#3 C:\xampp\htdocs\SistemaVentas\system\CodeIgniter.php(312): CodeIgniter\CodeIgniter->handleRequest(NULL, Object(Config\Cache), false)
#4 C:\xampp\htdocs\SistemaVentas\index.php(45): CodeIgniter\CodeIgniter->run()
#5 {main}
CRITICAL - 2020-12-30 16:36:47 --> Invalid argument supplied for foreach()
#0 C:\xampp\htdocs\SistemaVentas\app\Controllers\Compra.php(59): CodeIgniter\Debug\Exceptions->errorHandler(2, 'Invalid argumen...', 'C:\\xampp\\htdocs...', 59, Array)
#1 C:\xampp\htdocs\SistemaVentas\system\CodeIgniter.php(918): App\Controllers\Compra->agregar()
#2 C:\xampp\htdocs\SistemaVentas\system\CodeIgniter.php(404): CodeIgniter\CodeIgniter->runController(Object(App\Controllers\Compra))
#3 C:\xampp\htdocs\SistemaVentas\system\CodeIgniter.php(312): CodeIgniter\CodeIgniter->handleRequest(NULL, Object(Config\Cache), false)
#4 C:\xampp\htdocs\SistemaVentas\index.php(45): CodeIgniter\CodeIgniter->run()
#5 {main}
CRITICAL - 2020-12-30 16:37:50 --> Invalid argument supplied for foreach()
#0 C:\xampp\htdocs\SistemaVentas\app\Controllers\Compra.php(59): CodeIgniter\Debug\Exceptions->errorHandler(2, 'Invalid argumen...', 'C:\\xampp\\htdocs...', 59, Array)
#1 C:\xampp\htdocs\SistemaVentas\system\CodeIgniter.php(918): App\Controllers\Compra->agregar()
#2 C:\xampp\htdocs\SistemaVentas\system\CodeIgniter.php(404): CodeIgniter\CodeIgniter->runController(Object(App\Controllers\Compra))
#3 C:\xampp\htdocs\SistemaVentas\system\CodeIgniter.php(312): CodeIgniter\CodeIgniter->handleRequest(NULL, Object(Config\Cache), false)
#4 C:\xampp\htdocs\SistemaVentas\index.php(45): CodeIgniter\CodeIgniter->run()
#5 {main}
CRITICAL - 2020-12-30 16:38:27 --> Invalid argument supplied for foreach()
#0 C:\xampp\htdocs\SistemaVentas\app\Controllers\Compra.php(60): CodeIgniter\Debug\Exceptions->errorHandler(2, 'Invalid argumen...', 'C:\\xampp\\htdocs...', 60, Array)
#1 C:\xampp\htdocs\SistemaVentas\system\CodeIgniter.php(918): App\Controllers\Compra->agregar()
#2 C:\xampp\htdocs\SistemaVentas\system\CodeIgniter.php(404): CodeIgniter\CodeIgniter->runController(Object(App\Controllers\Compra))
#3 C:\xampp\htdocs\SistemaVentas\system\CodeIgniter.php(312): CodeIgniter\CodeIgniter->handleRequest(NULL, Object(Config\Cache), false)
#4 C:\xampp\htdocs\SistemaVentas\index.php(45): CodeIgniter\CodeIgniter->run()
#5 {main}
CRITICAL - 2020-12-30 16:39:35 --> Illegal string offset 'id'
#0 C:\xampp\htdocs\SistemaVentas\app\Controllers\Compra.php(61): CodeIgniter\Debug\Exceptions->errorHandler(2, 'Illegal string ...', 'C:\\xampp\\htdocs...', 61, Array)
#1 C:\xampp\htdocs\SistemaVentas\system\CodeIgniter.php(918): App\Controllers\Compra->agregar()
#2 C:\xampp\htdocs\SistemaVentas\system\CodeIgniter.php(404): CodeIgniter\CodeIgniter->runController(Object(App\Controllers\Compra))
#3 C:\xampp\htdocs\SistemaVentas\system\CodeIgniter.php(312): CodeIgniter\CodeIgniter->handleRequest(NULL, Object(Config\Cache), false)
#4 C:\xampp\htdocs\SistemaVentas\index.php(45): CodeIgniter\CodeIgniter->run()
#5 {main}
CRITICAL - 2020-12-30 16:42:10 --> Invalid argument supplied for foreach()
#0 C:\xampp\htdocs\SistemaVentas\app\Controllers\Compra.php(60): CodeIgniter\Debug\Exceptions->errorHandler(2, 'Invalid argumen...', 'C:\\xampp\\htdocs...', 60, Array)
#1 C:\xampp\htdocs\SistemaVentas\system\CodeIgniter.php(918): App\Controllers\Compra->agregar()
#2 C:\xampp\htdocs\SistemaVentas\system\CodeIgniter.php(404): CodeIgniter\CodeIgniter->runController(Object(App\Controllers\Compra))
#3 C:\xampp\htdocs\SistemaVentas\system\CodeIgniter.php(312): CodeIgniter\CodeIgniter->handleRequest(NULL, Object(Config\Cache), false)
#4 C:\xampp\htdocs\SistemaVentas\index.php(45): CodeIgniter\CodeIgniter->run()
#5 {main}
CRITICAL - 2020-12-30 16:42:46 --> Trying to access array offset on value of type null
#0 C:\xampp\htdocs\SistemaVentas\app\Controllers\Compra.php(61): CodeIgniter\Debug\Exceptions->errorHandler(8, 'Trying to acces...', 'C:\\xampp\\htdocs...', 61, Array)
#1 C:\xampp\htdocs\SistemaVentas\system\CodeIgniter.php(918): App\Controllers\Compra->agregar()
#2 C:\xampp\htdocs\SistemaVentas\system\CodeIgniter.php(404): CodeIgniter\CodeIgniter->runController(Object(App\Controllers\Compra))
#3 C:\xampp\htdocs\SistemaVentas\system\CodeIgniter.php(312): CodeIgniter\CodeIgniter->handleRequest(NULL, Object(Config\Cache), false)
#4 C:\xampp\htdocs\SistemaVentas\index.php(45): CodeIgniter\CodeIgniter->run()
#5 {main}
CRITICAL - 2020-12-30 16:42:57 --> Trying to access array offset on value of type null
#0 C:\xampp\htdocs\SistemaVentas\app\Controllers\Compra.php(61): CodeIgniter\Debug\Exceptions->errorHandler(8, 'Trying to acces...', 'C:\\xampp\\htdocs...', 61, Array)
#1 C:\xampp\htdocs\SistemaVentas\system\CodeIgniter.php(918): App\Controllers\Compra->agregar()
#2 C:\xampp\htdocs\SistemaVentas\system\CodeIgniter.php(404): CodeIgniter\CodeIgniter->runController(Object(App\Controllers\Compra))
#3 C:\xampp\htdocs\SistemaVentas\system\CodeIgniter.php(312): CodeIgniter\CodeIgniter->handleRequest(NULL, Object(Config\Cache), false)
#4 C:\xampp\htdocs\SistemaVentas\index.php(45): CodeIgniter\CodeIgniter->run()
#5 {main}
CRITICAL - 2020-12-30 16:43:14 --> Trying to access array offset on value of type null
#0 C:\xampp\htdocs\SistemaVentas\app\Controllers\Compra.php(61): CodeIgniter\Debug\Exceptions->errorHandler(8, 'Trying to acces...', 'C:\\xampp\\htdocs...', 61, Array)
#1 C:\xampp\htdocs\SistemaVentas\system\CodeIgniter.php(918): App\Controllers\Compra->agregar()
#2 C:\xampp\htdocs\SistemaVentas\system\CodeIgniter.php(404): CodeIgniter\CodeIgniter->runController(Object(App\Controllers\Compra))
#3 C:\xampp\htdocs\SistemaVentas\system\CodeIgniter.php(312): CodeIgniter\CodeIgniter->handleRequest(NULL, Object(Config\Cache), false)
#4 C:\xampp\htdocs\SistemaVentas\index.php(45): CodeIgniter\CodeIgniter->run()
#5 {main}
CRITICAL - 2020-12-30 16:47:24 --> Cannot use object of type stdClass as array
#0 C:\xampp\htdocs\SistemaVentas\system\CodeIgniter.php(918): App\Controllers\Compra->agregar()
#1 C:\xampp\htdocs\SistemaVentas\system\CodeIgniter.php(404): CodeIgniter\CodeIgniter->runController(Object(App\Controllers\Compra))
#2 C:\xampp\htdocs\SistemaVentas\system\CodeIgniter.php(312): CodeIgniter\CodeIgniter->handleRequest(NULL, Object(Config\Cache), false)
#3 C:\xampp\htdocs\SistemaVentas\index.php(45): CodeIgniter\CodeIgniter->run()
#4 {main}
CRITICAL - 2020-12-30 20:18:59 --> Call to undefined method App\Models\CompraModel::comprobante
#0 C:\xampp\htdocs\SistemaVentas\app\Controllers\Compra.php(31): CodeIgniter\Model->__call('comprobante', Array)
#1 C:\xampp\htdocs\SistemaVentas\system\CodeIgniter.php(918): App\Controllers\Compra->agregarViews()
#2 C:\xampp\htdocs\SistemaVentas\system\CodeIgniter.php(404): CodeIgniter\CodeIgniter->runController(Object(App\Controllers\Compra))
#3 C:\xampp\htdocs\SistemaVentas\system\CodeIgniter.php(312): CodeIgniter\CodeIgniter->handleRequest(NULL, Object(Config\Cache), false)
#4 C:\xampp\htdocs\SistemaVentas\index.php(45): CodeIgniter\CodeIgniter->run()
#5 {main}
