CRITICAL - 2021-01-01 18:27:45 --> Object of class stdClass could not be converted to string
#0 D:\xampp\htdocs\SistemaVentas\system\CodeIgniter.php(918): App\Controllers\VentasController->procesarVenta()
#1 D:\xampp\htdocs\SistemaVentas\system\CodeIgniter.php(404): CodeIgniter\CodeIgniter->runController(Object(App\Controllers\VentasController))
#2 D:\xampp\htdocs\SistemaVentas\system\CodeIgniter.php(312): CodeIgniter\CodeIgniter->handleRequest(NULL, Object(Config\Cache), false)
#3 D:\xampp\htdocs\SistemaVentas\index.php(45): CodeIgniter\CodeIgniter->run()
#4 {main}
CRITICAL - 2021-01-01 19:04:21 --> Undefined variable: cliente
#0 D:\xampp\htdocs\SistemaVentas\app\Controllers\VentasController.php(69): CodeIgniter\Debug\Exceptions->errorHandler(8, 'Undefined varia...', 'D:\\xampp\\htdocs...', 69, Array)
#1 D:\xampp\htdocs\SistemaVentas\system\CodeIgniter.php(918): App\Controllers\VentasController->procesarVenta()
#2 D:\xampp\htdocs\SistemaVentas\system\CodeIgniter.php(404): CodeIgniter\CodeIgniter->runController(Object(App\Controllers\VentasController))
#3 D:\xampp\htdocs\SistemaVentas\system\CodeIgniter.php(312): CodeIgniter\CodeIgniter->handleRequest(NULL, Object(Config\Cache), false)
#4 D:\xampp\htdocs\SistemaVentas\index.php(45): CodeIgniter\CodeIgniter->run()
#5 {main}
CRITICAL - 2021-01-01 19:05:10 --> Undefined variable: idcliente
#0 D:\xampp\htdocs\SistemaVentas\app\Controllers\VentasController.php(71): CodeIgniter\Debug\Exceptions->errorHandler(8, 'Undefined varia...', 'D:\\xampp\\htdocs...', 71, Array)
#1 D:\xampp\htdocs\SistemaVentas\system\CodeIgniter.php(918): App\Controllers\VentasController->procesarVenta()
#2 D:\xampp\htdocs\SistemaVentas\system\CodeIgniter.php(404): CodeIgniter\CodeIgniter->runController(Object(App\Controllers\VentasController))
#3 D:\xampp\htdocs\SistemaVentas\system\CodeIgniter.php(312): CodeIgniter\CodeIgniter->handleRequest(NULL, Object(Config\Cache), false)
#4 D:\xampp\htdocs\SistemaVentas\index.php(45): CodeIgniter\CodeIgniter->run()
#5 {main}
CRITICAL - 2021-01-01 21:02:44 --> Array to string conversion
#0 D:\xampp\htdocs\SistemaVentas\app\Controllers\VentasController.php(72): CodeIgniter\Debug\Exceptions->errorHandler(8, 'Array to string...', 'D:\\xampp\\htdocs...', 72, Array)
#1 D:\xampp\htdocs\SistemaVentas\system\CodeIgniter.php(918): App\Controllers\VentasController->procesarVenta()
#2 D:\xampp\htdocs\SistemaVentas\system\CodeIgniter.php(404): CodeIgniter\CodeIgniter->runController(Object(App\Controllers\VentasController))
#3 D:\xampp\htdocs\SistemaVentas\system\CodeIgniter.php(312): CodeIgniter\CodeIgniter->handleRequest(NULL, Object(Config\Cache), false)
#4 D:\xampp\htdocs\SistemaVentas\index.php(45): CodeIgniter\CodeIgniter->run()
#5 {main}
CRITICAL - 2021-01-01 21:30:48 --> syntax error, unexpected '}', expecting ';' or ','
#0 D:\xampp\htdocs\SistemaVentas\system\Router\Router.php(195): CodeIgniter\Router\Router->autoRoute('VentasControlle...')
#1 D:\xampp\htdocs\SistemaVentas\system\CodeIgniter.php(793): CodeIgniter\Router\Router->handle('VentasControlle...')
#2 D:\xampp\htdocs\SistemaVentas\system\CodeIgniter.php(364): CodeIgniter\CodeIgniter->tryToRouteIt(Object(CodeIgniter\Router\RouteCollection))
#3 D:\xampp\htdocs\SistemaVentas\system\CodeIgniter.php(312): CodeIgniter\CodeIgniter->handleRequest(NULL, Object(Config\Cache), false)
#4 D:\xampp\htdocs\SistemaVentas\index.php(45): CodeIgniter\CodeIgniter->run()
#5 {main}
CRITICAL - 2021-01-01 21:57:29 --> Cannot add or update a child row: a foreign key constraint fails (`ventas_database`.`ventas`, CONSTRAINT `ventas_ibfk_3` FOREIGN KEY (`id_comprobante`) REFERENCES `comprobantes` (`id_comprobante`))
#0 D:\xampp\htdocs\SistemaVentas\system\Database\MySQLi\Connection.php(331): mysqli->query('INSERT INTO `ve...')
#1 D:\xampp\htdocs\SistemaVentas\system\Database\BaseConnection.php(741): CodeIgniter\Database\MySQLi\Connection->execute('INSERT INTO `ve...')
#2 D:\xampp\htdocs\SistemaVentas\system\Database\BaseConnection.php(669): CodeIgniter\Database\BaseConnection->simpleQuery('INSERT INTO `ve...')
#3 D:\xampp\htdocs\SistemaVentas\system\Database\BaseBuilder.php(2249): CodeIgniter\Database\BaseConnection->query('INSERT INTO `ve...', Array, false)
#4 D:\xampp\htdocs\SistemaVentas\system\Model.php(755): CodeIgniter\Database\BaseBuilder->insert()
#5 D:\xampp\htdocs\SistemaVentas\app\Controllers\VentasController.php(90): CodeIgniter\Model->insert(Array)
#6 D:\xampp\htdocs\SistemaVentas\system\CodeIgniter.php(918): App\Controllers\VentasController->procesarVenta()
#7 D:\xampp\htdocs\SistemaVentas\system\CodeIgniter.php(404): CodeIgniter\CodeIgniter->runController(Object(App\Controllers\VentasController))
#8 D:\xampp\htdocs\SistemaVentas\system\CodeIgniter.php(312): CodeIgniter\CodeIgniter->handleRequest(NULL, Object(Config\Cache), false)
#9 D:\xampp\htdocs\SistemaVentas\index.php(45): CodeIgniter\CodeIgniter->run()
#10 {main}
CRITICAL - 2021-01-01 22:47:46 --> syntax error, unexpected '$this' (T_VARIABLE)
#0 D:\xampp\htdocs\SistemaVentas\system\Router\Router.php(195): CodeIgniter\Router\Router->autoRoute('VentasControlle...')
#1 D:\xampp\htdocs\SistemaVentas\system\CodeIgniter.php(793): CodeIgniter\Router\Router->handle('VentasControlle...')
#2 D:\xampp\htdocs\SistemaVentas\system\CodeIgniter.php(364): CodeIgniter\CodeIgniter->tryToRouteIt(Object(CodeIgniter\Router\RouteCollection))
#3 D:\xampp\htdocs\SistemaVentas\system\CodeIgniter.php(312): CodeIgniter\CodeIgniter->handleRequest(NULL, Object(Config\Cache), false)
#4 D:\xampp\htdocs\SistemaVentas\index.php(45): CodeIgniter\CodeIgniter->run()
#5 {main}
CRITICAL - 2021-01-01 22:48:24 --> Cannot use App\Models\ProductoModel as ProductoModel because the name is already in use
#0 [internal function]: CodeIgniter\Debug\Exceptions->shutdownHandler()
#1 {main}
CRITICAL - 2021-01-01 23:04:09 --> Unknown column 'iddetalle_comprobante' in 'where clause'
#0 D:\xampp\htdocs\SistemaVentas\system\Database\MySQLi\Connection.php(331): mysqli->query('SELECT * FROM d...')
#1 D:\xampp\htdocs\SistemaVentas\system\Database\BaseConnection.php(741): CodeIgniter\Database\MySQLi\Connection->execute('SELECT * FROM d...')
#2 D:\xampp\htdocs\SistemaVentas\system\Database\BaseConnection.php(669): CodeIgniter\Database\BaseConnection->simpleQuery('SELECT * FROM d...')
#3 D:\xampp\htdocs\SistemaVentas\app\Models\DetalleCajaModel.php(35): CodeIgniter\Database\BaseConnection->query('SELECT * FROM d...')
#4 D:\xampp\htdocs\SistemaVentas\app\Controllers\VentasController.php(125): App\Models\DetalleCajaModel->getcomprobante('20')
#5 D:\xampp\htdocs\SistemaVentas\app\Controllers\VentasController.php(96): App\Controllers\VentasController->actualizar_comprobante('20')
#6 D:\xampp\htdocs\SistemaVentas\system\CodeIgniter.php(918): App\Controllers\VentasController->procesarVenta()
#7 D:\xampp\htdocs\SistemaVentas\system\CodeIgniter.php(404): CodeIgniter\CodeIgniter->runController(Object(App\Controllers\VentasController))
#8 D:\xampp\htdocs\SistemaVentas\system\CodeIgniter.php(312): CodeIgniter\CodeIgniter->handleRequest(NULL, Object(Config\Cache), false)
#9 D:\xampp\htdocs\SistemaVentas\index.php(45): CodeIgniter\CodeIgniter->run()
#10 {main}
CRITICAL - 2021-01-01 23:07:01 --> Unknown column 'detalle_caja_comprobante.iddetalle_comprobante' in 'where clause'
#0 D:\xampp\htdocs\SistemaVentas\system\Database\MySQLi\Connection.php(331): mysqli->query('UPDATE `detalle...')
#1 D:\xampp\htdocs\SistemaVentas\system\Database\BaseConnection.php(741): CodeIgniter\Database\MySQLi\Connection->execute('UPDATE `detalle...')
#2 D:\xampp\htdocs\SistemaVentas\system\Database\BaseConnection.php(669): CodeIgniter\Database\BaseConnection->simpleQuery('UPDATE `detalle...')
#3 D:\xampp\htdocs\SistemaVentas\system\Database\BaseBuilder.php(2456): CodeIgniter\Database\BaseConnection->query('UPDATE `detalle...', Array, false)
#4 D:\xampp\htdocs\SistemaVentas\system\Model.php(889): CodeIgniter\Database\BaseBuilder->update()
#5 D:\xampp\htdocs\SistemaVentas\app\Controllers\VentasController.php(127): CodeIgniter\Model->update(Array, Array)
#6 D:\xampp\htdocs\SistemaVentas\app\Controllers\VentasController.php(96): App\Controllers\VentasController->actualizar_comprobante('20')
#7 D:\xampp\htdocs\SistemaVentas\system\CodeIgniter.php(918): App\Controllers\VentasController->procesarVenta()
#8 D:\xampp\htdocs\SistemaVentas\system\CodeIgniter.php(404): CodeIgniter\CodeIgniter->runController(Object(App\Controllers\VentasController))
#9 D:\xampp\htdocs\SistemaVentas\system\CodeIgniter.php(312): CodeIgniter\CodeIgniter->handleRequest(NULL, Object(Config\Cache), false)
#10 D:\xampp\htdocs\SistemaVentas\index.php(45): CodeIgniter\CodeIgniter->run()
#11 {main}
CRITICAL - 2021-01-01 23:09:25 --> Undefined variable: precio_venta
#0 D:\xampp\htdocs\SistemaVentas\app\Controllers\VentasController.php(108): CodeIgniter\Debug\Exceptions->errorHandler(8, 'Undefined varia...', 'D:\\xampp\\htdocs...', 108, Array)
#1 D:\xampp\htdocs\SistemaVentas\app\Controllers\VentasController.php(97): App\Controllers\VentasController->detalleventa(6, Array, Array, Array, Array)
#2 D:\xampp\htdocs\SistemaVentas\system\CodeIgniter.php(918): App\Controllers\VentasController->procesarVenta()
#3 D:\xampp\htdocs\SistemaVentas\system\CodeIgniter.php(404): CodeIgniter\CodeIgniter->runController(Object(App\Controllers\VentasController))
#4 D:\xampp\htdocs\SistemaVentas\system\CodeIgniter.php(312): CodeIgniter\CodeIgniter->handleRequest(NULL, Object(Config\Cache), false)
#5 D:\xampp\htdocs\SistemaVentas\index.php(45): CodeIgniter\CodeIgniter->run()
#6 {main}
CRITICAL - 2021-01-01 23:10:53 --> Unknown column 'created_at' in 'field list'
#0 D:\xampp\htdocs\SistemaVentas\system\Database\MySQLi\Connection.php(331): mysqli->query('INSERT INTO `de...')
#1 D:\xampp\htdocs\SistemaVentas\system\Database\BaseConnection.php(741): CodeIgniter\Database\MySQLi\Connection->execute('INSERT INTO `de...')
#2 D:\xampp\htdocs\SistemaVentas\system\Database\BaseConnection.php(669): CodeIgniter\Database\BaseConnection->simpleQuery('INSERT INTO `de...')
#3 D:\xampp\htdocs\SistemaVentas\system\Database\BaseBuilder.php(2249): CodeIgniter\Database\BaseConnection->query('INSERT INTO `de...', Array, false)
#4 D:\xampp\htdocs\SistemaVentas\system\Model.php(755): CodeIgniter\Database\BaseBuilder->insert()
#5 D:\xampp\htdocs\SistemaVentas\app\Controllers\VentasController.php(110): CodeIgniter\Model->insert(Array)
#6 D:\xampp\htdocs\SistemaVentas\app\Controllers\VentasController.php(97): App\Controllers\VentasController->detalleventa(7, Array, Array, Array, Array)
#7 D:\xampp\htdocs\SistemaVentas\system\CodeIgniter.php(918): App\Controllers\VentasController->procesarVenta()
#8 D:\xampp\htdocs\SistemaVentas\system\CodeIgniter.php(404): CodeIgniter\CodeIgniter->runController(Object(App\Controllers\VentasController))
#9 D:\xampp\htdocs\SistemaVentas\system\CodeIgniter.php(312): CodeIgniter\CodeIgniter->handleRequest(NULL, Object(Config\Cache), false)
#10 D:\xampp\htdocs\SistemaVentas\index.php(45): CodeIgniter\CodeIgniter->run()
#11 {main}
