CRITICAL - 2021-01-22 00:03:43 --> file_get_contents() expects at least 1 parameter, 0 given
#0 [internal function]: CodeIgniter\Debug\Exceptions->errorHandler(2, 'file_get_conten...', 'D:\\xampp\\htdocs...', 115, Array)
#1 D:\xampp\htdocs\SistemaVentas\app\Controllers\FacturadorController.php(115): file_get_contents()
#2 D:\xampp\htdocs\SistemaVentas\app\Controllers\FacturadorController.php(109): App\Controllers\FacturadorController->firmarxml()
#3 D:\xampp\htdocs\SistemaVentas\system\CodeIgniter.php(918): App\Controllers\FacturadorController->enviarsunat()
#4 D:\xampp\htdocs\SistemaVentas\system\CodeIgniter.php(404): CodeIgniter\CodeIgniter->runController(Object(App\Controllers\FacturadorController))
#5 D:\xampp\htdocs\SistemaVentas\system\CodeIgniter.php(312): CodeIgniter\CodeIgniter->handleRequest(NULL, Object(Config\Cache), false)
#6 D:\xampp\htdocs\SistemaVentas\index.php(45): CodeIgniter\CodeIgniter->run()
#7 {main}
CRITICAL - 2021-01-22 00:04:47 --> file_get_contents() expects at least 1 parameter, 0 given
#0 [internal function]: CodeIgniter\Debug\Exceptions->errorHandler(2, 'file_get_conten...', 'D:\\xampp\\htdocs...', 115, Array)
#1 D:\xampp\htdocs\SistemaVentas\app\Controllers\FacturadorController.php(115): file_get_contents()
#2 D:\xampp\htdocs\SistemaVentas\app\Controllers\FacturadorController.php(109): App\Controllers\FacturadorController->firmarxml()
#3 D:\xampp\htdocs\SistemaVentas\system\CodeIgniter.php(918): App\Controllers\FacturadorController->enviarsunat()
#4 D:\xampp\htdocs\SistemaVentas\system\CodeIgniter.php(404): CodeIgniter\CodeIgniter->runController(Object(App\Controllers\FacturadorController))
#5 D:\xampp\htdocs\SistemaVentas\system\CodeIgniter.php(312): CodeIgniter\CodeIgniter->handleRequest(NULL, Object(Config\Cache), false)
#6 D:\xampp\htdocs\SistemaVentas\index.php(45): CodeIgniter\CodeIgniter->run()
#7 {main}
CRITICAL - 2021-01-22 00:05:16 --> Certificate File not found
#0 D:\xampp\htdocs\SistemaVentas\app\Controllers\FacturadorController.php(118): Greenter\XMLSecLibs\Sunat\SignedXml->setCertificateFromFile('http://localhos...')
#1 D:\xampp\htdocs\SistemaVentas\app\Controllers\FacturadorController.php(109): App\Controllers\FacturadorController->firmarxml()
#2 D:\xampp\htdocs\SistemaVentas\system\CodeIgniter.php(918): App\Controllers\FacturadorController->enviarsunat()
#3 D:\xampp\htdocs\SistemaVentas\system\CodeIgniter.php(404): CodeIgniter\CodeIgniter->runController(Object(App\Controllers\FacturadorController))
#4 D:\xampp\htdocs\SistemaVentas\system\CodeIgniter.php(312): CodeIgniter\CodeIgniter->handleRequest(NULL, Object(Config\Cache), false)
#5 D:\xampp\htdocs\SistemaVentas\index.php(45): CodeIgniter\CodeIgniter->run()
#6 {main}
CRITICAL - 2021-01-22 00:06:13 --> Certificate File not found
#0 D:\xampp\htdocs\SistemaVentas\app\Controllers\FacturadorController.php(118): Greenter\XMLSecLibs\Sunat\SignedXml->setCertificateFromFile('http://localhos...')
#1 D:\xampp\htdocs\SistemaVentas\app\Controllers\FacturadorController.php(109): App\Controllers\FacturadorController->firmarxml()
#2 D:\xampp\htdocs\SistemaVentas\system\CodeIgniter.php(918): App\Controllers\FacturadorController->enviarsunat()
#3 D:\xampp\htdocs\SistemaVentas\system\CodeIgniter.php(404): CodeIgniter\CodeIgniter->runController(Object(App\Controllers\FacturadorController))
#4 D:\xampp\htdocs\SistemaVentas\system\CodeIgniter.php(312): CodeIgniter\CodeIgniter->handleRequest(NULL, Object(Config\Cache), false)
#5 D:\xampp\htdocs\SistemaVentas\index.php(45): CodeIgniter\CodeIgniter->run()
#6 {main}
CRITICAL - 2021-01-22 00:06:39 --> Certificate File not found
#0 D:\xampp\htdocs\SistemaVentas\app\Controllers\FacturadorController.php(118): Greenter\XMLSecLibs\Sunat\SignedXml->setCertificateFromFile('http://localhos...')
#1 D:\xampp\htdocs\SistemaVentas\app\Controllers\FacturadorController.php(109): App\Controllers\FacturadorController->firmarxml()
#2 D:\xampp\htdocs\SistemaVentas\system\CodeIgniter.php(918): App\Controllers\FacturadorController->enviarsunat()
#3 D:\xampp\htdocs\SistemaVentas\system\CodeIgniter.php(404): CodeIgniter\CodeIgniter->runController(Object(App\Controllers\FacturadorController))
#4 D:\xampp\htdocs\SistemaVentas\system\CodeIgniter.php(312): CodeIgniter\CodeIgniter->handleRequest(NULL, Object(Config\Cache), false)
#5 D:\xampp\htdocs\SistemaVentas\index.php(45): CodeIgniter\CodeIgniter->run()
#6 {main}
CRITICAL - 2021-01-22 00:08:35 --> Certificate File not found
#0 D:\xampp\htdocs\SistemaVentas\app\Controllers\FacturadorController.php(118): Greenter\XMLSecLibs\Sunat\SignedXml->setCertificateFromFile('http://localhos...')
#1 D:\xampp\htdocs\SistemaVentas\app\Controllers\FacturadorController.php(109): App\Controllers\FacturadorController->firmarxml()
#2 D:\xampp\htdocs\SistemaVentas\system\CodeIgniter.php(918): App\Controllers\FacturadorController->enviarsunat()
#3 D:\xampp\htdocs\SistemaVentas\system\CodeIgniter.php(404): CodeIgniter\CodeIgniter->runController(Object(App\Controllers\FacturadorController))
#4 D:\xampp\htdocs\SistemaVentas\system\CodeIgniter.php(312): CodeIgniter\CodeIgniter->handleRequest(NULL, Object(Config\Cache), false)
#5 D:\xampp\htdocs\SistemaVentas\index.php(45): CodeIgniter\CodeIgniter->run()
#6 {main}
CRITICAL - 2021-01-22 00:09:56 --> Certificate File not found
#0 D:\xampp\htdocs\SistemaVentas\app\Controllers\FacturadorController.php(117): Greenter\XMLSecLibs\Sunat\SignedXml->setCertificateFromFile('http://localhos...')
#1 D:\xampp\htdocs\SistemaVentas\app\Controllers\FacturadorController.php(109): App\Controllers\FacturadorController->firmarxml()
#2 D:\xampp\htdocs\SistemaVentas\system\CodeIgniter.php(918): App\Controllers\FacturadorController->enviarsunat()
#3 D:\xampp\htdocs\SistemaVentas\system\CodeIgniter.php(404): CodeIgniter\CodeIgniter->runController(Object(App\Controllers\FacturadorController))
#4 D:\xampp\htdocs\SistemaVentas\system\CodeIgniter.php(312): CodeIgniter\CodeIgniter->handleRequest(NULL, Object(Config\Cache), false)
#5 D:\xampp\htdocs\SistemaVentas\index.php(45): CodeIgniter\CodeIgniter->run()
#6 {main}
CRITICAL - 2021-01-22 00:11:53 --> Undefined variable: base_url
#0 D:\xampp\htdocs\SistemaVentas\app\Controllers\FacturadorController.php(118): CodeIgniter\Debug\Exceptions->errorHandler(8, 'Undefined varia...', 'D:\\xampp\\htdocs...', 118, Array)
#1 D:\xampp\htdocs\SistemaVentas\app\Controllers\FacturadorController.php(109): App\Controllers\FacturadorController->firmarxml()
#2 D:\xampp\htdocs\SistemaVentas\system\CodeIgniter.php(918): App\Controllers\FacturadorController->enviarsunat()
#3 D:\xampp\htdocs\SistemaVentas\system\CodeIgniter.php(404): CodeIgniter\CodeIgniter->runController(Object(App\Controllers\FacturadorController))
#4 D:\xampp\htdocs\SistemaVentas\system\CodeIgniter.php(312): CodeIgniter\CodeIgniter->handleRequest(NULL, Object(Config\Cache), false)
#5 D:\xampp\htdocs\SistemaVentas\index.php(45): CodeIgniter\CodeIgniter->run()
#6 {main}
CRITICAL - 2021-01-22 00:12:24 --> syntax error, unexpected '$baseurl' (T_VARIABLE)
#0 D:\xampp\htdocs\SistemaVentas\system\Router\Router.php(195): CodeIgniter\Router\Router->autoRoute('FacturadorContr...')
#1 D:\xampp\htdocs\SistemaVentas\system\CodeIgniter.php(793): CodeIgniter\Router\Router->handle('FacturadorContr...')
#2 D:\xampp\htdocs\SistemaVentas\system\CodeIgniter.php(364): CodeIgniter\CodeIgniter->tryToRouteIt(Object(CodeIgniter\Router\RouteCollection))
#3 D:\xampp\htdocs\SistemaVentas\system\CodeIgniter.php(312): CodeIgniter\CodeIgniter->handleRequest(NULL, Object(Config\Cache), false)
#4 D:\xampp\htdocs\SistemaVentas\index.php(45): CodeIgniter\CodeIgniter->run()
#5 {main}
